ARM GAS  C:\Users\simhj\AppData\Local\Temp\ccbllrbP.s 			page 1


   1              		.syntax unified
   2              		.cpu cortex-m3
   3              		.fpu softvfp
   4              		.eabi_attribute 20, 1
   5              		.eabi_attribute 21, 1
   6              		.eabi_attribute 23, 3
   7              		.eabi_attribute 24, 1
   8              		.eabi_attribute 25, 1
   9              		.eabi_attribute 26, 1
  10              		.eabi_attribute 30, 1
  11              		.eabi_attribute 34, 1
  12              		.eabi_attribute 18, 4
  13              		.thumb
  14              		.syntax unified
  15              		.file	"cymetadata.c"
  16              		.text
  17              	.Ltext0:
  18              		.cfi_sections	.debug_frame
  19              		.global	cy_metadata
  20              		.global	cy_meta_flashprotect
  21              		.global	cy_meta_wonvl
  22              		.global	cy_meta_custnvl
  23              		.global	cy_meta_configecc
  24              		.section	.cyconfigecc,"a",%progbits
  25              		.align	2
  26              		.type	cy_meta_configecc, %object
  27              		.size	cy_meta_configecc, 1376
  28              	cy_meta_configecc:
  29 0000 02       		.byte	2
  30 0001 52       		.byte	82
  31 0002 00       		.byte	0
  32 0003 40       		.byte	64
  33 0004 02       		.byte	2
  34 0005 64       		.byte	100
  35 0006 00       		.byte	0
  36 0007 40       		.byte	64
  37 0008 02       		.byte	2
  38 0009 65       		.byte	101
  39 000a 00       		.byte	0
  40 000b 40       		.byte	64
  41 000c 49       		.byte	73
  42 000d 08       		.byte	8
  43 000e 01       		.byte	1
  44 000f 40       		.byte	64
  45 0010 3D       		.byte	61
  46 0011 09       		.byte	9
  47 0012 01       		.byte	1
  48 0013 40       		.byte	64
  49 0014 0E       		.byte	14
  50 0015 0A       		.byte	10
  51 0016 01       		.byte	1
  52 0017 40       		.byte	64
  53 0018 36       		.byte	54
  54 0019 0B       		.byte	11
  55 001a 01       		.byte	1
  56 001b 40       		.byte	64
  57 001c 02       		.byte	2
ARM GAS  C:\Users\simhj\AppData\Local\Temp\ccbllrbP.s 			page 2


  58 001d 17       		.byte	23
  59 001e 01       		.byte	1
  60 001f 40       		.byte	64
  61 0020 5A       		.byte	90
  62 0021 18       		.byte	24
  63 0022 01       		.byte	1
  64 0023 40       		.byte	64
  65 0024 46       		.byte	70
  66 0025 19       		.byte	25
  67 0026 01       		.byte	1
  68 0027 40       		.byte	64
  69 0028 15       		.byte	21
  70 0029 1A       		.byte	26
  71 002a 01       		.byte	1
  72 002b 40       		.byte	64
  73 002c 3F       		.byte	63
  74 002d 1B       		.byte	27
  75 002e 01       		.byte	1
  76 002f 40       		.byte	64
  77 0030 03       		.byte	3
  78 0031 40       		.byte	64
  79 0032 01       		.byte	1
  80 0033 40       		.byte	64
  81 0034 02       		.byte	2
  82 0035 41       		.byte	65
  83 0036 01       		.byte	1
  84 0037 40       		.byte	64
  85 0038 02       		.byte	2
  86 0039 42       		.byte	66
  87 003a 01       		.byte	1
  88 003b 40       		.byte	64
  89 003c 02       		.byte	2
  90 003d 43       		.byte	67
  91 003e 01       		.byte	1
  92 003f 40       		.byte	64
  93 0040 06       		.byte	6
  94 0041 45       		.byte	69
  95 0042 01       		.byte	1
  96 0043 40       		.byte	64
  97 0044 06       		.byte	6
  98 0045 46       		.byte	70
  99 0046 01       		.byte	1
 100 0047 40       		.byte	64
 101 0048 02       		.byte	2
 102 0049 47       		.byte	71
 103 004a 01       		.byte	1
 104 004b 40       		.byte	64
 105 004c 06       		.byte	6
 106 004d 48       		.byte	72
 107 004e 01       		.byte	1
 108 004f 40       		.byte	64
 109 0050 07       		.byte	7
 110 0051 4D       		.byte	77
 111 0052 01       		.byte	1
 112 0053 40       		.byte	64
 113 0054 04       		.byte	4
 114 0055 50       		.byte	80
ARM GAS  C:\Users\simhj\AppData\Local\Temp\ccbllrbP.s 			page 3


 115 0056 01       		.byte	1
 116 0057 40       		.byte	64
 117 0058 01       		.byte	1
 118 0059 51       		.byte	81
 119 005a 01       		.byte	1
 120 005b 40       		.byte	64
 121 005c 10       		.byte	16
 122 005d 08       		.byte	8
 123 005e 11       		.byte	17
 124 005f 28       		.byte	40
 125 0060 88       		.byte	-120
 126 0061 0F       		.byte	15
 127 0062 8A       		.byte	-118
 128 0063 0F       		.byte	15
 129 0064 88       		.byte	-120
 130 0065 38       		.byte	56
 131 0066 8B       		.byte	-117
 132 0067 72       		.byte	114
 133 0068 05       		.byte	5
 134 0069 01       		.byte	1
 135 006a 06       		.byte	6
 136 006b 10       		.byte	16
 137 006c 08       		.byte	8
 138 006d 04       		.byte	4
 139 006e 0A       		.byte	10
 140 006f 09       		.byte	9
 141 0070 0C       		.byte	12
 142 0071 0E       		.byte	14
 143 0072 12       		.byte	18
 144 0073 10       		.byte	16
 145 0074 14       		.byte	20
 146 0075 05       		.byte	5
 147 0076 16       		.byte	22
 148 0077 0A       		.byte	10
 149 0078 1A       		.byte	26
 150 0079 20       		.byte	32
 151 007a 20       		.byte	32
 152 007b 03       		.byte	3
 153 007c 22       		.byte	34
 154 007d 04       		.byte	4
 155 007e 26       		.byte	38
 156 007f 20       		.byte	32
 157 0080 30       		.byte	48
 158 0081 10       		.byte	16
 159 0082 32       		.byte	50
 160 0083 20       		.byte	32
 161 0084 35       		.byte	53
 162 0085 01       		.byte	1
 163 0086 36       		.byte	54
 164 0087 0F       		.byte	15
 165 0088 38       		.byte	56
 166 0089 80       		.byte	-128
 167 008a 3E       		.byte	62
 168 008b 05       		.byte	5
 169 008c 3F       		.byte	63
 170 008d 10       		.byte	16
 171 008e 40       		.byte	64
ARM GAS  C:\Users\simhj\AppData\Local\Temp\ccbllrbP.s 			page 4


 172 008f 36       		.byte	54
 173 0090 41       		.byte	65
 174 0091 02       		.byte	2
 175 0092 45       		.byte	69
 176 0093 0B       		.byte	11
 177 0094 47       		.byte	71
 178 0095 CE       		.byte	-50
 179 0096 48       		.byte	72
 180 0097 31       		.byte	49
 181 0098 49       		.byte	73
 182 0099 FF       		.byte	-1
 183 009a 4A       		.byte	74
 184 009b FF       		.byte	-1
 185 009c 4B       		.byte	75
 186 009d FF       		.byte	-1
 187 009e 4E       		.byte	78
 188 009f F0       		.byte	-16
 189 00a0 4F       		.byte	79
 190 00a1 44       		.byte	68
 191 00a2 50       		.byte	80
 192 00a3 0C       		.byte	12
 193 00a4 54       		.byte	84
 194 00a5 01       		.byte	1
 195 00a6 58       		.byte	88
 196 00a7 04       		.byte	4
 197 00a8 59       		.byte	89
 198 00a9 04       		.byte	4
 199 00aa 5A       		.byte	90
 200 00ab 04       		.byte	4
 201 00ac 5B       		.byte	91
 202 00ad 04       		.byte	4
 203 00ae 5D       		.byte	93
 204 00af 11       		.byte	17
 205 00b0 5F       		.byte	95
 206 00b1 01       		.byte	1
 207 00b2 66       		.byte	102
 208 00b3 C0       		.byte	-64
 209 00b4 6A       		.byte	106
 210 00b5 40       		.byte	64
 211 00b6 6B       		.byte	107
 212 00b7 02       		.byte	2
 213 00b8 80       		.byte	-128
 214 00b9 0D       		.byte	13
 215 00ba 84       		.byte	-124
 216 00bb 42       		.byte	66
 217 00bc 86       		.byte	-122
 218 00bd 88       		.byte	-120
 219 00be 88       		.byte	-120
 220 00bf 02       		.byte	2
 221 00c0 89       		.byte	-119
 222 00c1 03       		.byte	3
 223 00c2 8A       		.byte	-118
 224 00c3 0D       		.byte	13
 225 00c4 8C       		.byte	-116
 226 00c5 0D       		.byte	13
 227 00c6 8D       		.byte	-115
 228 00c7 03       		.byte	3
ARM GAS  C:\Users\simhj\AppData\Local\Temp\ccbllrbP.s 			page 5


 229 00c8 90       		.byte	-112
 230 00c9 0D       		.byte	13
 231 00ca 93       		.byte	-109
 232 00cb 03       		.byte	3
 233 00cc 94       		.byte	-108
 234 00cd E2       		.byte	-30
 235 00ce 96       		.byte	-106
 236 00cf 14       		.byte	20
 237 00d0 99       		.byte	-103
 238 00d1 03       		.byte	3
 239 00d2 9D       		.byte	-99
 240 00d3 03       		.byte	3
 241 00d4 A0       		.byte	-96
 242 00d5 11       		.byte	17
 243 00d6 A2       		.byte	-94
 244 00d7 A2       		.byte	-94
 245 00d8 A4       		.byte	-92
 246 00d9 0D       		.byte	13
 247 00da A8       		.byte	-88
 248 00db 0D       		.byte	13
 249 00dc AC       		.byte	-84
 250 00dd 40       		.byte	64
 251 00de AF       		.byte	-81
 252 00df 02       		.byte	2
 253 00e0 B0       		.byte	-80
 254 00e1 80       		.byte	-128
 255 00e2 B2       		.byte	-78
 256 00e3 0F       		.byte	15
 257 00e4 B3       		.byte	-77
 258 00e5 02       		.byte	2
 259 00e6 B4       		.byte	-76
 260 00e7 70       		.byte	112
 261 00e8 B5       		.byte	-75
 262 00e9 01       		.byte	1
 263 00ea BA       		.byte	-70
 264 00eb 28       		.byte	40
 265 00ec BE       		.byte	-66
 266 00ed 01       		.byte	1
 267 00ee BF       		.byte	-65
 268 00ef 14       		.byte	20
 269 00f0 D4       		.byte	-44
 270 00f1 09       		.byte	9
 271 00f2 D8       		.byte	-40
 272 00f3 04       		.byte	4
 273 00f4 D9       		.byte	-39
 274 00f5 04       		.byte	4
 275 00f6 DB       		.byte	-37
 276 00f7 04       		.byte	4
 277 00f8 DF       		.byte	-33
 278 00f9 01       		.byte	1
 279 00fa 00       		.byte	0
 280 00fb 40       		.byte	64
 281 00fc 03       		.byte	3
 282 00fd 68       		.byte	104
 283 00fe 05       		.byte	5
 284 00ff 54       		.byte	84
 285 0100 08       		.byte	8
ARM GAS  C:\Users\simhj\AppData\Local\Temp\ccbllrbP.s 			page 6


 286 0101 01       		.byte	1
 287 0102 0B       		.byte	11
 288 0103 10       		.byte	16
 289 0104 0D       		.byte	13
 290 0105 02       		.byte	2
 291 0106 0E       		.byte	14
 292 0107 04       		.byte	4
 293 0108 0F       		.byte	15
 294 0109 10       		.byte	16
 295 010a 10       		.byte	16
 296 010b 20       		.byte	32
 297 010c 11       		.byte	17
 298 010d 11       		.byte	17
 299 010e 12       		.byte	18
 300 010f 01       		.byte	1
 301 0110 13       		.byte	19
 302 0111 41       		.byte	65
 303 0112 15       		.byte	21
 304 0113 05       		.byte	5
 305 0114 19       		.byte	25
 306 0115 10       		.byte	16
 307 0116 1A       		.byte	26
 308 0117 40       		.byte	64
 309 0118 1B       		.byte	27
 310 0119 28       		.byte	40
 311 011a 1D       		.byte	29
 312 011b 40       		.byte	64
 313 011c 1F       		.byte	31
 314 011d 05       		.byte	5
 315 011e 20       		.byte	32
 316 011f 04       		.byte	4
 317 0120 21       		.byte	33
 318 0121 08       		.byte	8
 319 0122 27       		.byte	39
 320 0123 08       		.byte	8
 321 0124 2A       		.byte	42
 322 0125 40       		.byte	64
 323 0126 30       		.byte	48
 324 0127 21       		.byte	33
 325 0128 33       		.byte	51
 326 0129 41       		.byte	65
 327 012a 38       		.byte	56
 328 012b C0       		.byte	-64
 329 012c 39       		.byte	57
 330 012d 10       		.byte	16
 331 012e 3E       		.byte	62
 332 012f 08       		.byte	8
 333 0130 45       		.byte	69
 334 0131 04       		.byte	4
 335 0132 47       		.byte	71
 336 0133 20       		.byte	32
 337 0134 4C       		.byte	76
 338 0135 18       		.byte	24
 339 0136 56       		.byte	86
 340 0137 0A       		.byte	10
 341 0138 58       		.byte	88
 342 0139 10       		.byte	16
ARM GAS  C:\Users\simhj\AppData\Local\Temp\ccbllrbP.s 			page 7


 343 013a 59       		.byte	89
 344 013b 09       		.byte	9
 345 013c 5A       		.byte	90
 346 013d 40       		.byte	64
 347 013e 5C       		.byte	92
 348 013f 20       		.byte	32
 349 0140 5E       		.byte	94
 350 0141 80       		.byte	-128
 351 0142 5F       		.byte	95
 352 0143 0A       		.byte	10
 353 0144 63       		.byte	99
 354 0145 02       		.byte	2
 355 0146 90       		.byte	-112
 356 0147 80       		.byte	-128
 357 0148 91       		.byte	-111
 358 0149 10       		.byte	16
 359 014a 93       		.byte	-109
 360 014b 11       		.byte	17
 361 014c 94       		.byte	-108
 362 014d 04       		.byte	4
 363 014e 99       		.byte	-103
 364 014f 08       		.byte	8
 365 0150 9A       		.byte	-102
 366 0151 51       		.byte	81
 367 0152 9B       		.byte	-101
 368 0153 41       		.byte	65
 369 0154 9D       		.byte	-99
 370 0155 10       		.byte	16
 371 0156 A0       		.byte	-96
 372 0157 20       		.byte	32
 373 0158 A3       		.byte	-93
 374 0159 01       		.byte	1
 375 015a A7       		.byte	-89
 376 015b 20       		.byte	32
 377 015c B2       		.byte	-78
 378 015d 21       		.byte	33
 379 015e B4       		.byte	-76
 380 015f 80       		.byte	-128
 381 0160 C0       		.byte	-64
 382 0161 EF       		.byte	-17
 383 0162 C2       		.byte	-62
 384 0163 7C       		.byte	124
 385 0164 C4       		.byte	-60
 386 0165 3F       		.byte	63
 387 0166 CA       		.byte	-54
 388 0167 08       		.byte	8
 389 0168 CC       		.byte	-52
 390 0169 0D       		.byte	13
 391 016a CE       		.byte	-50
 392 016b 4C       		.byte	76
 393 016c D0       		.byte	-48
 394 016d 60       		.byte	96
 395 016e D2       		.byte	-46
 396 016f 20       		.byte	32
 397 0170 D6       		.byte	-42
 398 0171 FF       		.byte	-1
 399 0172 D8       		.byte	-40
ARM GAS  C:\Users\simhj\AppData\Local\Temp\ccbllrbP.s 			page 8


 400 0173 08       		.byte	8
 401 0174 88       		.byte	-120
 402 0175 24       		.byte	36
 403 0176 8A       		.byte	-118
 404 0177 1B       		.byte	27
 405 0178 8C       		.byte	-116
 406 0179 08       		.byte	8
 407 017a 8E       		.byte	-114
 408 017b 34       		.byte	52
 409 017c 94       		.byte	-108
 410 017d 14       		.byte	20
 411 017e 96       		.byte	-106
 412 017f 2B       		.byte	43
 413 0180 9A       		.byte	-102
 414 0181 02       		.byte	2
 415 0182 9C       		.byte	-100
 416 0183 0D       		.byte	13
 417 0184 9E       		.byte	-98
 418 0185 30       		.byte	48
 419 0186 B4       		.byte	-76
 420 0187 03       		.byte	3
 421 0188 B6       		.byte	-74
 422 0189 3C       		.byte	60
 423 018a BA       		.byte	-70
 424 018b 80       		.byte	-128
 425 018c D8       		.byte	-40
 426 018d 04       		.byte	4
 427 018e DF       		.byte	-33
 428 018f 01       		.byte	1
 429 0190 00       		.byte	0
 430 0191 02       		.byte	2
 431 0192 01       		.byte	1
 432 0193 90       		.byte	-112
 433 0194 03       		.byte	3
 434 0195 21       		.byte	33
 435 0196 05       		.byte	5
 436 0197 50       		.byte	80
 437 0198 09       		.byte	9
 438 0199 08       		.byte	8
 439 019a 0A       		.byte	10
 440 019b 05       		.byte	5
 441 019c 0B       		.byte	11
 442 019d 40       		.byte	64
 443 019e 0E       		.byte	14
 444 019f 08       		.byte	8
 445 01a0 0F       		.byte	15
 446 01a1 11       		.byte	17
 447 01a2 10       		.byte	16
 448 01a3 20       		.byte	32
 449 01a4 11       		.byte	17
 450 01a5 01       		.byte	1
 451 01a6 13       		.byte	19
 452 01a7 10       		.byte	16
 453 01a8 1A       		.byte	26
 454 01a9 04       		.byte	4
 455 01aa 1B       		.byte	27
 456 01ab 01       		.byte	1
ARM GAS  C:\Users\simhj\AppData\Local\Temp\ccbllrbP.s 			page 9


 457 01ac 1D       		.byte	29
 458 01ad 40       		.byte	64
 459 01ae 1E       		.byte	30
 460 01af 08       		.byte	8
 461 01b0 20       		.byte	32
 462 01b1 02       		.byte	2
 463 01b2 21       		.byte	33
 464 01b3 04       		.byte	4
 465 01b4 22       		.byte	34
 466 01b5 04       		.byte	4
 467 01b6 23       		.byte	35
 468 01b7 51       		.byte	81
 469 01b8 29       		.byte	41
 470 01b9 80       		.byte	-128
 471 01ba 2A       		.byte	42
 472 01bb 22       		.byte	34
 473 01bc 31       		.byte	49
 474 01bd 10       		.byte	16
 475 01be 32       		.byte	50
 476 01bf 04       		.byte	4
 477 01c0 33       		.byte	51
 478 01c1 40       		.byte	64
 479 01c2 39       		.byte	57
 480 01c3 14       		.byte	20
 481 01c4 3A       		.byte	58
 482 01c5 01       		.byte	1
 483 01c6 3B       		.byte	59
 484 01c7 40       		.byte	64
 485 01c8 3E       		.byte	62
 486 01c9 02       		.byte	2
 487 01ca 3F       		.byte	63
 488 01cb 01       		.byte	1
 489 01cc 40       		.byte	64
 490 01cd 84       		.byte	-124
 491 01ce 41       		.byte	65
 492 01cf 04       		.byte	4
 493 01d0 48       		.byte	72
 494 01d1 01       		.byte	1
 495 01d2 49       		.byte	73
 496 01d3 18       		.byte	24
 497 01d4 51       		.byte	81
 498 01d5 08       		.byte	8
 499 01d6 52       		.byte	82
 500 01d7 51       		.byte	81
 501 01d8 61       		.byte	97
 502 01d9 40       		.byte	64
 503 01da 68       		.byte	104
 504 01db 20       		.byte	32
 505 01dc 69       		.byte	105
 506 01dd 15       		.byte	21
 507 01de 6B       		.byte	107
 508 01df 41       		.byte	65
 509 01e0 70       		.byte	112
 510 01e1 40       		.byte	64
 511 01e2 72       		.byte	114
 512 01e3 01       		.byte	1
 513 01e4 86       		.byte	-122
ARM GAS  C:\Users\simhj\AppData\Local\Temp\ccbllrbP.s 			page 10


 514 01e5 04       		.byte	4
 515 01e6 8E       		.byte	-114
 516 01e7 04       		.byte	4
 517 01e8 C0       		.byte	-64
 518 01e9 CF       		.byte	-49
 519 01ea C2       		.byte	-62
 520 01eb EF       		.byte	-17
 521 01ec C4       		.byte	-60
 522 01ed 0E       		.byte	14
 523 01ee CA       		.byte	-54
 524 01ef 0D       		.byte	13
 525 01f0 CC       		.byte	-52
 526 01f1 0E       		.byte	14
 527 01f2 CE       		.byte	-50
 528 01f3 0F       		.byte	15
 529 01f4 D0       		.byte	-48
 530 01f5 07       		.byte	7
 531 01f6 D2       		.byte	-46
 532 01f7 0C       		.byte	12
 533 01f8 D8       		.byte	-40
 534 01f9 08       		.byte	8
 535 01fa E0       		.byte	-32
 536 01fb 02       		.byte	2
 537 01fc E2       		.byte	-30
 538 01fd 08       		.byte	8
 539 01fe E6       		.byte	-26
 540 01ff 01       		.byte	1
 541 0200 01       		.byte	1
 542 0201 03       		.byte	3
 543 0202 03       		.byte	3
 544 0203 14       		.byte	20
 545 0204 04       		.byte	4
 546 0205 0E       		.byte	14
 547 0206 05       		.byte	5
 548 0207 13       		.byte	19
 549 0208 07       		.byte	7
 550 0209 0C       		.byte	12
 551 020a 08       		.byte	8
 552 020b 0E       		.byte	14
 553 020c 0B       		.byte	11
 554 020d 08       		.byte	8
 555 020e 11       		.byte	17
 556 020f 0A       		.byte	10
 557 0210 12       		.byte	18
 558 0211 0C       		.byte	12
 559 0212 13       		.byte	19
 560 0213 14       		.byte	20
 561 0214 16       		.byte	22
 562 0215 0E       		.byte	14
 563 0216 18       		.byte	24
 564 0217 08       		.byte	8
 565 0218 19       		.byte	25
 566 0219 13       		.byte	19
 567 021a 1B       		.byte	27
 568 021b 04       		.byte	4
 569 021c 1C       		.byte	28
 570 021d 0C       		.byte	12
ARM GAS  C:\Users\simhj\AppData\Local\Temp\ccbllrbP.s 			page 11


 571 021e 24       		.byte	36
 572 021f 04       		.byte	4
 573 0220 26       		.byte	38
 574 0221 01       		.byte	1
 575 0222 2B       		.byte	43
 576 0223 15       		.byte	21
 577 0224 2E       		.byte	46
 578 0225 0E       		.byte	14
 579 0226 30       		.byte	48
 580 0227 0C       		.byte	12
 581 0228 32       		.byte	50
 582 0229 01       		.byte	1
 583 022a 33       		.byte	51
 584 022b 0F       		.byte	15
 585 022c 34       		.byte	52
 586 022d 02       		.byte	2
 587 022e 37       		.byte	55
 588 022f 10       		.byte	16
 589 0230 38       		.byte	56
 590 0231 20       		.byte	32
 591 0232 3B       		.byte	59
 592 0233 28       		.byte	40
 593 0234 3F       		.byte	63
 594 0235 40       		.byte	64
 595 0236 54       		.byte	84
 596 0237 18       		.byte	24
 597 0238 56       		.byte	86
 598 0239 04       		.byte	4
 599 023a 58       		.byte	88
 600 023b 04       		.byte	4
 601 023c 59       		.byte	89
 602 023d 04       		.byte	4
 603 023e 5B       		.byte	91
 604 023f 04       		.byte	4
 605 0240 5C       		.byte	92
 606 0241 11       		.byte	17
 607 0242 5D       		.byte	93
 608 0243 10       		.byte	16
 609 0244 5F       		.byte	95
 610 0245 01       		.byte	1
 611 0246 81       		.byte	-127
 612 0247 10       		.byte	16
 613 0248 83       		.byte	-125
 614 0249 40       		.byte	64
 615 024a 84       		.byte	-124
 616 024b 71       		.byte	113
 617 024c 86       		.byte	-122
 618 024d 0E       		.byte	14
 619 024e 87       		.byte	-121
 620 024f 20       		.byte	32
 621 0250 89       		.byte	-119
 622 0251 14       		.byte	20
 623 0252 8A       		.byte	-118
 624 0253 0C       		.byte	12
 625 0254 8C       		.byte	-116
 626 0255 2C       		.byte	44
 627 0256 8E       		.byte	-114
ARM GAS  C:\Users\simhj\AppData\Local\Temp\ccbllrbP.s 			page 12


 628 0257 43       		.byte	67
 629 0258 95       		.byte	-107
 630 0259 10       		.byte	16
 631 025a 97       		.byte	-105
 632 025b AC       		.byte	-84
 633 025c 99       		.byte	-103
 634 025d 0C       		.byte	12
 635 025e 9B       		.byte	-101
 636 025f 71       		.byte	113
 637 0260 9F       		.byte	-97
 638 0261 03       		.byte	3
 639 0262 A1       		.byte	-95
 640 0263 DC       		.byte	-36
 641 0264 A2       		.byte	-94
 642 0265 08       		.byte	8
 643 0266 A3       		.byte	-93
 644 0267 22       		.byte	34
 645 0268 A4       		.byte	-92
 646 0269 71       		.byte	113
 647 026a A6       		.byte	-90
 648 026b 06       		.byte	6
 649 026c A8       		.byte	-88
 650 026d 80       		.byte	-128
 651 026e A9       		.byte	-87
 652 026f 09       		.byte	9
 653 0270 AA       		.byte	-86
 654 0271 13       		.byte	19
 655 0272 AB       		.byte	-85
 656 0273 D0       		.byte	-48
 657 0274 B0       		.byte	-80
 658 0275 0F       		.byte	15
 659 0276 B2       		.byte	-78
 660 0277 C0       		.byte	-64
 661 0278 B4       		.byte	-76
 662 0279 30       		.byte	48
 663 027a B5       		.byte	-75
 664 027b E0       		.byte	-32
 665 027c B7       		.byte	-73
 666 027d 1F       		.byte	31
 667 027e B8       		.byte	-72
 668 027f 28       		.byte	40
 669 0280 BA       		.byte	-70
 670 0281 02       		.byte	2
 671 0282 BB       		.byte	-69
 672 0283 20       		.byte	32
 673 0284 BE       		.byte	-66
 674 0285 10       		.byte	16
 675 0286 C0       		.byte	-64
 676 0287 02       		.byte	2
 677 0288 C5       		.byte	-59
 678 0289 40       		.byte	64
 679 028a C9       		.byte	-55
 680 028b FF       		.byte	-1
 681 028c CA       		.byte	-54
 682 028d 07       		.byte	7
 683 028e CB       		.byte	-53
 684 028f FF       		.byte	-1
ARM GAS  C:\Users\simhj\AppData\Local\Temp\ccbllrbP.s 			page 13


 685 0290 CC       		.byte	-52
 686 0291 40       		.byte	64
 687 0292 CD       		.byte	-51
 688 0293 20       		.byte	32
 689 0294 CE       		.byte	-50
 690 0295 F0       		.byte	-16
 691 0296 CF       		.byte	-49
 692 0297 05       		.byte	5
 693 0298 D0       		.byte	-48
 694 0299 08       		.byte	8
 695 029a D4       		.byte	-44
 696 029b 40       		.byte	64
 697 029c D6       		.byte	-42
 698 029d 04       		.byte	4
 699 029e D8       		.byte	-40
 700 029f 04       		.byte	4
 701 02a0 D9       		.byte	-39
 702 02a1 04       		.byte	4
 703 02a2 DA       		.byte	-38
 704 02a3 04       		.byte	4
 705 02a4 DB       		.byte	-37
 706 02a5 04       		.byte	4
 707 02a6 DC       		.byte	-36
 708 02a7 11       		.byte	17
 709 02a8 DD       		.byte	-35
 710 02a9 01       		.byte	1
 711 02aa DF       		.byte	-33
 712 02ab 01       		.byte	1
 713 02ac E0       		.byte	-32
 714 02ad 40       		.byte	64
 715 02ae E1       		.byte	-31
 716 02af A8       		.byte	-88
 717 02b0 E2       		.byte	-30
 718 02b1 40       		.byte	64
 719 02b2 E3       		.byte	-29
 720 02b3 20       		.byte	32
 721 02b4 00       		.byte	0
 722 02b5 48       		.byte	72
 723 02b6 03       		.byte	3
 724 02b7 08       		.byte	8
 725 02b8 07       		.byte	7
 726 02b9 14       		.byte	20
 727 02ba 08       		.byte	8
 728 02bb 02       		.byte	2
 729 02bc 0A       		.byte	10
 730 02bd 40       		.byte	64
 731 02be 0E       		.byte	14
 732 02bf 20       		.byte	32
 733 02c0 0F       		.byte	15
 734 02c1 8A       		.byte	-118
 735 02c2 10       		.byte	16
 736 02c3 88       		.byte	-120
 737 02c4 11       		.byte	17
 738 02c5 08       		.byte	8
 739 02c6 15       		.byte	21
 740 02c7 08       		.byte	8
 741 02c8 17       		.byte	23
ARM GAS  C:\Users\simhj\AppData\Local\Temp\ccbllrbP.s 			page 14


 742 02c9 40       		.byte	64
 743 02ca 18       		.byte	24
 744 02cb 44       		.byte	68
 745 02cc 19       		.byte	25
 746 02cd 01       		.byte	1
 747 02ce 1B       		.byte	27
 748 02cf 08       		.byte	8
 749 02d0 1E       		.byte	30
 750 02d1 54       		.byte	84
 751 02d2 20       		.byte	32
 752 02d3 08       		.byte	8
 753 02d4 22       		.byte	34
 754 02d5 60       		.byte	96
 755 02d6 25       		.byte	37
 756 02d7 04       		.byte	4
 757 02d8 26       		.byte	38
 758 02d9 48       		.byte	72
 759 02da 27       		.byte	39
 760 02db 04       		.byte	4
 761 02dc 29       		.byte	41
 762 02dd 01       		.byte	1
 763 02de 2A       		.byte	42
 764 02df 20       		.byte	32
 765 02e0 2B       		.byte	43
 766 02e1 08       		.byte	8
 767 02e2 2C       		.byte	44
 768 02e3 08       		.byte	8
 769 02e4 32       		.byte	50
 770 02e5 68       		.byte	104
 771 02e6 35       		.byte	53
 772 02e7 01       		.byte	1
 773 02e8 36       		.byte	54
 774 02e9 20       		.byte	32
 775 02ea 37       		.byte	55
 776 02eb 20       		.byte	32
 777 02ec 38       		.byte	56
 778 02ed 28       		.byte	40
 779 02ee 3B       		.byte	59
 780 02ef 01       		.byte	1
 781 02f0 3D       		.byte	61
 782 02f1 08       		.byte	8
 783 02f2 3E       		.byte	62
 784 02f3 22       		.byte	34
 785 02f4 40       		.byte	64
 786 02f5 04       		.byte	4
 787 02f6 48       		.byte	72
 788 02f7 80       		.byte	-128
 789 02f8 4B       		.byte	75
 790 02f9 01       		.byte	1
 791 02fa 50       		.byte	80
 792 02fb 0C       		.byte	12
 793 02fc 5C       		.byte	92
 794 02fd 02       		.byte	2
 795 02fe 60       		.byte	96
 796 02ff 80       		.byte	-128
 797 0300 61       		.byte	97
 798 0301 08       		.byte	8
ARM GAS  C:\Users\simhj\AppData\Local\Temp\ccbllrbP.s 			page 15


 799 0302 62       		.byte	98
 800 0303 50       		.byte	80
 801 0304 67       		.byte	103
 802 0305 8A       		.byte	-118
 803 0306 80       		.byte	-128
 804 0307 80       		.byte	-128
 805 0308 87       		.byte	-121
 806 0309 40       		.byte	64
 807 030a 90       		.byte	-112
 808 030b 20       		.byte	32
 809 030c 93       		.byte	-109
 810 030d 0A       		.byte	10
 811 030e 95       		.byte	-107
 812 030f 04       		.byte	4
 813 0310 96       		.byte	-106
 814 0311 04       		.byte	4
 815 0312 9A       		.byte	-102
 816 0313 52       		.byte	82
 817 0314 9D       		.byte	-99
 818 0315 04       		.byte	4
 819 0316 9F       		.byte	-97
 820 0317 20       		.byte	32
 821 0318 A1       		.byte	-95
 822 0319 08       		.byte	8
 823 031a A4       		.byte	-92
 824 031b 08       		.byte	8
 825 031c A5       		.byte	-91
 826 031d 06       		.byte	6
 827 031e A6       		.byte	-90
 828 031f 40       		.byte	64
 829 0320 A8       		.byte	-88
 830 0321 20       		.byte	32
 831 0322 AA       		.byte	-86
 832 0323 0A       		.byte	10
 833 0324 AB       		.byte	-85
 834 0325 02       		.byte	2
 835 0326 B0       		.byte	-80
 836 0327 10       		.byte	16
 837 0328 B3       		.byte	-77
 838 0329 40       		.byte	64
 839 032a B4       		.byte	-76
 840 032b 04       		.byte	4
 841 032c B5       		.byte	-75
 842 032d 01       		.byte	1
 843 032e C0       		.byte	-64
 844 032f 67       		.byte	103
 845 0330 C2       		.byte	-62
 846 0331 F0       		.byte	-16
 847 0332 C4       		.byte	-60
 848 0333 AE       		.byte	-82
 849 0334 CA       		.byte	-54
 850 0335 25       		.byte	37
 851 0336 CC       		.byte	-52
 852 0337 AE       		.byte	-82
 853 0338 CE       		.byte	-50
 854 0339 E7       		.byte	-25
 855 033a D0       		.byte	-48
ARM GAS  C:\Users\simhj\AppData\Local\Temp\ccbllrbP.s 			page 16


 856 033b 04       		.byte	4
 857 033c D6       		.byte	-42
 858 033d 80       		.byte	-128
 859 033e D8       		.byte	-40
 860 033f BF       		.byte	-65
 861 0340 04       		.byte	4
 862 0341 12       		.byte	18
 863 0342 06       		.byte	6
 864 0343 45       		.byte	69
 865 0344 0C       		.byte	12
 866 0345 04       		.byte	4
 867 0346 0E       		.byte	14
 868 0347 38       		.byte	56
 869 0348 1C       		.byte	28
 870 0349 80       		.byte	-128
 871 034a 1D       		.byte	29
 872 034b 01       		.byte	1
 873 034c 24       		.byte	36
 874 034d 9F       		.byte	-97
 875 034e 28       		.byte	40
 876 034f 9F       		.byte	-97
 877 0350 2C       		.byte	44
 878 0351 09       		.byte	9
 879 0352 2E       		.byte	46
 880 0353 46       		.byte	70
 881 0354 30       		.byte	48
 882 0355 1C       		.byte	28
 883 0356 31       		.byte	49
 884 0357 01       		.byte	1
 885 0358 32       		.byte	50
 886 0359 03       		.byte	3
 887 035a 34       		.byte	52
 888 035b 60       		.byte	96
 889 035c 36       		.byte	54
 890 035d 80       		.byte	-128
 891 035e 3E       		.byte	62
 892 035f 10       		.byte	16
 893 0360 3F       		.byte	63
 894 0361 01       		.byte	1
 895 0362 58       		.byte	88
 896 0363 04       		.byte	4
 897 0364 59       		.byte	89
 898 0365 04       		.byte	4
 899 0366 5C       		.byte	92
 900 0367 01       		.byte	1
 901 0368 5F       		.byte	95
 902 0369 01       		.byte	1
 903 036a 00       		.byte	0
 904 036b 40       		.byte	64
 905 036c 01       		.byte	1
 906 036d 08       		.byte	8
 907 036e 06       		.byte	6
 908 036f 04       		.byte	4
 909 0370 07       		.byte	7
 910 0371 60       		.byte	96
 911 0372 09       		.byte	9
 912 0373 40       		.byte	64
ARM GAS  C:\Users\simhj\AppData\Local\Temp\ccbllrbP.s 			page 17


 913 0374 0C       		.byte	12
 914 0375 04       		.byte	4
 915 0376 0E       		.byte	14
 916 0377 20       		.byte	32
 917 0378 0F       		.byte	15
 918 0379 80       		.byte	-128
 919 037a 10       		.byte	16
 920 037b 2A       		.byte	42
 921 037c 17       		.byte	23
 922 037d 15       		.byte	21
 923 037e 18       		.byte	24
 924 037f 40       		.byte	64
 925 0380 19       		.byte	25
 926 0381 08       		.byte	8
 927 0382 1A       		.byte	26
 928 0383 40       		.byte	64
 929 0384 1B       		.byte	27
 930 0385 55       		.byte	85
 931 0386 1D       		.byte	29
 932 0387 04       		.byte	4
 933 0388 1E       		.byte	30
 934 0389 80       		.byte	-128
 935 038a 22       		.byte	34
 936 038b 01       		.byte	1
 937 038c 26       		.byte	38
 938 038d 10       		.byte	16
 939 038e 27       		.byte	39
 940 038f 50       		.byte	80
 941 0390 2D       		.byte	45
 942 0391 08       		.byte	8
 943 0392 2E       		.byte	46
 944 0393 60       		.byte	96
 945 0394 2F       		.byte	47
 946 0395 40       		.byte	64
 947 0396 32       		.byte	50
 948 0397 40       		.byte	64
 949 0398 34       		.byte	52
 950 0399 04       		.byte	4
 951 039a 37       		.byte	55
 952 039b 51       		.byte	81
 953 039c 3C       		.byte	60
 954 039d 01       		.byte	1
 955 039e 3E       		.byte	62
 956 039f 18       		.byte	24
 957 03a0 3F       		.byte	63
 958 03a1 80       		.byte	-128
 959 03a2 45       		.byte	69
 960 03a3 80       		.byte	-128
 961 03a4 47       		.byte	71
 962 03a5 14       		.byte	20
 963 03a6 4D       		.byte	77
 964 03a7 04       		.byte	4
 965 03a8 4F       		.byte	79
 966 03a9 A0       		.byte	-96
 967 03aa 55       		.byte	85
 968 03ab 02       		.byte	2
 969 03ac 5E       		.byte	94
ARM GAS  C:\Users\simhj\AppData\Local\Temp\ccbllrbP.s 			page 18


 970 03ad 80       		.byte	-128
 971 03ae 6C       		.byte	108
 972 03af 28       		.byte	40
 973 03b0 6D       		.byte	109
 974 03b1 80       		.byte	-128
 975 03b2 76       		.byte	118
 976 03b3 2C       		.byte	44
 977 03b4 77       		.byte	119
 978 03b5 21       		.byte	33
 979 03b6 80       		.byte	-128
 980 03b7 01       		.byte	1
 981 03b8 81       		.byte	-127
 982 03b9 84       		.byte	-124
 983 03ba 83       		.byte	-125
 984 03bb 04       		.byte	4
 985 03bc 86       		.byte	-122
 986 03bd 01       		.byte	1
 987 03be 88       		.byte	-120
 988 03bf 02       		.byte	2
 989 03c0 89       		.byte	-119
 990 03c1 04       		.byte	4
 991 03c2 8B       		.byte	-117
 992 03c3 40       		.byte	64
 993 03c4 92       		.byte	-110
 994 03c5 90       		.byte	-112
 995 03c6 95       		.byte	-107
 996 03c7 0C       		.byte	12
 997 03c8 9B       		.byte	-101
 998 03c9 04       		.byte	4
 999 03ca 9D       		.byte	-99
 1000 03cb 04       		.byte	4
 1001 03cc 9F       		.byte	-97
 1002 03cd 50       		.byte	80
 1003 03ce A5       		.byte	-91
 1004 03cf 02       		.byte	2
 1005 03d0 A6       		.byte	-90
 1006 03d1 10       		.byte	16
 1007 03d2 A7       		.byte	-89
 1008 03d3 45       		.byte	69
 1009 03d4 C0       		.byte	-64
 1010 03d5 75       		.byte	117
 1011 03d6 C2       		.byte	-62
 1012 03d7 31       		.byte	49
 1013 03d8 C4       		.byte	-60
 1014 03d9 77       		.byte	119
 1015 03da CA       		.byte	-54
 1016 03db F0       		.byte	-16
 1017 03dc CC       		.byte	-52
 1018 03dd F8       		.byte	-8
 1019 03de CE       		.byte	-50
 1020 03df F0       		.byte	-16
 1021 03e0 D0       		.byte	-48
 1022 03e1 70       		.byte	112
 1023 03e2 D2       		.byte	-46
 1024 03e3 30       		.byte	48
 1025 03e4 D6       		.byte	-42
 1026 03e5 10       		.byte	16
ARM GAS  C:\Users\simhj\AppData\Local\Temp\ccbllrbP.s 			page 19


 1027 03e6 E4       		.byte	-28
 1028 03e7 02       		.byte	2
 1029 03e8 32       		.byte	50
 1030 03e9 40       		.byte	64
 1031 03ea 35       		.byte	53
 1032 03eb 80       		.byte	-128
 1033 03ec CC       		.byte	-52
 1034 03ed 30       		.byte	48
 1035 03ee 96       		.byte	-106
 1036 03ef 80       		.byte	-128
 1037 03f0 9D       		.byte	-99
 1038 03f1 80       		.byte	-128
 1039 03f2 96       		.byte	-106
 1040 03f3 80       		.byte	-128
 1041 03f4 9D       		.byte	-99
 1042 03f5 80       		.byte	-128
 1043 03f6 96       		.byte	-106
 1044 03f7 80       		.byte	-128
 1045 03f8 9D       		.byte	-99
 1046 03f9 80       		.byte	-128
 1047 03fa 08       		.byte	8
 1048 03fb 02       		.byte	2
 1049 03fc 5F       		.byte	95
 1050 03fd 80       		.byte	-128
 1051 03fe 60       		.byte	96
 1052 03ff 20       		.byte	32
 1053 0400 C2       		.byte	-62
 1054 0401 08       		.byte	8
 1055 0402 D6       		.byte	-42
 1056 0403 04       		.byte	4
 1057 0404 D8       		.byte	-40
 1058 0405 02       		.byte	2
 1059 0406 87       		.byte	-121
 1060 0407 80       		.byte	-128
 1061 0408 8C       		.byte	-116
 1062 0409 20       		.byte	32
 1063 040a 98       		.byte	-104
 1064 040b 02       		.byte	2
 1065 040c 9C       		.byte	-100
 1066 040d 20       		.byte	32
 1067 040e 9F       		.byte	-97
 1068 040f 80       		.byte	-128
 1069 0410 E0       		.byte	-32
 1070 0411 02       		.byte	2
 1071 0412 B4       		.byte	-76
 1072 0413 02       		.byte	2
 1073 0414 EA       		.byte	-22
 1074 0415 08       		.byte	8
 1075 0416 82       		.byte	-126
 1076 0417 40       		.byte	64
 1077 0418 85       		.byte	-123
 1078 0419 80       		.byte	-128
 1079 041a 96       		.byte	-106
 1080 041b 80       		.byte	-128
 1081 041c 9D       		.byte	-99
 1082 041d 80       		.byte	-128
 1083 041e E2       		.byte	-30
ARM GAS  C:\Users\simhj\AppData\Local\Temp\ccbllrbP.s 			page 20


 1084 041f 10       		.byte	16
 1085 0420 E6       		.byte	-26
 1086 0421 80       		.byte	-128
 1087 0422 10       		.byte	16
 1088 0423 80       		.byte	-128
 1089 0424 74       		.byte	116
 1090 0425 04       		.byte	4
 1091 0426 84       		.byte	-124
 1092 0427 04       		.byte	4
 1093 0428 88       		.byte	-120
 1094 0429 80       		.byte	-128
 1095 042a C4       		.byte	-60
 1096 042b 08       		.byte	8
 1097 042c DE       		.byte	-34
 1098 042d 04       		.byte	4
 1099 042e E6       		.byte	-26
 1100 042f 01       		.byte	1
 1101 0430 00       		.byte	0
 1102 0431 03       		.byte	3
 1103 0432 0C       		.byte	12
 1104 0433 03       		.byte	3
 1105 0434 10       		.byte	16
 1106 0435 03       		.byte	3
 1107 0436 1C       		.byte	28
 1108 0437 03       		.byte	3
 1109 0438 00       		.byte	0
 1110 0439 0F       		.byte	15
 1111 043a 00       		.byte	0
 1112 043b 00       		.byte	0
 1113 043c 80       		.byte	-128
 1114 043d 80       		.byte	-128
 1115 043e 00       		.byte	0
 1116 043f 00       		.byte	0
 1117 0440 40       		.byte	64
 1118 0441 00       		.byte	0
 1119 0442 00       		.byte	0
 1120 0443 00       		.byte	0
 1121 0444 07       		.byte	7
 1122 0445 02       		.byte	2
 1123 0446 38       		.byte	56
 1124 0447 00       		.byte	0
 1125 0448 56       		.byte	86
 1126 0449 98       		.byte	-104
 1127 044a 09       		.byte	9
 1128 044b 02       		.byte	2
 1129 044c 00       		.byte	0
 1130 044d 02       		.byte	2
 1131 044e 04       		.byte	4
 1132 044f 98       		.byte	-104
 1133 0450 04       		.byte	4
 1134 0451 38       		.byte	56
 1135 0452 00       		.byte	0
 1136 0453 C0       		.byte	-64
 1137 0454 04       		.byte	4
 1138 0455 00       		.byte	0
 1139 0456 00       		.byte	0
 1140 0457 00       		.byte	0
ARM GAS  C:\Users\simhj\AppData\Local\Temp\ccbllrbP.s 			page 21


 1141 0458 60       		.byte	96
 1142 0459 21       		.byte	33
 1143 045a 00       		.byte	0
 1144 045b D8       		.byte	-40
 1145 045c 01       		.byte	1
 1146 045d FC       		.byte	-4
 1147 045e 00       		.byte	0
 1148 045f 03       		.byte	3
 1149 0460 04       		.byte	4
 1150 0461 9A       		.byte	-102
 1151 0462 00       		.byte	0
 1152 0463 00       		.byte	0
 1153 0464 04       		.byte	4
 1154 0465 13       		.byte	19
 1155 0466 00       		.byte	0
 1156 0467 64       		.byte	100
 1157 0468 04       		.byte	4
 1158 0469 00       		.byte	0
 1159 046a 00       		.byte	0
 1160 046b 00       		.byte	0
 1161 046c 0A       		.byte	10
 1162 046d 9A       		.byte	-102
 1163 046e 10       		.byte	16
 1164 046f 00       		.byte	0
 1165 0470 00       		.byte	0
 1166 0471 98       		.byte	-104
 1167 0472 00       		.byte	0
 1168 0473 02       		.byte	2
 1169 0474 02       		.byte	2
 1170 0475 E0       		.byte	-32
 1171 0476 00       		.byte	0
 1172 0477 0F       		.byte	15
 1173 0478 7F       		.byte	127
 1174 0479 00       		.byte	0
 1175 047a 00       		.byte	0
 1176 047b 13       		.byte	19
 1177 047c 20       		.byte	32
 1178 047d 00       		.byte	0
 1179 047e 00       		.byte	0
 1180 047f 0A       		.byte	10
 1181 0480 00       		.byte	0
 1182 0481 00       		.byte	0
 1183 0482 01       		.byte	1
 1184 0483 00       		.byte	0
 1185 0484 36       		.byte	54
 1186 0485 05       		.byte	5
 1187 0486 20       		.byte	32
 1188 0487 00       		.byte	0
 1189 0488 04       		.byte	4
 1190 0489 0E       		.byte	14
 1191 048a FD       		.byte	-3
 1192 048b CB       		.byte	-53
 1193 048c 3D       		.byte	61
 1194 048d FF       		.byte	-1
 1195 048e FF       		.byte	-1
 1196 048f FF       		.byte	-1
 1197 0490 22       		.byte	34
ARM GAS  C:\Users\simhj\AppData\Local\Temp\ccbllrbP.s 			page 22


 1198 0491 00       		.byte	0
 1199 0492 F0       		.byte	-16
 1200 0493 08       		.byte	8
 1201 0494 04       		.byte	4
 1202 0495 00       		.byte	0
 1203 0496 00       		.byte	0
 1204 0497 00       		.byte	0
 1205 0498 00       		.byte	0
 1206 0499 00       		.byte	0
 1207 049a 02       		.byte	2
 1208 049b 20       		.byte	32
 1209 049c 04       		.byte	4
 1210 049d 04       		.byte	4
 1211 049e 04       		.byte	4
 1212 049f 04       		.byte	4
 1213 04a0 00       		.byte	0
 1214 04a1 00       		.byte	0
 1215 04a2 00       		.byte	0
 1216 04a3 01       		.byte	1
 1217 04a4 00       		.byte	0
 1218 04a5 00       		.byte	0
 1219 04a6 C0       		.byte	-64
 1220 04a7 00       		.byte	0
 1221 04a8 40       		.byte	64
 1222 04a9 01       		.byte	1
 1223 04aa 10       		.byte	16
 1224 04ab 11       		.byte	17
 1225 04ac C0       		.byte	-64
 1226 04ad 01       		.byte	1
 1227 04ae 00       		.byte	0
 1228 04af 11       		.byte	17
 1229 04b0 40       		.byte	64
 1230 04b1 01       		.byte	1
 1231 04b2 40       		.byte	64
 1232 04b3 01       		.byte	1
 1233 04b4 00       		.byte	0
 1234 04b5 00       		.byte	0
 1235 04b6 00       		.byte	0
 1236 04b7 00       		.byte	0
 1237 04b8 00       		.byte	0
 1238 04b9 00       		.byte	0
 1239 04ba 00       		.byte	0
 1240 04bb 00       		.byte	0
 1241 04bc 00       		.byte	0
 1242 04bd 00       		.byte	0
 1243 04be 00       		.byte	0
 1244 04bf 00       		.byte	0
 1245 04c0 00       		.byte	0
 1246 04c1 00       		.byte	0
 1247 04c2 00       		.byte	0
 1248 04c3 00       		.byte	0
 1249 04c4 0E       		.byte	14
 1250 04c5 FF       		.byte	-1
 1251 04c6 01       		.byte	1
 1252 04c7 00       		.byte	0
 1253 04c8 06       		.byte	6
 1254 04c9 04       		.byte	4
ARM GAS  C:\Users\simhj\AppData\Local\Temp\ccbllrbP.s 			page 23


 1255 04ca 00       		.byte	0
 1256 04cb 00       		.byte	0
 1257 04cc 02       		.byte	2
 1258 04cd 00       		.byte	0
 1259 04ce 00       		.byte	0
 1260 04cf 40       		.byte	64
 1261 04d0 00       		.byte	0
 1262 04d1 00       		.byte	0
 1263 04d2 00       		.byte	0
 1264 04d3 B3       		.byte	-77
 1265 04d4 00       		.byte	0
 1266 04d5 08       		.byte	8
 1267 04d6 01       		.byte	1
 1268 04d7 00       		.byte	0
 1269 04d8 0F       		.byte	15
 1270 04d9 4C       		.byte	76
 1271 04da 00       		.byte	0
 1272 04db A3       		.byte	-93
 1273 04dc 00       		.byte	0
 1274 04dd F3       		.byte	-13
 1275 04de 00       		.byte	0
 1276 04df 0C       		.byte	12
 1277 04e0 00       		.byte	0
 1278 04e1 4F       		.byte	79
 1279 04e2 00       		.byte	0
 1280 04e3 90       		.byte	-112
 1281 04e4 04       		.byte	4
 1282 04e5 41       		.byte	65
 1283 04e6 00       		.byte	0
 1284 04e7 00       		.byte	0
 1285 04e8 0F       		.byte	15
 1286 04e9 02       		.byte	2
 1287 04ea 00       		.byte	0
 1288 04eb 00       		.byte	0
 1289 04ec 09       		.byte	9
 1290 04ed 0C       		.byte	12
 1291 04ee 06       		.byte	6
 1292 04ef 00       		.byte	0
 1293 04f0 00       		.byte	0
 1294 04f1 03       		.byte	3
 1295 04f2 00       		.byte	0
 1296 04f3 00       		.byte	0
 1297 04f4 08       		.byte	8
 1298 04f5 8C       		.byte	-116
 1299 04f6 07       		.byte	7
 1300 04f7 0F       		.byte	15
 1301 04f8 00       		.byte	0
 1302 04f9 7C       		.byte	124
 1303 04fa 00       		.byte	0
 1304 04fb 00       		.byte	0
 1305 04fc 00       		.byte	0
 1306 04fd 00       		.byte	0
 1307 04fe 00       		.byte	0
 1308 04ff 2A       		.byte	42
 1309 0500 00       		.byte	0
 1310 0501 00       		.byte	0
 1311 0502 01       		.byte	1
ARM GAS  C:\Users\simhj\AppData\Local\Temp\ccbllrbP.s 			page 24


 1312 0503 00       		.byte	0
 1313 0504 25       		.byte	37
 1314 0505 03       		.byte	3
 1315 0506 01       		.byte	1
 1316 0507 00       		.byte	0
 1317 0508 06       		.byte	6
 1318 0509 0E       		.byte	14
 1319 050a 00       		.byte	0
 1320 050b C0       		.byte	-64
 1321 050c 21       		.byte	33
 1322 050d FF       		.byte	-1
 1323 050e FF       		.byte	-1
 1324 050f FF       		.byte	-1
 1325 0510 62       		.byte	98
 1326 0511 A0       		.byte	-96
 1327 0512 F0       		.byte	-16
 1328 0513 41       		.byte	65
 1329 0514 0C       		.byte	12
 1330 0515 00       		.byte	0
 1331 0516 00       		.byte	0
 1332 0517 00       		.byte	0
 1333 0518 00       		.byte	0
 1334 0519 00       		.byte	0
 1335 051a 02       		.byte	2
 1336 051b 10       		.byte	16
 1337 051c 04       		.byte	4
 1338 051d 04       		.byte	4
 1339 051e 04       		.byte	4
 1340 051f 04       		.byte	4
 1341 0520 11       		.byte	17
 1342 0521 11       		.byte	17
 1343 0522 00       		.byte	0
 1344 0523 01       		.byte	1
 1345 0524 00       		.byte	0
 1346 0525 00       		.byte	0
 1347 0526 00       		.byte	0
 1348 0527 00       		.byte	0
 1349 0528 00       		.byte	0
 1350 0529 00       		.byte	0
 1351 052a 40       		.byte	64
 1352 052b 02       		.byte	2
 1353 052c 00       		.byte	0
 1354 052d 10       		.byte	16
 1355 052e 30       		.byte	48
 1356 052f 10       		.byte	16
 1357 0530 00       		.byte	0
 1358 0531 10       		.byte	16
 1359 0532 10       		.byte	16
 1360 0533 12       		.byte	18
 1361 0534 00       		.byte	0
 1362 0535 00       		.byte	0
 1363 0536 00       		.byte	0
 1364 0537 00       		.byte	0
 1365 0538 00       		.byte	0
 1366 0539 00       		.byte	0
 1367 053a 00       		.byte	0
 1368 053b 00       		.byte	0
ARM GAS  C:\Users\simhj\AppData\Local\Temp\ccbllrbP.s 			page 25


 1369 053c 00       		.byte	0
 1370 053d 00       		.byte	0
 1371 053e 00       		.byte	0
 1372 053f 00       		.byte	0
 1373 0540 00       		.byte	0
 1374 0541 00       		.byte	0
 1375 0542 00       		.byte	0
 1376 0543 00       		.byte	0
 1377 0544 80       		.byte	-128
 1378 0545 00       		.byte	0
 1379 0546 40       		.byte	64
 1380 0547 80       		.byte	-128
 1381 0548 80       		.byte	-128
 1382 0549 00       		.byte	0
 1383 054a 80       		.byte	-128
 1384 054b 00       		.byte	0
 1385 054c 00       		.byte	0
 1386 054d 00       		.byte	0
 1387 054e 00       		.byte	0
 1388 054f 00       		.byte	0
 1389 0550 00       		.byte	0
 1390 0551 0B       		.byte	11
 1391 0552 0B       		.byte	11
 1392 0553 00       		.byte	0
 1393 0554 00       		.byte	0
 1394 0555 00       		.byte	0
 1395 0556 00       		.byte	0
 1396 0557 00       		.byte	0
 1397 0558 10       		.byte	16
 1398 0559 28       		.byte	40
 1399 055a 28       		.byte	40
 1400 055b 00       		.byte	0
 1401 055c 28       		.byte	40
 1402 055d 00       		.byte	0
 1403 055e 00       		.byte	0
 1404 055f 00       		.byte	0
 1405              		.section	.cywolatch,"a",%progbits
 1406              		.align	2
 1407              		.type	cy_meta_wonvl, %object
 1408              		.size	cy_meta_wonvl, 4
 1409              	cy_meta_wonvl:
 1410 0000 BC       		.byte	-68
 1411 0001 90       		.byte	-112
 1412 0002 AC       		.byte	-84
 1413 0003 AF       		.byte	-81
 1414              		.section	.cycustnvl,"a",%progbits
 1415              		.align	2
 1416              		.type	cy_meta_custnvl, %object
 1417              		.size	cy_meta_custnvl, 4
 1418              	cy_meta_custnvl:
 1419 0000 00       		.byte	0
 1420 0001 00       		.byte	0
 1421 0002 40       		.byte	64
 1422 0003 05       		.byte	5
 1423              		.section	.cymeta,"a",%progbits
 1424              		.align	2
 1425              		.type	cy_metadata, %object
ARM GAS  C:\Users\simhj\AppData\Local\Temp\ccbllrbP.s 			page 26


 1426              		.size	cy_metadata, 12
 1427              	cy_metadata:
 1428 0000 00       		.byte	0
 1429 0001 01       		.byte	1
 1430 0002 2E       		.byte	46
 1431 0003 16       		.byte	22
 1432 0004 10       		.byte	16
 1433 0005 69       		.byte	105
 1434 0006 00       		.byte	0
 1435 0007 01       		.byte	1
 1436 0008 00       		.byte	0
 1437 0009 00       		.byte	0
 1438 000a 00       		.byte	0
 1439 000b 00       		.byte	0
 1440              		.section	.cyflashprotect,"a",%progbits
 1441              		.align	2
 1442              		.type	cy_meta_flashprotect, %object
 1443              		.size	cy_meta_flashprotect, 256
 1444              	cy_meta_flashprotect:
 1445 0000 00000000 		.space	256
 1445      00000000 
 1445      00000000 
 1445      00000000 
 1445      00000000 
 1446              		.text
 1447              	.Letext0:
 1448              		.file 1 "s:\\program files (x86)\\cypress\\psoc creator\\4.4\\psoc creator\\import\\gnu\\arm\\5.4.
 1449              		.file 2 "s:\\program files (x86)\\cypress\\psoc creator\\4.4\\psoc creator\\import\\gnu\\arm\\5.4.
 1450              		.file 3 "Generated_Source\\PSoC5\\cymetadata.c"
 1451              		.section	.debug_info,"",%progbits
 1452              	.Ldebug_info0:
 1453 0000 32010000 		.4byte	0x132
 1454 0004 0400     		.2byte	0x4
 1455 0006 00000000 		.4byte	.Ldebug_abbrev0
 1456 000a 04       		.byte	0x4
 1457 000b 01       		.uleb128 0x1
 1458 000c 8E000000 		.4byte	.LASF17
 1459 0010 0C       		.byte	0xc
 1460 0011 E8010000 		.4byte	.LASF18
 1461 0015 0A000000 		.4byte	.LASF19
 1462 0019 00000000 		.4byte	.Ldebug_line0
 1463 001d 02       		.uleb128 0x2
 1464 001e 01       		.byte	0x1
 1465 001f 06       		.byte	0x6
 1466 0020 DC010000 		.4byte	.LASF0
 1467 0024 03       		.uleb128 0x3
 1468 0025 00000000 		.4byte	.LASF9
 1469 0029 01       		.byte	0x1
 1470 002a 1D       		.byte	0x1d
 1471 002b 2F000000 		.4byte	0x2f
 1472 002f 02       		.uleb128 0x2
 1473 0030 01       		.byte	0x1
 1474 0031 08       		.byte	0x8
 1475 0032 80000000 		.4byte	.LASF1
 1476 0036 02       		.uleb128 0x2
 1477 0037 02       		.byte	0x2
 1478 0038 05       		.byte	0x5
ARM GAS  C:\Users\simhj\AppData\Local\Temp\ccbllrbP.s 			page 27


 1479 0039 C9010000 		.4byte	.LASF2
 1480 003d 02       		.uleb128 0x2
 1481 003e 02       		.byte	0x2
 1482 003f 07       		.byte	0x7
 1483 0040 2E010000 		.4byte	.LASF3
 1484 0044 02       		.uleb128 0x2
 1485 0045 04       		.byte	0x4
 1486 0046 05       		.byte	0x5
 1487 0047 D3010000 		.4byte	.LASF4
 1488 004b 02       		.uleb128 0x2
 1489 004c 04       		.byte	0x4
 1490 004d 07       		.byte	0x7
 1491 004e 1C010000 		.4byte	.LASF5
 1492 0052 02       		.uleb128 0x2
 1493 0053 08       		.byte	0x8
 1494 0054 05       		.byte	0x5
 1495 0055 BB010000 		.4byte	.LASF6
 1496 0059 02       		.uleb128 0x2
 1497 005a 08       		.byte	0x8
 1498 005b 07       		.byte	0x7
 1499 005c 70010000 		.4byte	.LASF7
 1500 0060 04       		.uleb128 0x4
 1501 0061 04       		.byte	0x4
 1502 0062 05       		.byte	0x5
 1503 0063 696E7400 		.ascii	"int\000"
 1504 0067 02       		.uleb128 0x2
 1505 0068 04       		.byte	0x4
 1506 0069 07       		.byte	0x7
 1507 006a 63010000 		.4byte	.LASF8
 1508 006e 03       		.uleb128 0x3
 1509 006f 87010000 		.4byte	.LASF10
 1510 0073 02       		.byte	0x2
 1511 0074 18       		.byte	0x18
 1512 0075 24000000 		.4byte	0x24
 1513 0079 05       		.uleb128 0x5
 1514 007a 91000000 		.4byte	0x91
 1515 007e 8A000000 		.4byte	0x8a
 1516 0082 06       		.uleb128 0x6
 1517 0083 8A000000 		.4byte	0x8a
 1518 0087 5F05     		.2byte	0x55f
 1519 0089 00       		.byte	0
 1520 008a 02       		.uleb128 0x2
 1521 008b 04       		.byte	0x4
 1522 008c 07       		.byte	0x7
 1523 008d B2010000 		.4byte	.LASF11
 1524 0091 07       		.uleb128 0x7
 1525 0092 6E000000 		.4byte	0x6e
 1526 0096 08       		.uleb128 0x8
 1527 0097 51010000 		.4byte	.LASF12
 1528 009b 03       		.byte	0x3
 1529 009c 1F       		.byte	0x1f
 1530 009d A7000000 		.4byte	0xa7
 1531 00a1 05       		.uleb128 0x5
 1532 00a2 03       		.byte	0x3
 1533 00a3 00000000 		.4byte	cy_meta_configecc
 1534 00a7 07       		.uleb128 0x7
 1535 00a8 79000000 		.4byte	0x79
ARM GAS  C:\Users\simhj\AppData\Local\Temp\ccbllrbP.s 			page 28


 1536 00ac 05       		.uleb128 0x5
 1537 00ad 91000000 		.4byte	0x91
 1538 00b1 BC000000 		.4byte	0xbc
 1539 00b5 09       		.uleb128 0x9
 1540 00b6 8A000000 		.4byte	0x8a
 1541 00ba 03       		.byte	0x3
 1542 00bb 00       		.byte	0
 1543 00bc 08       		.uleb128 0x8
 1544 00bd 41010000 		.4byte	.LASF13
 1545 00c1 03       		.byte	0x3
 1546 00c2 D8       		.byte	0xd8
 1547 00c3 CD000000 		.4byte	0xcd
 1548 00c7 05       		.uleb128 0x5
 1549 00c8 03       		.byte	0x3
 1550 00c9 00000000 		.4byte	cy_meta_custnvl
 1551 00cd 07       		.uleb128 0x7
 1552 00ce AC000000 		.4byte	0xac
 1553 00d2 08       		.uleb128 0x8
 1554 00d3 A4010000 		.4byte	.LASF14
 1555 00d7 03       		.byte	0x3
 1556 00d8 E6       		.byte	0xe6
 1557 00d9 E3000000 		.4byte	0xe3
 1558 00dd 05       		.uleb128 0x5
 1559 00de 03       		.byte	0x3
 1560 00df 00000000 		.4byte	cy_meta_wonvl
 1561 00e3 07       		.uleb128 0x7
 1562 00e4 AC000000 		.4byte	0xac
 1563 00e8 05       		.uleb128 0x5
 1564 00e9 91000000 		.4byte	0x91
 1565 00ed F8000000 		.4byte	0xf8
 1566 00f1 09       		.uleb128 0x9
 1567 00f2 8A000000 		.4byte	0x8a
 1568 00f6 FF       		.byte	0xff
 1569 00f7 00       		.byte	0
 1570 00f8 08       		.uleb128 0x8
 1571 00f9 8F010000 		.4byte	.LASF15
 1572 00fd 03       		.byte	0x3
 1573 00fe F4       		.byte	0xf4
 1574 00ff 09010000 		.4byte	0x109
 1575 0103 05       		.uleb128 0x5
 1576 0104 03       		.byte	0x3
 1577 0105 00000000 		.4byte	cy_meta_flashprotect
 1578 0109 07       		.uleb128 0x7
 1579 010a E8000000 		.4byte	0xe8
 1580 010e 05       		.uleb128 0x5
 1581 010f 91000000 		.4byte	0x91
 1582 0113 1E010000 		.4byte	0x11e
 1583 0117 09       		.uleb128 0x9
 1584 0118 8A000000 		.4byte	0x8a
 1585 011c 0B       		.byte	0xb
 1586 011d 00       		.byte	0
 1587 011e 0A       		.uleb128 0xa
 1588 011f 74000000 		.4byte	.LASF16
 1589 0123 03       		.byte	0x3
 1590 0124 2101     		.2byte	0x121
 1591 0126 30010000 		.4byte	0x130
 1592 012a 05       		.uleb128 0x5
ARM GAS  C:\Users\simhj\AppData\Local\Temp\ccbllrbP.s 			page 29


 1593 012b 03       		.byte	0x3
 1594 012c 00000000 		.4byte	cy_metadata
 1595 0130 07       		.uleb128 0x7
 1596 0131 0E010000 		.4byte	0x10e
 1597 0135 00       		.byte	0
 1598              		.section	.debug_abbrev,"",%progbits
 1599              	.Ldebug_abbrev0:
 1600 0000 01       		.uleb128 0x1
 1601 0001 11       		.uleb128 0x11
 1602 0002 01       		.byte	0x1
 1603 0003 25       		.uleb128 0x25
 1604 0004 0E       		.uleb128 0xe
 1605 0005 13       		.uleb128 0x13
 1606 0006 0B       		.uleb128 0xb
 1607 0007 03       		.uleb128 0x3
 1608 0008 0E       		.uleb128 0xe
 1609 0009 1B       		.uleb128 0x1b
 1610 000a 0E       		.uleb128 0xe
 1611 000b 10       		.uleb128 0x10
 1612 000c 17       		.uleb128 0x17
 1613 000d 00       		.byte	0
 1614 000e 00       		.byte	0
 1615 000f 02       		.uleb128 0x2
 1616 0010 24       		.uleb128 0x24
 1617 0011 00       		.byte	0
 1618 0012 0B       		.uleb128 0xb
 1619 0013 0B       		.uleb128 0xb
 1620 0014 3E       		.uleb128 0x3e
 1621 0015 0B       		.uleb128 0xb
 1622 0016 03       		.uleb128 0x3
 1623 0017 0E       		.uleb128 0xe
 1624 0018 00       		.byte	0
 1625 0019 00       		.byte	0
 1626 001a 03       		.uleb128 0x3
 1627 001b 16       		.uleb128 0x16
 1628 001c 00       		.byte	0
 1629 001d 03       		.uleb128 0x3
 1630 001e 0E       		.uleb128 0xe
 1631 001f 3A       		.uleb128 0x3a
 1632 0020 0B       		.uleb128 0xb
 1633 0021 3B       		.uleb128 0x3b
 1634 0022 0B       		.uleb128 0xb
 1635 0023 49       		.uleb128 0x49
 1636 0024 13       		.uleb128 0x13
 1637 0025 00       		.byte	0
 1638 0026 00       		.byte	0
 1639 0027 04       		.uleb128 0x4
 1640 0028 24       		.uleb128 0x24
 1641 0029 00       		.byte	0
 1642 002a 0B       		.uleb128 0xb
 1643 002b 0B       		.uleb128 0xb
 1644 002c 3E       		.uleb128 0x3e
 1645 002d 0B       		.uleb128 0xb
 1646 002e 03       		.uleb128 0x3
 1647 002f 08       		.uleb128 0x8
 1648 0030 00       		.byte	0
 1649 0031 00       		.byte	0
ARM GAS  C:\Users\simhj\AppData\Local\Temp\ccbllrbP.s 			page 30


 1650 0032 05       		.uleb128 0x5
 1651 0033 01       		.uleb128 0x1
 1652 0034 01       		.byte	0x1
 1653 0035 49       		.uleb128 0x49
 1654 0036 13       		.uleb128 0x13
 1655 0037 01       		.uleb128 0x1
 1656 0038 13       		.uleb128 0x13
 1657 0039 00       		.byte	0
 1658 003a 00       		.byte	0
 1659 003b 06       		.uleb128 0x6
 1660 003c 21       		.uleb128 0x21
 1661 003d 00       		.byte	0
 1662 003e 49       		.uleb128 0x49
 1663 003f 13       		.uleb128 0x13
 1664 0040 2F       		.uleb128 0x2f
 1665 0041 05       		.uleb128 0x5
 1666 0042 00       		.byte	0
 1667 0043 00       		.byte	0
 1668 0044 07       		.uleb128 0x7
 1669 0045 26       		.uleb128 0x26
 1670 0046 00       		.byte	0
 1671 0047 49       		.uleb128 0x49
 1672 0048 13       		.uleb128 0x13
 1673 0049 00       		.byte	0
 1674 004a 00       		.byte	0
 1675 004b 08       		.uleb128 0x8
 1676 004c 34       		.uleb128 0x34
 1677 004d 00       		.byte	0
 1678 004e 03       		.uleb128 0x3
 1679 004f 0E       		.uleb128 0xe
 1680 0050 3A       		.uleb128 0x3a
 1681 0051 0B       		.uleb128 0xb
 1682 0052 3B       		.uleb128 0x3b
 1683 0053 0B       		.uleb128 0xb
 1684 0054 49       		.uleb128 0x49
 1685 0055 13       		.uleb128 0x13
 1686 0056 3F       		.uleb128 0x3f
 1687 0057 19       		.uleb128 0x19
 1688 0058 02       		.uleb128 0x2
 1689 0059 18       		.uleb128 0x18
 1690 005a 00       		.byte	0
 1691 005b 00       		.byte	0
 1692 005c 09       		.uleb128 0x9
 1693 005d 21       		.uleb128 0x21
 1694 005e 00       		.byte	0
 1695 005f 49       		.uleb128 0x49
 1696 0060 13       		.uleb128 0x13
 1697 0061 2F       		.uleb128 0x2f
 1698 0062 0B       		.uleb128 0xb
 1699 0063 00       		.byte	0
 1700 0064 00       		.byte	0
 1701 0065 0A       		.uleb128 0xa
 1702 0066 34       		.uleb128 0x34
 1703 0067 00       		.byte	0
 1704 0068 03       		.uleb128 0x3
 1705 0069 0E       		.uleb128 0xe
 1706 006a 3A       		.uleb128 0x3a
ARM GAS  C:\Users\simhj\AppData\Local\Temp\ccbllrbP.s 			page 31


 1707 006b 0B       		.uleb128 0xb
 1708 006c 3B       		.uleb128 0x3b
 1709 006d 05       		.uleb128 0x5
 1710 006e 49       		.uleb128 0x49
 1711 006f 13       		.uleb128 0x13
 1712 0070 3F       		.uleb128 0x3f
 1713 0071 19       		.uleb128 0x19
 1714 0072 02       		.uleb128 0x2
 1715 0073 18       		.uleb128 0x18
 1716 0074 00       		.byte	0
 1717 0075 00       		.byte	0
 1718 0076 00       		.byte	0
 1719              		.section	.debug_aranges,"",%progbits
 1720 0000 14000000 		.4byte	0x14
 1721 0004 0200     		.2byte	0x2
 1722 0006 00000000 		.4byte	.Ldebug_info0
 1723 000a 04       		.byte	0x4
 1724 000b 00       		.byte	0
 1725 000c 0000     		.2byte	0
 1726 000e 0000     		.2byte	0
 1727 0010 00000000 		.4byte	0
 1728 0014 00000000 		.4byte	0
 1729              		.section	.debug_line,"",%progbits
 1730              	.Ldebug_line0:
 1731 0000 3D010000 		.section	.debug_str,"MS",%progbits,1
 1731      02003701 
 1731      00000201 
 1731      FB0E0D00 
 1731      01010101 
 1732              	.LASF9:
 1733 0000 5F5F7569 		.ascii	"__uint8_t\000"
 1733      6E74385F 
 1733      7400
 1734              	.LASF19:
 1735 000a 473A5C4D 		.ascii	"G:\\My Drive\\AU\\SW\\2semester\\GFV\\210929 ComBus"
 1735      79204472 
 1735      6976655C 
 1735      41555C53 
 1735      575C3273 
 1736 0037 73657320 		.ascii	"ses pt2\\GFVAflevering2\\Project\\Lab2\\Opgave2_SPI"
 1736      7074325C 
 1736      47465641 
 1736      666C6576 
 1736      6572696E 
 1737 0066 5F4D6173 		.ascii	"_Master.cydsn\000"
 1737      7465722E 
 1737      63796473 
 1737      6E00
 1738              	.LASF16:
 1739 0074 63795F6D 		.ascii	"cy_metadata\000"
 1739      65746164 
 1739      61746100 
 1740              	.LASF1:
 1741 0080 756E7369 		.ascii	"unsigned char\000"
 1741      676E6564 
 1741      20636861 
 1741      7200
ARM GAS  C:\Users\simhj\AppData\Local\Temp\ccbllrbP.s 			page 32


 1742              	.LASF17:
 1743 008e 474E5520 		.ascii	"GNU C11 5.4.1 20160609 (release) [ARM/embedded-5-br"
 1743      43313120 
 1743      352E342E 
 1743      31203230 
 1743      31363036 
 1744 00c1 616E6368 		.ascii	"anch revision 237715] -mcpu=cortex-m3 -mthumb -g -O"
 1744      20726576 
 1744      6973696F 
 1744      6E203233 
 1744      37373135 
 1745 00f4 67202D66 		.ascii	"g -ffunction-sections -ffat-lto-objects\000"
 1745      66756E63 
 1745      74696F6E 
 1745      2D736563 
 1745      74696F6E 
 1746              	.LASF5:
 1747 011c 6C6F6E67 		.ascii	"long unsigned int\000"
 1747      20756E73 
 1747      69676E65 
 1747      6420696E 
 1747      7400
 1748              	.LASF3:
 1749 012e 73686F72 		.ascii	"short unsigned int\000"
 1749      7420756E 
 1749      7369676E 
 1749      65642069 
 1749      6E7400
 1750              	.LASF13:
 1751 0141 63795F6D 		.ascii	"cy_meta_custnvl\000"
 1751      6574615F 
 1751      63757374 
 1751      6E766C00 
 1752              	.LASF12:
 1753 0151 63795F6D 		.ascii	"cy_meta_configecc\000"
 1753      6574615F 
 1753      636F6E66 
 1753      69676563 
 1753      6300
 1754              	.LASF8:
 1755 0163 756E7369 		.ascii	"unsigned int\000"
 1755      676E6564 
 1755      20696E74 
 1755      00
 1756              	.LASF7:
 1757 0170 6C6F6E67 		.ascii	"long long unsigned int\000"
 1757      206C6F6E 
 1757      6720756E 
 1757      7369676E 
 1757      65642069 
 1758              	.LASF10:
 1759 0187 75696E74 		.ascii	"uint8_t\000"
 1759      385F7400 
 1760              	.LASF15:
 1761 018f 63795F6D 		.ascii	"cy_meta_flashprotect\000"
 1761      6574615F 
 1761      666C6173 
ARM GAS  C:\Users\simhj\AppData\Local\Temp\ccbllrbP.s 			page 33


 1761      6870726F 
 1761      74656374 
 1762              	.LASF14:
 1763 01a4 63795F6D 		.ascii	"cy_meta_wonvl\000"
 1763      6574615F 
 1763      776F6E76 
 1763      6C00
 1764              	.LASF11:
 1765 01b2 73697A65 		.ascii	"sizetype\000"
 1765      74797065 
 1765      00
 1766              	.LASF6:
 1767 01bb 6C6F6E67 		.ascii	"long long int\000"
 1767      206C6F6E 
 1767      6720696E 
 1767      7400
 1768              	.LASF2:
 1769 01c9 73686F72 		.ascii	"short int\000"
 1769      7420696E 
 1769      7400
 1770              	.LASF4:
 1771 01d3 6C6F6E67 		.ascii	"long int\000"
 1771      20696E74 
 1771      00
 1772              	.LASF0:
 1773 01dc 7369676E 		.ascii	"signed char\000"
 1773      65642063 
 1773      68617200 
 1774              	.LASF18:
 1775 01e8 47656E65 		.ascii	"Generated_Source\\PSoC5\\cymetadata.c\000"
 1775      72617465 
 1775      645F536F 
 1775      75726365 
 1775      5C50536F 
 1776              		.ident	"GCC: (GNU Tools for ARM Embedded Processors) 5.4.1 20160609 (release) [ARM/embedded-5-bran
