ARM GAS  C:\Users\mathias\AppData\Local\Temp\ccFNggdh.s 			page 1


   1              		.syntax unified
   2              		.cpu cortex-m3
   3              		.fpu softvfp
   4              		.eabi_attribute 20, 1
   5              		.eabi_attribute 21, 1
   6              		.eabi_attribute 23, 3
   7              		.eabi_attribute 24, 1
   8              		.eabi_attribute 25, 1
   9              		.eabi_attribute 26, 1
  10              		.eabi_attribute 30, 1
  11              		.eabi_attribute 34, 1
  12              		.eabi_attribute 18, 4
  13              		.thumb
  14              		.syntax unified
  15              		.file	"cymetadata.c"
  16              		.text
  17              	.Ltext0:
  18              		.cfi_sections	.debug_frame
  19              		.global	cy_metadata
  20              		.global	cy_meta_flashprotect
  21              		.global	cy_meta_wonvl
  22              		.global	cy_meta_custnvl
  23              		.global	cy_meta_configecc
  24              		.section	.cyconfigecc,"a",%progbits
  25              		.align	2
  26              		.type	cy_meta_configecc, %object
  27              		.size	cy_meta_configecc, 952
  28              	cy_meta_configecc:
  29 0000 02       		.byte	2
  30 0001 52       		.byte	82
  31 0002 00       		.byte	0
  32 0003 40       		.byte	64
  33 0004 01       		.byte	1
  34 0005 64       		.byte	100
  35 0006 00       		.byte	0
  36 0007 40       		.byte	64
  37 0008 02       		.byte	2
  38 0009 65       		.byte	101
  39 000a 00       		.byte	0
  40 000b 40       		.byte	64
  41 000c 01       		.byte	1
  42 000d 07       		.byte	7
  43 000e 01       		.byte	1
  44 000f 40       		.byte	64
  45 0010 59       		.byte	89
  46 0011 08       		.byte	8
  47 0012 01       		.byte	1
  48 0013 40       		.byte	64
  49 0014 38       		.byte	56
  50 0015 09       		.byte	9
  51 0016 01       		.byte	1
  52 0017 40       		.byte	64
  53 0018 50       		.byte	80
  54 0019 18       		.byte	24
  55 001a 01       		.byte	1
  56 001b 40       		.byte	64
  57 001c 40       		.byte	64
ARM GAS  C:\Users\mathias\AppData\Local\Temp\ccFNggdh.s 			page 2


  58 001d 19       		.byte	25
  59 001e 01       		.byte	1
  60 001f 40       		.byte	64
  61 0020 3D       		.byte	61
  62 0021 1A       		.byte	26
  63 0022 01       		.byte	1
  64 0023 40       		.byte	64
  65 0024 38       		.byte	56
  66 0025 1B       		.byte	27
  67 0026 01       		.byte	1
  68 0027 40       		.byte	64
  69 0028 02       		.byte	2
  70 0029 40       		.byte	64
  71 002a 01       		.byte	1
  72 002b 40       		.byte	64
  73 002c 01       		.byte	1
  74 002d 41       		.byte	65
  75 002e 01       		.byte	1
  76 002f 40       		.byte	64
  77 0030 01       		.byte	1
  78 0031 42       		.byte	66
  79 0032 01       		.byte	1
  80 0033 40       		.byte	64
  81 0034 03       		.byte	3
  82 0035 43       		.byte	67
  83 0036 01       		.byte	1
  84 0037 40       		.byte	64
  85 0038 07       		.byte	7
  86 0039 4D       		.byte	77
  87 003a 01       		.byte	1
  88 003b 40       		.byte	64
  89 003c 04       		.byte	4
  90 003d 50       		.byte	80
  91 003e 01       		.byte	1
  92 003f 40       		.byte	64
  93 0040 01       		.byte	1
  94 0041 51       		.byte	81
  95 0042 01       		.byte	1
  96 0043 40       		.byte	64
  97 0044 61       		.byte	97
  98 0045 80       		.byte	-128
  99 0046 64       		.byte	100
 100 0047 40       		.byte	64
 101 0048 89       		.byte	-119
 102 0049 38       		.byte	56
 103 004a 88       		.byte	-120
 104 004b 0F       		.byte	15
 105 004c 8A       		.byte	-118
 106 004d 72       		.byte	114
 107 004e E6       		.byte	-26
 108 004f 02       		.byte	2
 109 0050 02       		.byte	2
 110 0051 08       		.byte	8
 111 0052 06       		.byte	6
 112 0053 03       		.byte	3
 113 0054 07       		.byte	7
 114 0055 0C       		.byte	12
ARM GAS  C:\Users\mathias\AppData\Local\Temp\ccFNggdh.s 			page 3


 115 0056 0A       		.byte	10
 116 0057 05       		.byte	5
 117 0058 12       		.byte	18
 118 0059 08       		.byte	8
 119 005a 14       		.byte	20
 120 005b 08       		.byte	8
 121 005c 15       		.byte	21
 122 005d 01       		.byte	1
 123 005e 17       		.byte	23
 124 005f 0E       		.byte	14
 125 0060 1A       		.byte	26
 126 0061 06       		.byte	6
 127 0062 1D       		.byte	29
 128 0063 0C       		.byte	12
 129 0064 1E       		.byte	30
 130 0065 02       		.byte	2
 131 0066 1F       		.byte	31
 132 0067 03       		.byte	3
 133 0068 20       		.byte	32
 134 0069 06       		.byte	6
 135 006a 22       		.byte	34
 136 006b 01       		.byte	1
 137 006c 23       		.byte	35
 138 006d 08       		.byte	8
 139 006e 25       		.byte	37
 140 006f 01       		.byte	1
 141 0070 26       		.byte	38
 142 0071 01       		.byte	1
 143 0072 27       		.byte	39
 144 0073 06       		.byte	6
 145 0074 28       		.byte	40
 146 0075 08       		.byte	8
 147 0076 2B       		.byte	43
 148 0077 03       		.byte	3
 149 0078 30       		.byte	48
 150 0079 08       		.byte	8
 151 007a 34       		.byte	52
 152 007b 07       		.byte	7
 153 007c 37       		.byte	55
 154 007d 0F       		.byte	15
 155 007e 38       		.byte	56
 156 007f 02       		.byte	2
 157 0080 3A       		.byte	58
 158 0081 20       		.byte	32
 159 0082 3B       		.byte	59
 160 0083 80       		.byte	-128
 161 0084 40       		.byte	64
 162 0085 26       		.byte	38
 163 0086 41       		.byte	65
 164 0087 03       		.byte	3
 165 0088 45       		.byte	69
 166 0089 0B       		.byte	11
 167 008a 46       		.byte	70
 168 008b C0       		.byte	-64
 169 008c 47       		.byte	71
 170 008d E0       		.byte	-32
 171 008e 48       		.byte	72
ARM GAS  C:\Users\mathias\AppData\Local\Temp\ccFNggdh.s 			page 4


 172 008f 29       		.byte	41
 173 0090 49       		.byte	73
 174 0091 FF       		.byte	-1
 175 0092 4A       		.byte	74
 176 0093 FF       		.byte	-1
 177 0094 4B       		.byte	75
 178 0095 FF       		.byte	-1
 179 0096 4E       		.byte	78
 180 0097 F0       		.byte	-16
 181 0098 4F       		.byte	79
 182 0099 44       		.byte	68
 183 009a 50       		.byte	80
 184 009b 0C       		.byte	12
 185 009c 58       		.byte	88
 186 009d 04       		.byte	4
 187 009e 59       		.byte	89
 188 009f 04       		.byte	4
 189 00a0 5A       		.byte	90
 190 00a1 04       		.byte	4
 191 00a2 5F       		.byte	95
 192 00a3 01       		.byte	1
 193 00a4 66       		.byte	102
 194 00a5 C0       		.byte	-64
 195 00a6 6A       		.byte	106
 196 00a7 40       		.byte	64
 197 00a8 6B       		.byte	107
 198 00a9 02       		.byte	2
 199 00aa 80       		.byte	-128
 200 00ab 1C       		.byte	28
 201 00ac 82       		.byte	-126
 202 00ad 02       		.byte	2
 203 00ae 84       		.byte	-124
 204 00af 10       		.byte	16
 205 00b0 86       		.byte	-122
 206 00b1 0C       		.byte	12
 207 00b2 87       		.byte	-121
 208 00b3 01       		.byte	1
 209 00b4 89       		.byte	-119
 210 00b5 03       		.byte	3
 211 00b6 8A       		.byte	-118
 212 00b7 03       		.byte	3
 213 00b8 92       		.byte	-110
 214 00b9 20       		.byte	32
 215 00ba 94       		.byte	-108
 216 00bb 0C       		.byte	12
 217 00bc 96       		.byte	-106
 218 00bd 11       		.byte	17
 219 00be 98       		.byte	-104
 220 00bf 09       		.byte	9
 221 00c0 99       		.byte	-103
 222 00c1 03       		.byte	3
 223 00c2 9A       		.byte	-102
 224 00c3 10       		.byte	16
 225 00c4 9D       		.byte	-99
 226 00c5 02       		.byte	2
 227 00c6 9E       		.byte	-98
 228 00c7 20       		.byte	32
ARM GAS  C:\Users\mathias\AppData\Local\Temp\ccFNggdh.s 			page 5


 229 00c8 A0       		.byte	-96
 230 00c9 10       		.byte	16
 231 00ca A4       		.byte	-92
 232 00cb 14       		.byte	20
 233 00cc B2       		.byte	-78
 234 00cd 1F       		.byte	31
 235 00ce B4       		.byte	-76
 236 00cf 20       		.byte	32
 237 00d0 B7       		.byte	-73
 238 00d1 03       		.byte	3
 239 00d2 B9       		.byte	-71
 240 00d3 80       		.byte	-128
 241 00d4 BE       		.byte	-66
 242 00d5 10       		.byte	16
 243 00d6 BF       		.byte	-65
 244 00d7 40       		.byte	64
 245 00d8 C0       		.byte	-64
 246 00d9 05       		.byte	5
 247 00da C6       		.byte	-58
 248 00db 04       		.byte	4
 249 00dc C9       		.byte	-55
 250 00dd FF       		.byte	-1
 251 00de CA       		.byte	-54
 252 00df 07       		.byte	7
 253 00e0 CB       		.byte	-53
 254 00e1 FF       		.byte	-1
 255 00e2 CC       		.byte	-52
 256 00e3 40       		.byte	64
 257 00e4 CD       		.byte	-51
 258 00e5 20       		.byte	32
 259 00e6 CE       		.byte	-50
 260 00e7 F0       		.byte	-16
 261 00e8 CF       		.byte	-49
 262 00e9 05       		.byte	5
 263 00ea D0       		.byte	-48
 264 00eb 08       		.byte	8
 265 00ec D4       		.byte	-44
 266 00ed 18       		.byte	24
 267 00ee D6       		.byte	-42
 268 00ef 04       		.byte	4
 269 00f0 D8       		.byte	-40
 270 00f1 04       		.byte	4
 271 00f2 D9       		.byte	-39
 272 00f3 04       		.byte	4
 273 00f4 DA       		.byte	-38
 274 00f5 04       		.byte	4
 275 00f6 DB       		.byte	-37
 276 00f7 04       		.byte	4
 277 00f8 DF       		.byte	-33
 278 00f9 01       		.byte	1
 279 00fa E0       		.byte	-32
 280 00fb 40       		.byte	64
 281 00fc E1       		.byte	-31
 282 00fd A8       		.byte	-88
 283 00fe E2       		.byte	-30
 284 00ff 40       		.byte	64
 285 0100 E3       		.byte	-29
ARM GAS  C:\Users\mathias\AppData\Local\Temp\ccFNggdh.s 			page 6


 286 0101 20       		.byte	32
 287 0102 00       		.byte	0
 288 0103 10       		.byte	16
 289 0104 02       		.byte	2
 290 0105 80       		.byte	-128
 291 0106 03       		.byte	3
 292 0107 20       		.byte	32
 293 0108 05       		.byte	5
 294 0109 10       		.byte	16
 295 010a 06       		.byte	6
 296 010b 10       		.byte	16
 297 010c 07       		.byte	7
 298 010d 40       		.byte	64
 299 010e 09       		.byte	9
 300 010f 02       		.byte	2
 301 0110 0B       		.byte	11
 302 0111 26       		.byte	38
 303 0112 0C       		.byte	12
 304 0113 82       		.byte	-126
 305 0114 0F       		.byte	15
 306 0115 14       		.byte	20
 307 0116 10       		.byte	16
 308 0117 A0       		.byte	-96
 309 0118 15       		.byte	21
 310 0119 08       		.byte	8
 311 011a 16       		.byte	22
 312 011b 04       		.byte	4
 313 011c 17       		.byte	23
 314 011d 01       		.byte	1
 315 011e 18       		.byte	24
 316 011f 14       		.byte	20
 317 0120 1B       		.byte	27
 318 0121 08       		.byte	8
 319 0122 1E       		.byte	30
 320 0123 08       		.byte	8
 321 0124 1F       		.byte	31
 322 0125 11       		.byte	17
 323 0126 20       		.byte	32
 324 0127 02       		.byte	2
 325 0128 26       		.byte	38
 326 0129 80       		.byte	-128
 327 012a 27       		.byte	39
 328 012b 01       		.byte	1
 329 012c 2C       		.byte	44
 330 012d 80       		.byte	-128
 331 012e 2F       		.byte	47
 332 012f 24       		.byte	36
 333 0130 31       		.byte	49
 334 0131 10       		.byte	16
 335 0132 32       		.byte	50
 336 0133 80       		.byte	-128
 337 0134 33       		.byte	51
 338 0135 30       		.byte	48
 339 0136 36       		.byte	54
 340 0137 84       		.byte	-124
 341 0138 38       		.byte	56
 342 0139 08       		.byte	8
ARM GAS  C:\Users\mathias\AppData\Local\Temp\ccFNggdh.s 			page 7


 343 013a 3A       		.byte	58
 344 013b 10       		.byte	16
 345 013c 3B       		.byte	59
 346 013d 20       		.byte	32
 347 013e 3F       		.byte	63
 348 013f 04       		.byte	4
 349 0140 46       		.byte	70
 350 0141 10       		.byte	16
 351 0142 47       		.byte	71
 352 0143 10       		.byte	16
 353 0144 48       		.byte	72
 354 0145 01       		.byte	1
 355 0146 4C       		.byte	76
 356 0147 20       		.byte	32
 357 0148 4E       		.byte	78
 358 0149 08       		.byte	8
 359 014a 50       		.byte	80
 360 014b 84       		.byte	-124
 361 014c 51       		.byte	81
 362 014d 04       		.byte	4
 363 014e 52       		.byte	82
 364 014f 08       		.byte	8
 365 0150 53       		.byte	83
 366 0151 04       		.byte	4
 367 0152 55       		.byte	85
 368 0153 01       		.byte	1
 369 0154 57       		.byte	87
 370 0155 10       		.byte	16
 371 0156 59       		.byte	89
 372 0157 01       		.byte	1
 373 0158 60       		.byte	96
 374 0159 04       		.byte	4
 375 015a 63       		.byte	99
 376 015b 42       		.byte	66
 377 015c 87       		.byte	-121
 378 015d 40       		.byte	64
 379 015e C0       		.byte	-64
 380 015f 7E       		.byte	126
 381 0160 C2       		.byte	-62
 382 0161 FF       		.byte	-1
 383 0162 C4       		.byte	-60
 384 0163 7C       		.byte	124
 385 0164 CA       		.byte	-54
 386 0165 E0       		.byte	-32
 387 0166 CC       		.byte	-52
 388 0167 5C       		.byte	92
 389 0168 CE       		.byte	-50
 390 0169 46       		.byte	70
 391 016a D0       		.byte	-48
 392 016b 60       		.byte	96
 393 016c D2       		.byte	-46
 394 016d 28       		.byte	40
 395 016e D6       		.byte	-42
 396 016f 01       		.byte	1
 397 0170 D8       		.byte	-40
 398 0171 0D       		.byte	13
 399 0172 01       		.byte	1
ARM GAS  C:\Users\mathias\AppData\Local\Temp\ccFNggdh.s 			page 8


 400 0173 01       		.byte	1
 401 0174 06       		.byte	6
 402 0175 05       		.byte	5
 403 0176 08       		.byte	8
 404 0177 03       		.byte	3
 405 0178 0A       		.byte	10
 406 0179 0C       		.byte	12
 407 017a 0B       		.byte	11
 408 017b 02       		.byte	2
 409 017c 14       		.byte	20
 410 017d 03       		.byte	3
 411 017e 16       		.byte	22
 412 017f 04       		.byte	4
 413 0180 17       		.byte	23
 414 0181 02       		.byte	2
 415 0182 19       		.byte	25
 416 0183 02       		.byte	2
 417 0184 1A       		.byte	26
 418 0185 08       		.byte	8
 419 0186 1F       		.byte	31
 420 0187 02       		.byte	2
 421 0188 20       		.byte	32
 422 0189 0A       		.byte	10
 423 018a 22       		.byte	34
 424 018b 04       		.byte	4
 425 018c 24       		.byte	36
 426 018d 03       		.byte	3
 427 018e 25       		.byte	37
 428 018f 02       		.byte	2
 429 0190 26       		.byte	38
 430 0191 04       		.byte	4
 431 0192 31       		.byte	49
 432 0193 02       		.byte	2
 433 0194 34       		.byte	52
 434 0195 0F       		.byte	15
 435 0196 35       		.byte	53
 436 0197 01       		.byte	1
 437 0198 3A       		.byte	58
 438 0199 28       		.byte	40
 439 019a 3F       		.byte	63
 440 019b 11       		.byte	17
 441 019c 54       		.byte	84
 442 019d 01       		.byte	1
 443 019e 58       		.byte	88
 444 019f 04       		.byte	4
 445 01a0 59       		.byte	89
 446 01a1 04       		.byte	4
 447 01a2 5B       		.byte	91
 448 01a3 04       		.byte	4
 449 01a4 5F       		.byte	95
 450 01a5 01       		.byte	1
 451 01a6 80       		.byte	-128
 452 01a7 21       		.byte	33
 453 01a8 82       		.byte	-126
 454 01a9 1A       		.byte	26
 455 01aa 87       		.byte	-121
 456 01ab 01       		.byte	1
ARM GAS  C:\Users\mathias\AppData\Local\Temp\ccFNggdh.s 			page 9


 457 01ac 89       		.byte	-119
 458 01ad 02       		.byte	2
 459 01ae 8F       		.byte	-113
 460 01af 01       		.byte	1
 461 01b0 90       		.byte	-112
 462 01b1 10       		.byte	16
 463 01b2 91       		.byte	-111
 464 01b3 08       		.byte	8
 465 01b4 92       		.byte	-110
 466 01b5 64       		.byte	100
 467 01b6 94       		.byte	-108
 468 01b7 73       		.byte	115
 469 01b8 95       		.byte	-107
 470 01b9 04       		.byte	4
 471 01ba 98       		.byte	-104
 472 01bb 42       		.byte	66
 473 01bc 99       		.byte	-103
 474 01bd 02       		.byte	2
 475 01be 9A       		.byte	-102
 476 01bf 19       		.byte	25
 477 01c0 9D       		.byte	-99
 478 01c1 08       		.byte	8
 479 01c2 A3       		.byte	-93
 480 01c3 02       		.byte	2
 481 01c4 A4       		.byte	-92
 482 01c5 73       		.byte	115
 483 01c6 A5       		.byte	-91
 484 01c7 08       		.byte	8
 485 01c8 A9       		.byte	-87
 486 01c9 08       		.byte	8
 487 01ca B0       		.byte	-80
 488 01cb 70       		.byte	112
 489 01cc B1       		.byte	-79
 490 01cd 08       		.byte	8
 491 01ce B3       		.byte	-77
 492 01cf 01       		.byte	1
 493 01d0 B4       		.byte	-76
 494 01d1 03       		.byte	3
 495 01d2 B5       		.byte	-75
 496 01d3 06       		.byte	6
 497 01d4 B6       		.byte	-74
 498 01d5 0C       		.byte	12
 499 01d6 B9       		.byte	-71
 500 01d7 20       		.byte	32
 501 01d8 BE       		.byte	-66
 502 01d9 40       		.byte	64
 503 01da BF       		.byte	-65
 504 01db 05       		.byte	5
 505 01dc C0       		.byte	-64
 506 01dd 64       		.byte	100
 507 01de C1       		.byte	-63
 508 01df 03       		.byte	3
 509 01e0 C2       		.byte	-62
 510 01e1 02       		.byte	2
 511 01e2 C4       		.byte	-60
 512 01e3 01       		.byte	1
 513 01e4 C6       		.byte	-58
ARM GAS  C:\Users\mathias\AppData\Local\Temp\ccFNggdh.s 			page 10


 514 01e5 0C       		.byte	12
 515 01e6 C7       		.byte	-57
 516 01e7 E0       		.byte	-32
 517 01e8 C8       		.byte	-56
 518 01e9 24       		.byte	36
 519 01ea C9       		.byte	-55
 520 01eb FF       		.byte	-1
 521 01ec CA       		.byte	-54
 522 01ed FF       		.byte	-1
 523 01ee CB       		.byte	-53
 524 01ef FF       		.byte	-1
 525 01f0 CC       		.byte	-52
 526 01f1 62       		.byte	98
 527 01f2 CD       		.byte	-51
 528 01f3 A0       		.byte	-96
 529 01f4 CE       		.byte	-50
 530 01f5 F0       		.byte	-16
 531 01f6 CF       		.byte	-49
 532 01f7 41       		.byte	65
 533 01f8 D0       		.byte	-48
 534 01f9 0C       		.byte	12
 535 01fa D8       		.byte	-40
 536 01fb 04       		.byte	4
 537 01fc D9       		.byte	-39
 538 01fd 04       		.byte	4
 539 01fe DA       		.byte	-38
 540 01ff 04       		.byte	4
 541 0200 DF       		.byte	-33
 542 0201 01       		.byte	1
 543 0202 E6       		.byte	-26
 544 0203 40       		.byte	64
 545 0204 E7       		.byte	-25
 546 0205 02       		.byte	2
 547 0206 E9       		.byte	-23
 548 0207 10       		.byte	16
 549 0208 EA       		.byte	-22
 550 0209 30       		.byte	48
 551 020a EB       		.byte	-21
 552 020b 10       		.byte	16
 553 020c ED       		.byte	-19
 554 020d 10       		.byte	16
 555 020e EE       		.byte	-18
 556 020f 10       		.byte	16
 557 0210 EF       		.byte	-17
 558 0211 12       		.byte	18
 559 0212 00       		.byte	0
 560 0213 02       		.byte	2
 561 0214 04       		.byte	4
 562 0215 08       		.byte	8
 563 0216 05       		.byte	5
 564 0217 10       		.byte	16
 565 0218 0A       		.byte	10
 566 0219 64       		.byte	100
 567 021a 0E       		.byte	14
 568 021b 20       		.byte	32
 569 021c 0F       		.byte	15
 570 021d 24       		.byte	36
ARM GAS  C:\Users\mathias\AppData\Local\Temp\ccFNggdh.s 			page 11


 571 021e 10       		.byte	16
 572 021f 20       		.byte	32
 573 0220 14       		.byte	20
 574 0221 80       		.byte	-128
 575 0222 16       		.byte	22
 576 0223 10       		.byte	16
 577 0224 18       		.byte	24
 578 0225 01       		.byte	1
 579 0226 1A       		.byte	26
 580 0227 44       		.byte	68
 581 0228 1D       		.byte	29
 582 0229 1C       		.byte	28
 583 022a 22       		.byte	34
 584 022b 05       		.byte	5
 585 022c 23       		.byte	35
 586 022d 04       		.byte	4
 587 022e 27       		.byte	39
 588 022f 88       		.byte	-120
 589 0230 28       		.byte	40
 590 0231 80       		.byte	-128
 591 0232 29       		.byte	41
 592 0233 24       		.byte	36
 593 0234 2A       		.byte	42
 594 0235 04       		.byte	4
 595 0236 2F       		.byte	47
 596 0237 10       		.byte	16
 597 0238 30       		.byte	48
 598 0239 02       		.byte	2
 599 023a 31       		.byte	49
 600 023b 10       		.byte	16
 601 023c 32       		.byte	50
 602 023d 08       		.byte	8
 603 023e 33       		.byte	51
 604 023f 41       		.byte	65
 605 0240 34       		.byte	52
 606 0241 80       		.byte	-128
 607 0242 35       		.byte	53
 608 0243 10       		.byte	16
 609 0244 36       		.byte	54
 610 0245 88       		.byte	-120
 611 0246 38       		.byte	56
 612 0247 84       		.byte	-124
 613 0248 39       		.byte	57
 614 0249 08       		.byte	8
 615 024a 3B       		.byte	59
 616 024b 20       		.byte	32
 617 024c 3D       		.byte	61
 618 024d 03       		.byte	3
 619 024e 3F       		.byte	63
 620 024f 20       		.byte	32
 621 0250 40       		.byte	64
 622 0251 05       		.byte	5
 623 0252 41       		.byte	65
 624 0253 09       		.byte	9
 625 0254 49       		.byte	73
 626 0255 20       		.byte	32
 627 0256 4B       		.byte	75
ARM GAS  C:\Users\mathias\AppData\Local\Temp\ccFNggdh.s 			page 12


 628 0257 10       		.byte	16
 629 0258 50       		.byte	80
 630 0259 40       		.byte	64
 631 025a 51       		.byte	81
 632 025b 02       		.byte	2
 633 025c 5D       		.byte	93
 634 025d 01       		.byte	1
 635 025e 5E       		.byte	94
 636 025f 20       		.byte	32
 637 0260 5F       		.byte	95
 638 0261 88       		.byte	-120
 639 0262 8A       		.byte	-118
 640 0263 04       		.byte	4
 641 0264 8B       		.byte	-117
 642 0265 01       		.byte	1
 643 0266 90       		.byte	-112
 644 0267 08       		.byte	8
 645 0268 93       		.byte	-109
 646 0269 20       		.byte	32
 647 026a 97       		.byte	-105
 648 026b 14       		.byte	20
 649 026c 9A       		.byte	-102
 650 026d 10       		.byte	16
 651 026e 9D       		.byte	-99
 652 026f 11       		.byte	17
 653 0270 9E       		.byte	-98
 654 0271 04       		.byte	4
 655 0272 9F       		.byte	-97
 656 0273 40       		.byte	64
 657 0274 A1       		.byte	-95
 658 0275 01       		.byte	1
 659 0276 A2       		.byte	-94
 660 0277 88       		.byte	-120
 661 0278 A3       		.byte	-93
 662 0279 18       		.byte	24
 663 027a A4       		.byte	-92
 664 027b 02       		.byte	2
 665 027c A5       		.byte	-91
 666 027d 02       		.byte	2
 667 027e A7       		.byte	-89
 668 027f 01       		.byte	1
 669 0280 C0       		.byte	-64
 670 0281 68       		.byte	104
 671 0282 C2       		.byte	-62
 672 0283 6E       		.byte	110
 673 0284 C4       		.byte	-60
 674 0285 34       		.byte	52
 675 0286 CA       		.byte	-54
 676 0287 47       		.byte	71
 677 0288 CC       		.byte	-52
 678 0289 7F       		.byte	127
 679 028a CE       		.byte	-50
 680 028b AE       		.byte	-82
 681 028c D0       		.byte	-48
 682 028d 0F       		.byte	15
 683 028e D2       		.byte	-46
 684 028f 04       		.byte	4
ARM GAS  C:\Users\mathias\AppData\Local\Temp\ccFNggdh.s 			page 13


 685 0290 D6       		.byte	-42
 686 0291 F0       		.byte	-16
 687 0292 00       		.byte	0
 688 0293 21       		.byte	33
 689 0294 01       		.byte	1
 690 0295 08       		.byte	8
 691 0296 04       		.byte	4
 692 0297 63       		.byte	99
 693 0298 05       		.byte	5
 694 0299 01       		.byte	1
 695 029a 06       		.byte	6
 696 029b 0C       		.byte	12
 697 029c 08       		.byte	8
 698 029d 10       		.byte	16
 699 029e 09       		.byte	9
 700 029f 04       		.byte	4
 701 02a0 0C       		.byte	12
 702 02a1 0F       		.byte	15
 703 02a2 0E       		.byte	14
 704 02a3 60       		.byte	96
 705 02a4 0F       		.byte	15
 706 02a5 02       		.byte	2
 707 02a6 10       		.byte	16
 708 02a7 63       		.byte	99
 709 02a8 11       		.byte	17
 710 02a9 01       		.byte	1
 711 02aa 14       		.byte	20
 712 02ab 6F       		.byte	111
 713 02ac 15       		.byte	21
 714 02ad 0C       		.byte	12
 715 02ae 18       		.byte	24
 716 02af 42       		.byte	66
 717 02b0 19       		.byte	25
 718 02b1 01       		.byte	1
 719 02b2 1C       		.byte	28
 720 02b3 0C       		.byte	12
 721 02b4 1D       		.byte	29
 722 02b5 0E       		.byte	14
 723 02b6 1E       		.byte	30
 724 02b7 63       		.byte	99
 725 02b8 20       		.byte	32
 726 02b9 08       		.byte	8
 727 02ba 21       		.byte	33
 728 02bb 0C       		.byte	12
 729 02bc 23       		.byte	35
 730 02bd 02       		.byte	2
 731 02be 24       		.byte	36
 732 02bf 04       		.byte	4
 733 02c0 25       		.byte	37
 734 02c1 0E       		.byte	14
 735 02c2 28       		.byte	40
 736 02c3 0C       		.byte	12
 737 02c4 29       		.byte	41
 738 02c5 02       		.byte	2
 739 02c6 2B       		.byte	43
 740 02c7 0C       		.byte	12
 741 02c8 2E       		.byte	46
ARM GAS  C:\Users\mathias\AppData\Local\Temp\ccFNggdh.s 			page 14


 742 02c9 63       		.byte	99
 743 02ca 30       		.byte	48
 744 02cb 60       		.byte	96
 745 02cc 31       		.byte	49
 746 02cd 01       		.byte	1
 747 02ce 32       		.byte	50
 748 02cf 10       		.byte	16
 749 02d0 33       		.byte	51
 750 02d1 0E       		.byte	14
 751 02d2 34       		.byte	52
 752 02d3 0F       		.byte	15
 753 02d4 3A       		.byte	58
 754 02d5 20       		.byte	32
 755 02d6 3E       		.byte	62
 756 02d7 04       		.byte	4
 757 02d8 56       		.byte	86
 758 02d9 02       		.byte	2
 759 02da 57       		.byte	87
 760 02db 13       		.byte	19
 761 02dc 58       		.byte	88
 762 02dd 04       		.byte	4
 763 02de 59       		.byte	89
 764 02df 04       		.byte	4
 765 02e0 5B       		.byte	91
 766 02e1 04       		.byte	4
 767 02e2 5F       		.byte	95
 768 02e3 01       		.byte	1
 769 02e4 81       		.byte	-127
 770 02e5 10       		.byte	16
 771 02e6 85       		.byte	-123
 772 02e7 08       		.byte	8
 773 02e8 8B       		.byte	-117
 774 02e9 04       		.byte	4
 775 02ea 8F       		.byte	-113
 776 02eb 23       		.byte	35
 777 02ec 91       		.byte	-111
 778 02ed 1C       		.byte	28
 779 02ee 93       		.byte	-109
 780 02ef 21       		.byte	33
 781 02f0 99       		.byte	-103
 782 02f1 18       		.byte	24
 783 02f2 9D       		.byte	-99
 784 02f3 1C       		.byte	28
 785 02f4 9F       		.byte	-97
 786 02f5 22       		.byte	34
 787 02f6 A1       		.byte	-95
 788 02f7 04       		.byte	4
 789 02f8 A3       		.byte	-93
 790 02f9 40       		.byte	64
 791 02fa A5       		.byte	-91
 792 02fb 3F       		.byte	63
 793 02fc A9       		.byte	-87
 794 02fd 27       		.byte	39
 795 02fe AB       		.byte	-85
 796 02ff 18       		.byte	24
 797 0300 B1       		.byte	-79
 798 0301 1F       		.byte	31
ARM GAS  C:\Users\mathias\AppData\Local\Temp\ccFNggdh.s 			page 15


 799 0302 B3       		.byte	-77
 800 0303 40       		.byte	64
 801 0304 B7       		.byte	-73
 802 0305 38       		.byte	56
 803 0306 BB       		.byte	-69
 804 0307 82       		.byte	-126
 805 0308 D9       		.byte	-39
 806 0309 04       		.byte	4
 807 030a DF       		.byte	-33
 808 030b 01       		.byte	1
 809 030c 00       		.byte	0
 810 030d 06       		.byte	6
 811 030e 03       		.byte	3
 812 030f 09       		.byte	9
 813 0310 09       		.byte	9
 814 0311 08       		.byte	8
 815 0312 0A       		.byte	10
 816 0313 45       		.byte	69
 817 0314 10       		.byte	16
 818 0315 08       		.byte	8
 819 0316 13       		.byte	19
 820 0317 45       		.byte	69
 821 0318 18       		.byte	24
 822 0319 04       		.byte	4
 823 031a 19       		.byte	25
 824 031b 21       		.byte	33
 825 031c 1A       		.byte	26
 826 031d 10       		.byte	16
 827 031e 21       		.byte	33
 828 031f 05       		.byte	5
 829 0320 23       		.byte	35
 830 0321 40       		.byte	64
 831 0322 24       		.byte	36
 832 0323 10       		.byte	16
 833 0324 27       		.byte	39
 834 0325 41       		.byte	65
 835 0326 29       		.byte	41
 836 0327 22       		.byte	34
 837 0328 2A       		.byte	42
 838 0329 04       		.byte	4
 839 032a 2B       		.byte	43
 840 032b 20       		.byte	32
 841 032c 2D       		.byte	45
 842 032d 20       		.byte	32
 843 032e 2F       		.byte	47
 844 032f A0       		.byte	-96
 845 0330 30       		.byte	48
 846 0331 0A       		.byte	10
 847 0332 32       		.byte	50
 848 0333 10       		.byte	16
 849 0334 33       		.byte	51
 850 0335 40       		.byte	64
 851 0336 35       		.byte	53
 852 0337 02       		.byte	2
 853 0338 37       		.byte	55
 854 0339 61       		.byte	97
 855 033a 38       		.byte	56
ARM GAS  C:\Users\mathias\AppData\Local\Temp\ccFNggdh.s 			page 16


 856 033b 20       		.byte	32
 857 033c 39       		.byte	57
 858 033d 04       		.byte	4
 859 033e 3B       		.byte	59
 860 033f 41       		.byte	65
 861 0340 3C       		.byte	60
 862 0341 10       		.byte	16
 863 0342 3F       		.byte	63
 864 0343 45       		.byte	69
 865 0344 42       		.byte	66
 866 0345 01       		.byte	1
 867 0346 43       		.byte	67
 868 0347 40       		.byte	64
 869 0348 5A       		.byte	90
 870 0349 02       		.byte	2
 871 034a 68       		.byte	104
 872 034b 22       		.byte	34
 873 034c 69       		.byte	105
 874 034d 04       		.byte	4
 875 034e 6A       		.byte	106
 876 034f 20       		.byte	32
 877 0350 70       		.byte	112
 878 0351 18       		.byte	24
 879 0352 73       		.byte	115
 880 0353 25       		.byte	37
 881 0354 82       		.byte	-126
 882 0355 10       		.byte	16
 883 0356 88       		.byte	-120
 884 0357 01       		.byte	1
 885 0358 8B       		.byte	-117
 886 0359 80       		.byte	-128
 887 035a 92       		.byte	-110
 888 035b 46       		.byte	70
 889 035c 95       		.byte	-107
 890 035d 0A       		.byte	10
 891 035e 96       		.byte	-106
 892 035f 20       		.byte	32
 893 0360 9A       		.byte	-102
 894 0361 04       		.byte	4
 895 0362 9D       		.byte	-99
 896 0363 21       		.byte	33
 897 0364 9F       		.byte	-97
 898 0365 41       		.byte	65
 899 0366 A1       		.byte	-95
 900 0367 08       		.byte	8
 901 0368 A3       		.byte	-93
 902 0369 08       		.byte	8
 903 036a A4       		.byte	-92
 904 036b 21       		.byte	33
 905 036c C0       		.byte	-64
 906 036d 0F       		.byte	15
 907 036e C2       		.byte	-62
 908 036f 0F       		.byte	15
 909 0370 C4       		.byte	-60
 910 0371 0F       		.byte	15
 911 0372 CA       		.byte	-54
 912 0373 E7       		.byte	-25
ARM GAS  C:\Users\mathias\AppData\Local\Temp\ccFNggdh.s 			page 17


 913 0374 CC       		.byte	-52
 914 0375 BF       		.byte	-65
 915 0376 CE       		.byte	-50
 916 0377 FF       		.byte	-1
 917 0378 D6       		.byte	-42
 918 0379 01       		.byte	1
 919 037a E0       		.byte	-32
 920 037b 01       		.byte	1
 921 037c 32       		.byte	50
 922 037d 20       		.byte	32
 923 037e CC       		.byte	-52
 924 037f 10       		.byte	16
 925 0380 A6       		.byte	-90
 926 0381 20       		.byte	32
 927 0382 A6       		.byte	-90
 928 0383 20       		.byte	32
 929 0384 86       		.byte	-122
 930 0385 20       		.byte	32
 931 0386 A6       		.byte	-90
 932 0387 20       		.byte	32
 933 0388 E6       		.byte	-26
 934 0389 40       		.byte	64
 935 038a 10       		.byte	16
 936 038b 40       		.byte	64
 937 038c 71       		.byte	113
 938 038d 02       		.byte	2
 939 038e 81       		.byte	-127
 940 038f 02       		.byte	2
 941 0390 88       		.byte	-120
 942 0391 40       		.byte	64
 943 0392 C4       		.byte	-60
 944 0393 08       		.byte	8
 945 0394 DC       		.byte	-36
 946 0395 01       		.byte	1
 947 0396 E2       		.byte	-30
 948 0397 01       		.byte	1
 949 0398 00       		.byte	0
 950 0399 01       		.byte	1
 951 039a 0C       		.byte	12
 952 039b 01       		.byte	1
 953 039c 10       		.byte	16
 954 039d 01       		.byte	1
 955 039e 1C       		.byte	28
 956 039f 01       		.byte	1
 957 03a0 00       		.byte	0
 958 03a1 03       		.byte	3
 959 03a2 00       		.byte	0
 960 03a3 00       		.byte	0
 961 03a4 80       		.byte	-128
 962 03a5 00       		.byte	0
 963 03a6 40       		.byte	64
 964 03a7 80       		.byte	-128
 965 03a8 80       		.byte	-128
 966 03a9 00       		.byte	0
 967 03aa 80       		.byte	-128
 968 03ab 00       		.byte	0
 969 03ac 00       		.byte	0
ARM GAS  C:\Users\mathias\AppData\Local\Temp\ccFNggdh.s 			page 18


 970 03ad 00       		.byte	0
 971 03ae 00       		.byte	0
 972 03af 00       		.byte	0
 973 03b0 00       		.byte	0
 974 03b1 0B       		.byte	11
 975 03b2 0B       		.byte	11
 976 03b3 00       		.byte	0
 977 03b4 00       		.byte	0
 978 03b5 00       		.byte	0
 979 03b6 00       		.byte	0
 980 03b7 00       		.byte	0
 981              		.section	.cywolatch,"a",%progbits
 982              		.align	2
 983              		.type	cy_meta_wonvl, %object
 984              		.size	cy_meta_wonvl, 4
 985              	cy_meta_wonvl:
 986 0000 BC       		.byte	-68
 987 0001 90       		.byte	-112
 988 0002 AC       		.byte	-84
 989 0003 AF       		.byte	-81
 990              		.section	.cycustnvl,"a",%progbits
 991              		.align	2
 992              		.type	cy_meta_custnvl, %object
 993              		.size	cy_meta_custnvl, 4
 994              	cy_meta_custnvl:
 995 0000 00       		.byte	0
 996 0001 00       		.byte	0
 997 0002 40       		.byte	64
 998 0003 05       		.byte	5
 999              		.section	.cymeta,"a",%progbits
 1000              		.align	2
 1001              		.type	cy_metadata, %object
 1002              		.size	cy_metadata, 12
 1003              	cy_metadata:
 1004 0000 00       		.byte	0
 1005 0001 01       		.byte	1
 1006 0002 2E       		.byte	46
 1007 0003 16       		.byte	22
 1008 0004 10       		.byte	16
 1009 0005 69       		.byte	105
 1010 0006 00       		.byte	0
 1011 0007 01       		.byte	1
 1012 0008 00       		.byte	0
 1013 0009 00       		.byte	0
 1014 000a 00       		.byte	0
 1015 000b 00       		.byte	0
 1016              		.section	.cyflashprotect,"a",%progbits
 1017              		.align	2
 1018              		.type	cy_meta_flashprotect, %object
 1019              		.size	cy_meta_flashprotect, 256
 1020              	cy_meta_flashprotect:
 1021 0000 00000000 		.space	256
 1021      00000000 
 1021      00000000 
 1021      00000000 
 1021      00000000 
 1022              		.text
ARM GAS  C:\Users\mathias\AppData\Local\Temp\ccFNggdh.s 			page 19


 1023              	.Letext0:
 1024              		.file 1 "c:\\program files (x86)\\cypress\\psoc creator\\4.4\\psoc creator\\import\\gnu\\arm\\5.4.
 1025              		.file 2 "c:\\program files (x86)\\cypress\\psoc creator\\4.4\\psoc creator\\import\\gnu\\arm\\5.4.
 1026              		.file 3 "Generated_Source\\PSoC5\\cymetadata.c"
 1027              		.section	.debug_info,"",%progbits
 1028              	.Ldebug_info0:
 1029 0000 31010000 		.4byte	0x131
 1030 0004 0400     		.2byte	0x4
 1031 0006 00000000 		.4byte	.Ldebug_abbrev0
 1032 000a 04       		.byte	0x4
 1033 000b 01       		.uleb128 0x1
 1034 000c 86000000 		.4byte	.LASF17
 1035 0010 0C       		.byte	0xc
 1036 0011 E0010000 		.4byte	.LASF18
 1037 0015 0A000000 		.4byte	.LASF19
 1038 0019 00000000 		.4byte	.Ldebug_line0
 1039 001d 02       		.uleb128 0x2
 1040 001e 01       		.byte	0x1
 1041 001f 06       		.byte	0x6
 1042 0020 D4010000 		.4byte	.LASF0
 1043 0024 03       		.uleb128 0x3
 1044 0025 00000000 		.4byte	.LASF9
 1045 0029 01       		.byte	0x1
 1046 002a 1D       		.byte	0x1d
 1047 002b 2F000000 		.4byte	0x2f
 1048 002f 02       		.uleb128 0x2
 1049 0030 01       		.byte	0x1
 1050 0031 08       		.byte	0x8
 1051 0032 78000000 		.4byte	.LASF1
 1052 0036 02       		.uleb128 0x2
 1053 0037 02       		.byte	0x2
 1054 0038 05       		.byte	0x5
 1055 0039 C1010000 		.4byte	.LASF2
 1056 003d 02       		.uleb128 0x2
 1057 003e 02       		.byte	0x2
 1058 003f 07       		.byte	0x7
 1059 0040 26010000 		.4byte	.LASF3
 1060 0044 02       		.uleb128 0x2
 1061 0045 04       		.byte	0x4
 1062 0046 05       		.byte	0x5
 1063 0047 CB010000 		.4byte	.LASF4
 1064 004b 02       		.uleb128 0x2
 1065 004c 04       		.byte	0x4
 1066 004d 07       		.byte	0x7
 1067 004e 14010000 		.4byte	.LASF5
 1068 0052 02       		.uleb128 0x2
 1069 0053 08       		.byte	0x8
 1070 0054 05       		.byte	0x5
 1071 0055 B3010000 		.4byte	.LASF6
 1072 0059 02       		.uleb128 0x2
 1073 005a 08       		.byte	0x8
 1074 005b 07       		.byte	0x7
 1075 005c 68010000 		.4byte	.LASF7
 1076 0060 04       		.uleb128 0x4
 1077 0061 04       		.byte	0x4
 1078 0062 05       		.byte	0x5
 1079 0063 696E7400 		.ascii	"int\000"
ARM GAS  C:\Users\mathias\AppData\Local\Temp\ccFNggdh.s 			page 20


 1080 0067 02       		.uleb128 0x2
 1081 0068 04       		.byte	0x4
 1082 0069 07       		.byte	0x7
 1083 006a 5B010000 		.4byte	.LASF8
 1084 006e 03       		.uleb128 0x3
 1085 006f 7F010000 		.4byte	.LASF10
 1086 0073 02       		.byte	0x2
 1087 0074 18       		.byte	0x18
 1088 0075 24000000 		.4byte	0x24
 1089 0079 05       		.uleb128 0x5
 1090 007a 91000000 		.4byte	0x91
 1091 007e 8A000000 		.4byte	0x8a
 1092 0082 06       		.uleb128 0x6
 1093 0083 8A000000 		.4byte	0x8a
 1094 0087 B703     		.2byte	0x3b7
 1095 0089 00       		.byte	0
 1096 008a 02       		.uleb128 0x2
 1097 008b 04       		.byte	0x4
 1098 008c 07       		.byte	0x7
 1099 008d AA010000 		.4byte	.LASF11
 1100 0091 07       		.uleb128 0x7
 1101 0092 6E000000 		.4byte	0x6e
 1102 0096 08       		.uleb128 0x8
 1103 0097 49010000 		.4byte	.LASF12
 1104 009b 03       		.byte	0x3
 1105 009c 1F       		.byte	0x1f
 1106 009d A7000000 		.4byte	0xa7
 1107 00a1 05       		.uleb128 0x5
 1108 00a2 03       		.byte	0x3
 1109 00a3 00000000 		.4byte	cy_meta_configecc
 1110 00a7 07       		.uleb128 0x7
 1111 00a8 79000000 		.4byte	0x79
 1112 00ac 05       		.uleb128 0x5
 1113 00ad 91000000 		.4byte	0x91
 1114 00b1 BC000000 		.4byte	0xbc
 1115 00b5 09       		.uleb128 0x9
 1116 00b6 8A000000 		.4byte	0x8a
 1117 00ba 03       		.byte	0x3
 1118 00bb 00       		.byte	0
 1119 00bc 08       		.uleb128 0x8
 1120 00bd 39010000 		.4byte	.LASF13
 1121 00c1 03       		.byte	0x3
 1122 00c2 A3       		.byte	0xa3
 1123 00c3 CD000000 		.4byte	0xcd
 1124 00c7 05       		.uleb128 0x5
 1125 00c8 03       		.byte	0x3
 1126 00c9 00000000 		.4byte	cy_meta_custnvl
 1127 00cd 07       		.uleb128 0x7
 1128 00ce AC000000 		.4byte	0xac
 1129 00d2 08       		.uleb128 0x8
 1130 00d3 9C010000 		.4byte	.LASF14
 1131 00d7 03       		.byte	0x3
 1132 00d8 B1       		.byte	0xb1
 1133 00d9 E3000000 		.4byte	0xe3
 1134 00dd 05       		.uleb128 0x5
 1135 00de 03       		.byte	0x3
 1136 00df 00000000 		.4byte	cy_meta_wonvl
ARM GAS  C:\Users\mathias\AppData\Local\Temp\ccFNggdh.s 			page 21


 1137 00e3 07       		.uleb128 0x7
 1138 00e4 AC000000 		.4byte	0xac
 1139 00e8 05       		.uleb128 0x5
 1140 00e9 91000000 		.4byte	0x91
 1141 00ed F8000000 		.4byte	0xf8
 1142 00f1 09       		.uleb128 0x9
 1143 00f2 8A000000 		.4byte	0x8a
 1144 00f6 FF       		.byte	0xff
 1145 00f7 00       		.byte	0
 1146 00f8 08       		.uleb128 0x8
 1147 00f9 87010000 		.4byte	.LASF15
 1148 00fd 03       		.byte	0x3
 1149 00fe BF       		.byte	0xbf
 1150 00ff 09010000 		.4byte	0x109
 1151 0103 05       		.uleb128 0x5
 1152 0104 03       		.byte	0x3
 1153 0105 00000000 		.4byte	cy_meta_flashprotect
 1154 0109 07       		.uleb128 0x7
 1155 010a E8000000 		.4byte	0xe8
 1156 010e 05       		.uleb128 0x5
 1157 010f 91000000 		.4byte	0x91
 1158 0113 1E010000 		.4byte	0x11e
 1159 0117 09       		.uleb128 0x9
 1160 0118 8A000000 		.4byte	0x8a
 1161 011c 0B       		.byte	0xb
 1162 011d 00       		.byte	0
 1163 011e 08       		.uleb128 0x8
 1164 011f 6C000000 		.4byte	.LASF16
 1165 0123 03       		.byte	0x3
 1166 0124 EC       		.byte	0xec
 1167 0125 2F010000 		.4byte	0x12f
 1168 0129 05       		.uleb128 0x5
 1169 012a 03       		.byte	0x3
 1170 012b 00000000 		.4byte	cy_metadata
 1171 012f 07       		.uleb128 0x7
 1172 0130 0E010000 		.4byte	0x10e
 1173 0134 00       		.byte	0
 1174              		.section	.debug_abbrev,"",%progbits
 1175              	.Ldebug_abbrev0:
 1176 0000 01       		.uleb128 0x1
 1177 0001 11       		.uleb128 0x11
 1178 0002 01       		.byte	0x1
 1179 0003 25       		.uleb128 0x25
 1180 0004 0E       		.uleb128 0xe
 1181 0005 13       		.uleb128 0x13
 1182 0006 0B       		.uleb128 0xb
 1183 0007 03       		.uleb128 0x3
 1184 0008 0E       		.uleb128 0xe
 1185 0009 1B       		.uleb128 0x1b
 1186 000a 0E       		.uleb128 0xe
 1187 000b 10       		.uleb128 0x10
 1188 000c 17       		.uleb128 0x17
 1189 000d 00       		.byte	0
 1190 000e 00       		.byte	0
 1191 000f 02       		.uleb128 0x2
 1192 0010 24       		.uleb128 0x24
 1193 0011 00       		.byte	0
ARM GAS  C:\Users\mathias\AppData\Local\Temp\ccFNggdh.s 			page 22


 1194 0012 0B       		.uleb128 0xb
 1195 0013 0B       		.uleb128 0xb
 1196 0014 3E       		.uleb128 0x3e
 1197 0015 0B       		.uleb128 0xb
 1198 0016 03       		.uleb128 0x3
 1199 0017 0E       		.uleb128 0xe
 1200 0018 00       		.byte	0
 1201 0019 00       		.byte	0
 1202 001a 03       		.uleb128 0x3
 1203 001b 16       		.uleb128 0x16
 1204 001c 00       		.byte	0
 1205 001d 03       		.uleb128 0x3
 1206 001e 0E       		.uleb128 0xe
 1207 001f 3A       		.uleb128 0x3a
 1208 0020 0B       		.uleb128 0xb
 1209 0021 3B       		.uleb128 0x3b
 1210 0022 0B       		.uleb128 0xb
 1211 0023 49       		.uleb128 0x49
 1212 0024 13       		.uleb128 0x13
 1213 0025 00       		.byte	0
 1214 0026 00       		.byte	0
 1215 0027 04       		.uleb128 0x4
 1216 0028 24       		.uleb128 0x24
 1217 0029 00       		.byte	0
 1218 002a 0B       		.uleb128 0xb
 1219 002b 0B       		.uleb128 0xb
 1220 002c 3E       		.uleb128 0x3e
 1221 002d 0B       		.uleb128 0xb
 1222 002e 03       		.uleb128 0x3
 1223 002f 08       		.uleb128 0x8
 1224 0030 00       		.byte	0
 1225 0031 00       		.byte	0
 1226 0032 05       		.uleb128 0x5
 1227 0033 01       		.uleb128 0x1
 1228 0034 01       		.byte	0x1
 1229 0035 49       		.uleb128 0x49
 1230 0036 13       		.uleb128 0x13
 1231 0037 01       		.uleb128 0x1
 1232 0038 13       		.uleb128 0x13
 1233 0039 00       		.byte	0
 1234 003a 00       		.byte	0
 1235 003b 06       		.uleb128 0x6
 1236 003c 21       		.uleb128 0x21
 1237 003d 00       		.byte	0
 1238 003e 49       		.uleb128 0x49
 1239 003f 13       		.uleb128 0x13
 1240 0040 2F       		.uleb128 0x2f
 1241 0041 05       		.uleb128 0x5
 1242 0042 00       		.byte	0
 1243 0043 00       		.byte	0
 1244 0044 07       		.uleb128 0x7
 1245 0045 26       		.uleb128 0x26
 1246 0046 00       		.byte	0
 1247 0047 49       		.uleb128 0x49
 1248 0048 13       		.uleb128 0x13
 1249 0049 00       		.byte	0
 1250 004a 00       		.byte	0
ARM GAS  C:\Users\mathias\AppData\Local\Temp\ccFNggdh.s 			page 23


 1251 004b 08       		.uleb128 0x8
 1252 004c 34       		.uleb128 0x34
 1253 004d 00       		.byte	0
 1254 004e 03       		.uleb128 0x3
 1255 004f 0E       		.uleb128 0xe
 1256 0050 3A       		.uleb128 0x3a
 1257 0051 0B       		.uleb128 0xb
 1258 0052 3B       		.uleb128 0x3b
 1259 0053 0B       		.uleb128 0xb
 1260 0054 49       		.uleb128 0x49
 1261 0055 13       		.uleb128 0x13
 1262 0056 3F       		.uleb128 0x3f
 1263 0057 19       		.uleb128 0x19
 1264 0058 02       		.uleb128 0x2
 1265 0059 18       		.uleb128 0x18
 1266 005a 00       		.byte	0
 1267 005b 00       		.byte	0
 1268 005c 09       		.uleb128 0x9
 1269 005d 21       		.uleb128 0x21
 1270 005e 00       		.byte	0
 1271 005f 49       		.uleb128 0x49
 1272 0060 13       		.uleb128 0x13
 1273 0061 2F       		.uleb128 0x2f
 1274 0062 0B       		.uleb128 0xb
 1275 0063 00       		.byte	0
 1276 0064 00       		.byte	0
 1277 0065 00       		.byte	0
 1278              		.section	.debug_aranges,"",%progbits
 1279 0000 14000000 		.4byte	0x14
 1280 0004 0200     		.2byte	0x2
 1281 0006 00000000 		.4byte	.Ldebug_info0
 1282 000a 04       		.byte	0x4
 1283 000b 00       		.byte	0
 1284 000c 0000     		.2byte	0
 1285 000e 0000     		.2byte	0
 1286 0010 00000000 		.4byte	0
 1287 0014 00000000 		.4byte	0
 1288              		.section	.debug_line,"",%progbits
 1289              	.Ldebug_line0:
 1290 0000 3D010000 		.section	.debug_str,"MS",%progbits,1
 1290      02003701 
 1290      00000201 
 1290      FB0E0D00 
 1290      01010101 
 1291              	.LASF9:
 1292 0000 5F5F7569 		.ascii	"__uint8_t\000"
 1292      6E74385F 
 1292      7400
 1293              	.LASF19:
 1294 000a 433A5C55 		.ascii	"C:\\Users\\mathias\\Documents\\Uni\\2sem\\GFV\\Afle"
 1294      73657273 
 1294      5C6D6174 
 1294      68696173 
 1294      5C446F63 
 1295 0036 76657269 		.ascii	"vering2\\GFVAflevering2\\Project\\Lab2\\Opgave1_I2C"
 1295      6E67325C 
 1295      47465641 
ARM GAS  C:\Users\mathias\AppData\Local\Temp\ccFNggdh.s 			page 24


 1295      666C6576 
 1295      6572696E 
 1296 0065 2E637964 		.ascii	".cydsn\000"
 1296      736E00
 1297              	.LASF16:
 1298 006c 63795F6D 		.ascii	"cy_metadata\000"
 1298      65746164 
 1298      61746100 
 1299              	.LASF1:
 1300 0078 756E7369 		.ascii	"unsigned char\000"
 1300      676E6564 
 1300      20636861 
 1300      7200
 1301              	.LASF17:
 1302 0086 474E5520 		.ascii	"GNU C11 5.4.1 20160609 (release) [ARM/embedded-5-br"
 1302      43313120 
 1302      352E342E 
 1302      31203230 
 1302      31363036 
 1303 00b9 616E6368 		.ascii	"anch revision 237715] -mcpu=cortex-m3 -mthumb -g -O"
 1303      20726576 
 1303      6973696F 
 1303      6E203233 
 1303      37373135 
 1304 00ec 67202D66 		.ascii	"g -ffunction-sections -ffat-lto-objects\000"
 1304      66756E63 
 1304      74696F6E 
 1304      2D736563 
 1304      74696F6E 
 1305              	.LASF5:
 1306 0114 6C6F6E67 		.ascii	"long unsigned int\000"
 1306      20756E73 
 1306      69676E65 
 1306      6420696E 
 1306      7400
 1307              	.LASF3:
 1308 0126 73686F72 		.ascii	"short unsigned int\000"
 1308      7420756E 
 1308      7369676E 
 1308      65642069 
 1308      6E7400
 1309              	.LASF13:
 1310 0139 63795F6D 		.ascii	"cy_meta_custnvl\000"
 1310      6574615F 
 1310      63757374 
 1310      6E766C00 
 1311              	.LASF12:
 1312 0149 63795F6D 		.ascii	"cy_meta_configecc\000"
 1312      6574615F 
 1312      636F6E66 
 1312      69676563 
 1312      6300
 1313              	.LASF8:
 1314 015b 756E7369 		.ascii	"unsigned int\000"
 1314      676E6564 
 1314      20696E74 
 1314      00
ARM GAS  C:\Users\mathias\AppData\Local\Temp\ccFNggdh.s 			page 25


 1315              	.LASF7:
 1316 0168 6C6F6E67 		.ascii	"long long unsigned int\000"
 1316      206C6F6E 
 1316      6720756E 
 1316      7369676E 
 1316      65642069 
 1317              	.LASF10:
 1318 017f 75696E74 		.ascii	"uint8_t\000"
 1318      385F7400 
 1319              	.LASF15:
 1320 0187 63795F6D 		.ascii	"cy_meta_flashprotect\000"
 1320      6574615F 
 1320      666C6173 
 1320      6870726F 
 1320      74656374 
 1321              	.LASF14:
 1322 019c 63795F6D 		.ascii	"cy_meta_wonvl\000"
 1322      6574615F 
 1322      776F6E76 
 1322      6C00
 1323              	.LASF11:
 1324 01aa 73697A65 		.ascii	"sizetype\000"
 1324      74797065 
 1324      00
 1325              	.LASF6:
 1326 01b3 6C6F6E67 		.ascii	"long long int\000"
 1326      206C6F6E 
 1326      6720696E 
 1326      7400
 1327              	.LASF2:
 1328 01c1 73686F72 		.ascii	"short int\000"
 1328      7420696E 
 1328      7400
 1329              	.LASF4:
 1330 01cb 6C6F6E67 		.ascii	"long int\000"
 1330      20696E74 
 1330      00
 1331              	.LASF0:
 1332 01d4 7369676E 		.ascii	"signed char\000"
 1332      65642063 
 1332      68617200 
 1333              	.LASF18:
 1334 01e0 47656E65 		.ascii	"Generated_Source\\PSoC5\\cymetadata.c\000"
 1334      72617465 
 1334      645F536F 
 1334      75726365 
 1334      5C50536F 
 1335              		.ident	"GCC: (GNU Tools for ARM Embedded Processors) 5.4.1 20160609 (release) [ARM/embedded-5-bran
