<<<<<<< Updated upstream
ARM GAS  C:\Users\mathias\AppData\Local\Temp\ccKOlFKk.s 			page 1
=======
ARM GAS  C:\Users\mathias\AppData\Local\Temp\cczDqC2A.s 			page 1
>>>>>>> Stashed changes


   1              		.syntax unified
   2              		.cpu cortex-m3
   3              		.fpu softvfp
   4              		.eabi_attribute 20, 1
   5              		.eabi_attribute 21, 1
   6              		.eabi_attribute 23, 3
   7              		.eabi_attribute 24, 1
   8              		.eabi_attribute 25, 1
   9              		.eabi_attribute 26, 1
  10              		.eabi_attribute 30, 1
  11              		.eabi_attribute 34, 1
  12              		.eabi_attribute 18, 4
  13              		.thumb
  14              		.syntax unified
  15              		.file	"I2C_M.c"
  16              		.text
  17              	.Ltext0:
  18              		.cfi_sections	.debug_frame
  19              		.section	.text.I2C_M_Init,"ax",%progbits
  20              		.align	2
  21              		.global	I2C_M_Init
  22              		.thumb
  23              		.thumb_func
  24              		.type	I2C_M_Init, %function
  25              	I2C_M_Init:
  26              	.LFB0:
  27              		.file 1 "Generated_Source\\PSoC5\\I2C_M.c"
   1:Generated_Source\PSoC5/I2C_M.c **** /*******************************************************************************
   2:Generated_Source\PSoC5/I2C_M.c **** * File Name: I2C_M.c
   3:Generated_Source\PSoC5/I2C_M.c **** * Version 3.50
   4:Generated_Source\PSoC5/I2C_M.c **** *
   5:Generated_Source\PSoC5/I2C_M.c **** * Description:
   6:Generated_Source\PSoC5/I2C_M.c **** *  This file provides the source code of APIs for the I2C component.
   7:Generated_Source\PSoC5/I2C_M.c **** *  The actual protocol and operation code resides in the interrupt service
   8:Generated_Source\PSoC5/I2C_M.c **** *  routine file.
   9:Generated_Source\PSoC5/I2C_M.c **** *
  10:Generated_Source\PSoC5/I2C_M.c **** *******************************************************************************
  11:Generated_Source\PSoC5/I2C_M.c **** * Copyright 2008-2015, Cypress Semiconductor Corporation. All rights reserved.
  12:Generated_Source\PSoC5/I2C_M.c **** * You may use this file only in accordance with the license, terms, conditions,
  13:Generated_Source\PSoC5/I2C_M.c **** * disclaimers, and limitations in the end user license agreement accompanying
  14:Generated_Source\PSoC5/I2C_M.c **** * the software package with which this file was provided.
  15:Generated_Source\PSoC5/I2C_M.c **** *******************************************************************************/
  16:Generated_Source\PSoC5/I2C_M.c **** 
  17:Generated_Source\PSoC5/I2C_M.c **** #include "I2C_M_PVT.h"
  18:Generated_Source\PSoC5/I2C_M.c **** 
  19:Generated_Source\PSoC5/I2C_M.c **** 
  20:Generated_Source\PSoC5/I2C_M.c **** /**********************************
  21:Generated_Source\PSoC5/I2C_M.c **** *      System variables
  22:Generated_Source\PSoC5/I2C_M.c **** **********************************/
  23:Generated_Source\PSoC5/I2C_M.c **** 
  24:Generated_Source\PSoC5/I2C_M.c **** uint8 I2C_M_initVar = 0u; /* Defines if component was initialized */
  25:Generated_Source\PSoC5/I2C_M.c **** 
  26:Generated_Source\PSoC5/I2C_M.c **** volatile uint8 I2C_M_state;  /* Current state of I2C FSM */
  27:Generated_Source\PSoC5/I2C_M.c **** 
  28:Generated_Source\PSoC5/I2C_M.c **** 
  29:Generated_Source\PSoC5/I2C_M.c **** /*******************************************************************************
  30:Generated_Source\PSoC5/I2C_M.c **** * Function Name: I2C_M_Init
<<<<<<< Updated upstream
ARM GAS  C:\Users\mathias\AppData\Local\Temp\ccKOlFKk.s 			page 2
=======
ARM GAS  C:\Users\mathias\AppData\Local\Temp\cczDqC2A.s 			page 2
>>>>>>> Stashed changes


  31:Generated_Source\PSoC5/I2C_M.c **** ********************************************************************************
  32:Generated_Source\PSoC5/I2C_M.c **** *
  33:Generated_Source\PSoC5/I2C_M.c **** * Summary:
  34:Generated_Source\PSoC5/I2C_M.c **** *  Initializes I2C registers with initial values provided from customizer.
  35:Generated_Source\PSoC5/I2C_M.c **** *
  36:Generated_Source\PSoC5/I2C_M.c **** * Parameters:
  37:Generated_Source\PSoC5/I2C_M.c **** *  None.
  38:Generated_Source\PSoC5/I2C_M.c **** *
  39:Generated_Source\PSoC5/I2C_M.c **** * Return:
  40:Generated_Source\PSoC5/I2C_M.c **** *  None.
  41:Generated_Source\PSoC5/I2C_M.c **** *
  42:Generated_Source\PSoC5/I2C_M.c **** * Global variables:
  43:Generated_Source\PSoC5/I2C_M.c **** *  None.
  44:Generated_Source\PSoC5/I2C_M.c **** *
  45:Generated_Source\PSoC5/I2C_M.c **** * Reentrant:
  46:Generated_Source\PSoC5/I2C_M.c **** *  No.
  47:Generated_Source\PSoC5/I2C_M.c **** *
  48:Generated_Source\PSoC5/I2C_M.c **** *******************************************************************************/
  49:Generated_Source\PSoC5/I2C_M.c **** void I2C_M_Init(void) 
  50:Generated_Source\PSoC5/I2C_M.c **** {
  28              		.loc 1 50 0
  29              		.cfi_startproc
  30              		@ args = 0, pretend = 0, frame = 0
  31              		@ frame_needed = 0, uses_anonymous_args = 0
  32 0000 38B5     		push	{r3, r4, r5, lr}
  33              		.cfi_def_cfa_offset 16
  34              		.cfi_offset 3, -16
  35              		.cfi_offset 4, -12
  36              		.cfi_offset 5, -8
  37              		.cfi_offset 14, -4
  51:Generated_Source\PSoC5/I2C_M.c **** #if (I2C_M_FF_IMPLEMENTED)
  52:Generated_Source\PSoC5/I2C_M.c ****     /* Configure fixed function block */
  53:Generated_Source\PSoC5/I2C_M.c ****     I2C_M_CFG_REG  = I2C_M_DEFAULT_CFG;
  54:Generated_Source\PSoC5/I2C_M.c ****     I2C_M_XCFG_REG = I2C_M_DEFAULT_XCFG;
  55:Generated_Source\PSoC5/I2C_M.c ****     I2C_M_ADDR_REG = I2C_M_DEFAULT_ADDR;
  56:Generated_Source\PSoC5/I2C_M.c ****     I2C_M_CLKDIV1_REG = LO8(I2C_M_DEFAULT_DIVIDE_FACTOR);
  57:Generated_Source\PSoC5/I2C_M.c ****     I2C_M_CLKDIV2_REG = HI8(I2C_M_DEFAULT_DIVIDE_FACTOR);
  58:Generated_Source\PSoC5/I2C_M.c **** 
  59:Generated_Source\PSoC5/I2C_M.c **** #else
  60:Generated_Source\PSoC5/I2C_M.c ****     uint8 intState;
  61:Generated_Source\PSoC5/I2C_M.c **** 
  62:Generated_Source\PSoC5/I2C_M.c ****     /* Configure control and interrupt sources */
  63:Generated_Source\PSoC5/I2C_M.c ****     I2C_M_CFG_REG      = I2C_M_DEFAULT_CFG;
  38              		.loc 1 63 0
  39 0002 0024     		movs	r4, #0
  40 0004 134B     		ldr	r3, .L3
  41 0006 1C70     		strb	r4, [r3]
  64:Generated_Source\PSoC5/I2C_M.c ****     I2C_M_INT_MASK_REG = I2C_M_DEFAULT_INT_MASK;
  42              		.loc 1 64 0
  43 0008 0125     		movs	r5, #1
  44 000a 1033     		adds	r3, r3, #16
  45 000c 1D70     		strb	r5, [r3]
  65:Generated_Source\PSoC5/I2C_M.c **** 
  66:Generated_Source\PSoC5/I2C_M.c ****     /* Enable interrupt generation in status */
  67:Generated_Source\PSoC5/I2C_M.c ****     intState = CyEnterCriticalSection();
  46              		.loc 1 67 0
  47 000e FFF7FEFF 		bl	CyEnterCriticalSection
<<<<<<< Updated upstream
ARM GAS  C:\Users\mathias\AppData\Local\Temp\ccKOlFKk.s 			page 3
=======
ARM GAS  C:\Users\mathias\AppData\Local\Temp\cczDqC2A.s 			page 3
>>>>>>> Stashed changes


  48              	.LVL0:
  68:Generated_Source\PSoC5/I2C_M.c ****     I2C_M_INT_ENABLE_REG |= I2C_M_INTR_ENABLE;
  49              		.loc 1 68 0
  50 0012 114A     		ldr	r2, .L3+4
  51 0014 1378     		ldrb	r3, [r2]	@ zero_extendqisi2
  52 0016 43F01003 		orr	r3, r3, #16
  53 001a 1370     		strb	r3, [r2]
  69:Generated_Source\PSoC5/I2C_M.c ****     CyExitCriticalSection(intState);
  54              		.loc 1 69 0
  55 001c FFF7FEFF 		bl	CyExitCriticalSection
  56              	.LVL1:
  70:Generated_Source\PSoC5/I2C_M.c **** 
  71:Generated_Source\PSoC5/I2C_M.c ****     /* Configure bit counter */
  72:Generated_Source\PSoC5/I2C_M.c ****     #if (I2C_M_MODE_SLAVE_ENABLED)
  73:Generated_Source\PSoC5/I2C_M.c ****         I2C_M_PERIOD_REG = I2C_M_DEFAULT_PERIOD;
  74:Generated_Source\PSoC5/I2C_M.c ****     #endif  /* (I2C_M_MODE_SLAVE_ENABLED) */
  75:Generated_Source\PSoC5/I2C_M.c **** 
  76:Generated_Source\PSoC5/I2C_M.c ****     /* Configure clock generator */
  77:Generated_Source\PSoC5/I2C_M.c ****     #if (I2C_M_MODE_MASTER_ENABLED)
  78:Generated_Source\PSoC5/I2C_M.c ****         I2C_M_MCLK_PRD_REG = I2C_M_DEFAULT_MCLK_PRD;
  57              		.loc 1 78 0
  58 0020 0F22     		movs	r2, #15
  59 0022 0E4B     		ldr	r3, .L3+8
  60 0024 1A70     		strb	r2, [r3]
  79:Generated_Source\PSoC5/I2C_M.c ****         I2C_M_MCLK_CMP_REG = I2C_M_DEFAULT_MCLK_CMP;
  61              		.loc 1 79 0
  62 0026 0822     		movs	r2, #8
  63 0028 1033     		adds	r3, r3, #16
  64 002a 1A70     		strb	r2, [r3]
  80:Generated_Source\PSoC5/I2C_M.c ****     #endif /* (I2C_M_MODE_MASTER_ENABLED) */
  81:Generated_Source\PSoC5/I2C_M.c **** #endif /* (I2C_M_FF_IMPLEMENTED) */
  82:Generated_Source\PSoC5/I2C_M.c **** 
  83:Generated_Source\PSoC5/I2C_M.c **** #if (I2C_M_TIMEOUT_ENABLED)
  84:Generated_Source\PSoC5/I2C_M.c ****     I2C_M_TimeoutInit();
  85:Generated_Source\PSoC5/I2C_M.c **** #endif /* (I2C_M_TIMEOUT_ENABLED) */
  86:Generated_Source\PSoC5/I2C_M.c **** 
  87:Generated_Source\PSoC5/I2C_M.c ****     /* Configure internal interrupt */
  88:Generated_Source\PSoC5/I2C_M.c ****     CyIntDisable    (I2C_M_ISR_NUMBER);
  65              		.loc 1 88 0
  66 002c 0C4B     		ldr	r3, .L3+12
  67 002e 1D60     		str	r5, [r3]
  89:Generated_Source\PSoC5/I2C_M.c ****     CyIntSetPriority(I2C_M_ISR_NUMBER, I2C_M_ISR_PRIORITY);
  68              		.loc 1 89 0
  69 0030 0721     		movs	r1, #7
  70 0032 2046     		mov	r0, r4
  71 0034 FFF7FEFF 		bl	CyIntSetPriority
  72              	.LVL2:
  90:Generated_Source\PSoC5/I2C_M.c ****     #if (I2C_M_INTERN_I2C_INTR_HANDLER)
  91:Generated_Source\PSoC5/I2C_M.c ****         (void) CyIntSetVector(I2C_M_ISR_NUMBER, &I2C_M_ISR);
  73              		.loc 1 91 0
  74 0038 0A49     		ldr	r1, .L3+16
  75 003a 2046     		mov	r0, r4
  76 003c FFF7FEFF 		bl	CyIntSetVector
  77              	.LVL3:
  92:Generated_Source\PSoC5/I2C_M.c ****     #endif /* (I2C_M_INTERN_I2C_INTR_HANDLER) */
  93:Generated_Source\PSoC5/I2C_M.c **** 
  94:Generated_Source\PSoC5/I2C_M.c ****     /* Set FSM to default state */
<<<<<<< Updated upstream
ARM GAS  C:\Users\mathias\AppData\Local\Temp\ccKOlFKk.s 			page 4
=======
ARM GAS  C:\Users\mathias\AppData\Local\Temp\cczDqC2A.s 			page 4
>>>>>>> Stashed changes


  95:Generated_Source\PSoC5/I2C_M.c ****     I2C_M_state = I2C_M_SM_IDLE;
  78              		.loc 1 95 0
  79 0040 1022     		movs	r2, #16
  80 0042 094B     		ldr	r3, .L3+20
  81 0044 1A70     		strb	r2, [r3]
  96:Generated_Source\PSoC5/I2C_M.c **** 
  97:Generated_Source\PSoC5/I2C_M.c **** #if (I2C_M_MODE_SLAVE_ENABLED)
  98:Generated_Source\PSoC5/I2C_M.c ****     /* Clear status and buffers index */
  99:Generated_Source\PSoC5/I2C_M.c ****     I2C_M_slStatus = 0u;
 100:Generated_Source\PSoC5/I2C_M.c ****     I2C_M_slRdBufIndex = 0u;
 101:Generated_Source\PSoC5/I2C_M.c ****     I2C_M_slWrBufIndex = 0u;
 102:Generated_Source\PSoC5/I2C_M.c **** 
 103:Generated_Source\PSoC5/I2C_M.c ****     /* Configure matched address */
 104:Generated_Source\PSoC5/I2C_M.c ****     I2C_M_SlaveSetAddress(I2C_M_DEFAULT_ADDR);
 105:Generated_Source\PSoC5/I2C_M.c **** #endif /* (I2C_M_MODE_SLAVE_ENABLED) */
 106:Generated_Source\PSoC5/I2C_M.c **** 
 107:Generated_Source\PSoC5/I2C_M.c **** #if (I2C_M_MODE_MASTER_ENABLED)
 108:Generated_Source\PSoC5/I2C_M.c ****     /* Clear status and buffers index */
 109:Generated_Source\PSoC5/I2C_M.c ****     I2C_M_mstrStatus = 0u;
  82              		.loc 1 109 0
  83 0046 094B     		ldr	r3, .L3+24
  84 0048 1C70     		strb	r4, [r3]
 110:Generated_Source\PSoC5/I2C_M.c ****     I2C_M_mstrRdBufIndex = 0u;
  85              		.loc 1 110 0
  86 004a 094B     		ldr	r3, .L3+28
  87 004c 1C70     		strb	r4, [r3]
 111:Generated_Source\PSoC5/I2C_M.c ****     I2C_M_mstrWrBufIndex = 0u;
  88              		.loc 1 111 0
  89 004e 094B     		ldr	r3, .L3+32
  90 0050 1C70     		strb	r4, [r3]
  91 0052 38BD     		pop	{r3, r4, r5, pc}
  92              	.L4:
  93              		.align	2
  94              	.L3:
  95 0054 78640040 		.word	1073767544
  96 0058 98640040 		.word	1073767576
  97 005c 25650040 		.word	1073767717
  98 0060 80E100E0 		.word	-536813184
  99 0064 00000000 		.word	I2C_M_ISR
 100 0068 00000000 		.word	I2C_M_state
 101 006c 00000000 		.word	I2C_M_mstrStatus
 102 0070 00000000 		.word	I2C_M_mstrRdBufIndex
 103 0074 00000000 		.word	I2C_M_mstrWrBufIndex
 104              		.cfi_endproc
 105              	.LFE0:
 106              		.size	I2C_M_Init, .-I2C_M_Init
 107              		.section	.text.I2C_M_Enable,"ax",%progbits
 108              		.align	2
 109              		.global	I2C_M_Enable
 110              		.thumb
 111              		.thumb_func
 112              		.type	I2C_M_Enable, %function
 113              	I2C_M_Enable:
 114              	.LFB1:
 112:Generated_Source\PSoC5/I2C_M.c **** #endif /* (I2C_M_MODE_MASTER_ENABLED) */
 113:Generated_Source\PSoC5/I2C_M.c **** }
 114:Generated_Source\PSoC5/I2C_M.c **** 
<<<<<<< Updated upstream
ARM GAS  C:\Users\mathias\AppData\Local\Temp\ccKOlFKk.s 			page 5
=======
ARM GAS  C:\Users\mathias\AppData\Local\Temp\cczDqC2A.s 			page 5
>>>>>>> Stashed changes


 115:Generated_Source\PSoC5/I2C_M.c **** 
 116:Generated_Source\PSoC5/I2C_M.c **** /*******************************************************************************
 117:Generated_Source\PSoC5/I2C_M.c **** * Function Name: I2C_M_Enable
 118:Generated_Source\PSoC5/I2C_M.c **** ********************************************************************************
 119:Generated_Source\PSoC5/I2C_M.c **** *
 120:Generated_Source\PSoC5/I2C_M.c **** * Summary:
 121:Generated_Source\PSoC5/I2C_M.c **** *  Enables I2C operations.
 122:Generated_Source\PSoC5/I2C_M.c **** *
 123:Generated_Source\PSoC5/I2C_M.c **** * Parameters:
 124:Generated_Source\PSoC5/I2C_M.c **** *  None.
 125:Generated_Source\PSoC5/I2C_M.c **** *
 126:Generated_Source\PSoC5/I2C_M.c **** * Return:
 127:Generated_Source\PSoC5/I2C_M.c **** *  None.
 128:Generated_Source\PSoC5/I2C_M.c **** *
 129:Generated_Source\PSoC5/I2C_M.c **** * Global variables:
 130:Generated_Source\PSoC5/I2C_M.c **** *  None.
 131:Generated_Source\PSoC5/I2C_M.c **** *
 132:Generated_Source\PSoC5/I2C_M.c **** *******************************************************************************/
 133:Generated_Source\PSoC5/I2C_M.c **** void I2C_M_Enable(void) 
 134:Generated_Source\PSoC5/I2C_M.c **** {
 115              		.loc 1 134 0
 116              		.cfi_startproc
 117              		@ args = 0, pretend = 0, frame = 0
 118              		@ frame_needed = 0, uses_anonymous_args = 0
 119              		@ link register save eliminated.
 135:Generated_Source\PSoC5/I2C_M.c **** #if (I2C_M_FF_IMPLEMENTED)
 136:Generated_Source\PSoC5/I2C_M.c ****     uint8 intState;
 137:Generated_Source\PSoC5/I2C_M.c **** 
 138:Generated_Source\PSoC5/I2C_M.c ****     /* Enable power to block */
 139:Generated_Source\PSoC5/I2C_M.c ****     intState = CyEnterCriticalSection();
 140:Generated_Source\PSoC5/I2C_M.c ****     I2C_M_ACT_PWRMGR_REG  |= I2C_M_ACT_PWR_EN;
 141:Generated_Source\PSoC5/I2C_M.c ****     I2C_M_STBY_PWRMGR_REG |= I2C_M_STBY_PWR_EN;
 142:Generated_Source\PSoC5/I2C_M.c ****     CyExitCriticalSection(intState);
 143:Generated_Source\PSoC5/I2C_M.c **** #else
 144:Generated_Source\PSoC5/I2C_M.c ****     #if (I2C_M_MODE_SLAVE_ENABLED)
 145:Generated_Source\PSoC5/I2C_M.c ****         /* Enable bit counter */
 146:Generated_Source\PSoC5/I2C_M.c ****         uint8 intState = CyEnterCriticalSection();
 147:Generated_Source\PSoC5/I2C_M.c ****         I2C_M_COUNTER_AUX_CTL_REG |= I2C_M_CNT7_ENABLE;
 148:Generated_Source\PSoC5/I2C_M.c ****         CyExitCriticalSection(intState);
 149:Generated_Source\PSoC5/I2C_M.c ****     #endif /* (I2C_M_MODE_SLAVE_ENABLED) */
 150:Generated_Source\PSoC5/I2C_M.c **** 
 151:Generated_Source\PSoC5/I2C_M.c ****     /* Enable slave or master bits */
 152:Generated_Source\PSoC5/I2C_M.c ****     I2C_M_CFG_REG |= I2C_M_ENABLE_MS;
 120              		.loc 1 152 0
 121 0000 024A     		ldr	r2, .L6
 122 0002 1378     		ldrb	r3, [r2]	@ zero_extendqisi2
 123 0004 43F00203 		orr	r3, r3, #2
 124 0008 1370     		strb	r3, [r2]
 125 000a 7047     		bx	lr
 126              	.L7:
 127              		.align	2
 128              	.L6:
 129 000c 78640040 		.word	1073767544
 130              		.cfi_endproc
 131              	.LFE1:
 132              		.size	I2C_M_Enable, .-I2C_M_Enable
 133              		.section	.text.I2C_M_Start,"ax",%progbits
<<<<<<< Updated upstream
ARM GAS  C:\Users\mathias\AppData\Local\Temp\ccKOlFKk.s 			page 6
=======
ARM GAS  C:\Users\mathias\AppData\Local\Temp\cczDqC2A.s 			page 6
>>>>>>> Stashed changes


 134              		.align	2
 135              		.global	I2C_M_Start
 136              		.thumb
 137              		.thumb_func
 138              		.type	I2C_M_Start, %function
 139              	I2C_M_Start:
 140              	.LFB2:
 153:Generated_Source\PSoC5/I2C_M.c **** #endif /* (I2C_M_FF_IMPLEMENTED) */
 154:Generated_Source\PSoC5/I2C_M.c **** 
 155:Generated_Source\PSoC5/I2C_M.c **** #if (I2C_M_TIMEOUT_ENABLED)
 156:Generated_Source\PSoC5/I2C_M.c ****     I2C_M_TimeoutEnable();
 157:Generated_Source\PSoC5/I2C_M.c **** #endif /* (I2C_M_TIMEOUT_ENABLED) */
 158:Generated_Source\PSoC5/I2C_M.c **** }
 159:Generated_Source\PSoC5/I2C_M.c **** 
 160:Generated_Source\PSoC5/I2C_M.c **** 
 161:Generated_Source\PSoC5/I2C_M.c **** /*******************************************************************************
 162:Generated_Source\PSoC5/I2C_M.c **** * Function Name: I2C_M_Start
 163:Generated_Source\PSoC5/I2C_M.c **** ********************************************************************************
 164:Generated_Source\PSoC5/I2C_M.c **** *
 165:Generated_Source\PSoC5/I2C_M.c **** * Summary:
 166:Generated_Source\PSoC5/I2C_M.c **** *  Starts the I2C hardware. Enables Active mode power template bits or clock
 167:Generated_Source\PSoC5/I2C_M.c **** *  gating as appropriate. It is required to be executed before I2C bus
 168:Generated_Source\PSoC5/I2C_M.c **** *  operation.
 169:Generated_Source\PSoC5/I2C_M.c **** *
 170:Generated_Source\PSoC5/I2C_M.c **** * Parameters:
 171:Generated_Source\PSoC5/I2C_M.c **** *  None.
 172:Generated_Source\PSoC5/I2C_M.c **** *
 173:Generated_Source\PSoC5/I2C_M.c **** * Return:
 174:Generated_Source\PSoC5/I2C_M.c **** *  None.
 175:Generated_Source\PSoC5/I2C_M.c **** *
 176:Generated_Source\PSoC5/I2C_M.c **** * Side Effects:
 177:Generated_Source\PSoC5/I2C_M.c **** *  This component automatically enables its interrupt.  If I2C is enabled !
 178:Generated_Source\PSoC5/I2C_M.c **** *  without the interrupt enabled, it can lock up the I2C bus.
 179:Generated_Source\PSoC5/I2C_M.c **** *
 180:Generated_Source\PSoC5/I2C_M.c **** * Global variables:
 181:Generated_Source\PSoC5/I2C_M.c **** *  I2C_M_initVar - This variable is used to check the initial
 182:Generated_Source\PSoC5/I2C_M.c **** *                             configuration, modified on the first
 183:Generated_Source\PSoC5/I2C_M.c **** *                             function call.
 184:Generated_Source\PSoC5/I2C_M.c **** *
 185:Generated_Source\PSoC5/I2C_M.c **** * Reentrant:
 186:Generated_Source\PSoC5/I2C_M.c **** *  No.
 187:Generated_Source\PSoC5/I2C_M.c **** *
 188:Generated_Source\PSoC5/I2C_M.c **** *******************************************************************************/
 189:Generated_Source\PSoC5/I2C_M.c **** void I2C_M_Start(void) 
 190:Generated_Source\PSoC5/I2C_M.c **** {
 141              		.loc 1 190 0
 142              		.cfi_startproc
 143              		@ args = 0, pretend = 0, frame = 0
 144              		@ frame_needed = 0, uses_anonymous_args = 0
 145 0000 08B5     		push	{r3, lr}
 146              		.cfi_def_cfa_offset 8
 147              		.cfi_offset 3, -8
 148              		.cfi_offset 14, -4
 191:Generated_Source\PSoC5/I2C_M.c ****     if (0u == I2C_M_initVar)
 149              		.loc 1 191 0
 150 0002 074B     		ldr	r3, .L11
 151 0004 1B78     		ldrb	r3, [r3]	@ zero_extendqisi2
<<<<<<< Updated upstream
ARM GAS  C:\Users\mathias\AppData\Local\Temp\ccKOlFKk.s 			page 7
=======
ARM GAS  C:\Users\mathias\AppData\Local\Temp\cczDqC2A.s 			page 7
>>>>>>> Stashed changes


 152 0006 23B9     		cbnz	r3, .L9
 192:Generated_Source\PSoC5/I2C_M.c ****     {
 193:Generated_Source\PSoC5/I2C_M.c ****         I2C_M_Init();
 153              		.loc 1 193 0
 154 0008 FFF7FEFF 		bl	I2C_M_Init
 155              	.LVL4:
 194:Generated_Source\PSoC5/I2C_M.c ****         I2C_M_initVar = 1u; /* Component initialized */
 156              		.loc 1 194 0
 157 000c 0122     		movs	r2, #1
 158 000e 044B     		ldr	r3, .L11
 159 0010 1A70     		strb	r2, [r3]
 160              	.L9:
 195:Generated_Source\PSoC5/I2C_M.c ****     }
 196:Generated_Source\PSoC5/I2C_M.c **** 
 197:Generated_Source\PSoC5/I2C_M.c ****     I2C_M_Enable();
 161              		.loc 1 197 0
 162 0012 FFF7FEFF 		bl	I2C_M_Enable
 163              	.LVL5:
 198:Generated_Source\PSoC5/I2C_M.c ****     I2C_M_EnableInt();
 164              		.loc 1 198 0
 165 0016 0122     		movs	r2, #1
 166 0018 024B     		ldr	r3, .L11+4
 167 001a 1A60     		str	r2, [r3]
 168 001c 08BD     		pop	{r3, pc}
 169              	.L12:
 170 001e 00BF     		.align	2
 171              	.L11:
 172 0020 00000000 		.word	.LANCHOR0
 173 0024 00E100E0 		.word	-536813312
 174              		.cfi_endproc
 175              	.LFE2:
 176              		.size	I2C_M_Start, .-I2C_M_Start
 177              		.section	.text.I2C_M_Stop,"ax",%progbits
 178              		.align	2
 179              		.global	I2C_M_Stop
 180              		.thumb
 181              		.thumb_func
 182              		.type	I2C_M_Stop, %function
 183              	I2C_M_Stop:
 184              	.LFB3:
 199:Generated_Source\PSoC5/I2C_M.c **** }
 200:Generated_Source\PSoC5/I2C_M.c **** 
 201:Generated_Source\PSoC5/I2C_M.c **** 
 202:Generated_Source\PSoC5/I2C_M.c **** /*******************************************************************************
 203:Generated_Source\PSoC5/I2C_M.c **** * Function Name: I2C_M_Stop
 204:Generated_Source\PSoC5/I2C_M.c **** ********************************************************************************
 205:Generated_Source\PSoC5/I2C_M.c **** *
 206:Generated_Source\PSoC5/I2C_M.c **** * Summary:
 207:Generated_Source\PSoC5/I2C_M.c **** *  Disables I2C hardware and disables I2C interrupt. Disables Active mode power
 208:Generated_Source\PSoC5/I2C_M.c **** *  template bits or clock gating as appropriate.
 209:Generated_Source\PSoC5/I2C_M.c **** *
 210:Generated_Source\PSoC5/I2C_M.c **** * Parameters:
 211:Generated_Source\PSoC5/I2C_M.c **** *  None.
 212:Generated_Source\PSoC5/I2C_M.c **** *
 213:Generated_Source\PSoC5/I2C_M.c **** * Return:
 214:Generated_Source\PSoC5/I2C_M.c **** *  None.
 215:Generated_Source\PSoC5/I2C_M.c **** *
<<<<<<< Updated upstream
ARM GAS  C:\Users\mathias\AppData\Local\Temp\ccKOlFKk.s 			page 8
=======
ARM GAS  C:\Users\mathias\AppData\Local\Temp\cczDqC2A.s 			page 8
>>>>>>> Stashed changes


 216:Generated_Source\PSoC5/I2C_M.c **** *******************************************************************************/
 217:Generated_Source\PSoC5/I2C_M.c **** void I2C_M_Stop(void) 
 218:Generated_Source\PSoC5/I2C_M.c **** {
 185              		.loc 1 218 0
 186              		.cfi_startproc
 187              		@ args = 0, pretend = 0, frame = 0
 188              		@ frame_needed = 0, uses_anonymous_args = 0
 189              		@ link register save eliminated.
 219:Generated_Source\PSoC5/I2C_M.c ****     I2C_M_DisableInt();
 190              		.loc 1 219 0
 191 0000 0122     		movs	r2, #1
 192 0002 0A4B     		ldr	r3, .L14
 193 0004 1A60     		str	r2, [r3]
 220:Generated_Source\PSoC5/I2C_M.c **** 
 221:Generated_Source\PSoC5/I2C_M.c **** #if (I2C_M_TIMEOUT_ENABLED)
 222:Generated_Source\PSoC5/I2C_M.c ****     I2C_M_TimeoutStop();
 223:Generated_Source\PSoC5/I2C_M.c **** #endif  /* End (I2C_M_TIMEOUT_ENABLED) */
 224:Generated_Source\PSoC5/I2C_M.c **** 
 225:Generated_Source\PSoC5/I2C_M.c **** #if (I2C_M_FF_IMPLEMENTED)
 226:Generated_Source\PSoC5/I2C_M.c ****     {
 227:Generated_Source\PSoC5/I2C_M.c ****         uint8 intState;
 228:Generated_Source\PSoC5/I2C_M.c ****         uint16 blockResetCycles;
 229:Generated_Source\PSoC5/I2C_M.c **** 
 230:Generated_Source\PSoC5/I2C_M.c ****         /* Store registers effected by block disable */
 231:Generated_Source\PSoC5/I2C_M.c ****         I2C_M_backup.addr    = I2C_M_ADDR_REG;
 232:Generated_Source\PSoC5/I2C_M.c ****         I2C_M_backup.clkDiv1 = I2C_M_CLKDIV1_REG;
 233:Generated_Source\PSoC5/I2C_M.c ****         I2C_M_backup.clkDiv2 = I2C_M_CLKDIV2_REG;
 234:Generated_Source\PSoC5/I2C_M.c **** 
 235:Generated_Source\PSoC5/I2C_M.c ****         /* Calculate number of cycles to reset block */
 236:Generated_Source\PSoC5/I2C_M.c ****         blockResetCycles = ((uint16) ((uint16) I2C_M_CLKDIV2_REG << 8u) | I2C_M_CLKDIV1_REG) + 1u;
 237:Generated_Source\PSoC5/I2C_M.c **** 
 238:Generated_Source\PSoC5/I2C_M.c ****         /* Disable block */
 239:Generated_Source\PSoC5/I2C_M.c ****         I2C_M_CFG_REG &= (uint8) ~I2C_M_CFG_EN_SLAVE;
 240:Generated_Source\PSoC5/I2C_M.c ****         /* Wait for block reset before disable power */
 241:Generated_Source\PSoC5/I2C_M.c ****         CyDelayCycles((uint32) blockResetCycles);
 242:Generated_Source\PSoC5/I2C_M.c **** 
 243:Generated_Source\PSoC5/I2C_M.c ****         /* Disable power to block */
 244:Generated_Source\PSoC5/I2C_M.c ****         intState = CyEnterCriticalSection();
 245:Generated_Source\PSoC5/I2C_M.c ****         I2C_M_ACT_PWRMGR_REG  &= (uint8) ~I2C_M_ACT_PWR_EN;
 246:Generated_Source\PSoC5/I2C_M.c ****         I2C_M_STBY_PWRMGR_REG &= (uint8) ~I2C_M_STBY_PWR_EN;
 247:Generated_Source\PSoC5/I2C_M.c ****         CyExitCriticalSection(intState);
 248:Generated_Source\PSoC5/I2C_M.c **** 
 249:Generated_Source\PSoC5/I2C_M.c ****         /* Enable block */
 250:Generated_Source\PSoC5/I2C_M.c ****         I2C_M_CFG_REG |= (uint8) I2C_M_ENABLE_MS;
 251:Generated_Source\PSoC5/I2C_M.c **** 
 252:Generated_Source\PSoC5/I2C_M.c ****         /* Restore registers effected by block disable. Ticket ID#198004 */
 253:Generated_Source\PSoC5/I2C_M.c ****         I2C_M_ADDR_REG    = I2C_M_backup.addr;
 254:Generated_Source\PSoC5/I2C_M.c ****         I2C_M_ADDR_REG    = I2C_M_backup.addr;
 255:Generated_Source\PSoC5/I2C_M.c ****         I2C_M_CLKDIV1_REG = I2C_M_backup.clkDiv1;
 256:Generated_Source\PSoC5/I2C_M.c ****         I2C_M_CLKDIV2_REG = I2C_M_backup.clkDiv2;
 257:Generated_Source\PSoC5/I2C_M.c ****     }
 258:Generated_Source\PSoC5/I2C_M.c **** #else
 259:Generated_Source\PSoC5/I2C_M.c **** 
 260:Generated_Source\PSoC5/I2C_M.c ****     /* Disable slave or master bits */
 261:Generated_Source\PSoC5/I2C_M.c ****     I2C_M_CFG_REG &= (uint8) ~I2C_M_ENABLE_MS;
 194              		.loc 1 261 0
 195 0006 0A49     		ldr	r1, .L14+4
<<<<<<< Updated upstream
ARM GAS  C:\Users\mathias\AppData\Local\Temp\ccKOlFKk.s 			page 9
=======
ARM GAS  C:\Users\mathias\AppData\Local\Temp\cczDqC2A.s 			page 9
>>>>>>> Stashed changes


 196 0008 0B78     		ldrb	r3, [r1]	@ zero_extendqisi2
 197 000a 03F0FD03 		and	r3, r3, #253
 198 000e 0B70     		strb	r3, [r1]
 262:Generated_Source\PSoC5/I2C_M.c **** 
 263:Generated_Source\PSoC5/I2C_M.c **** #if (I2C_M_MODE_SLAVE_ENABLED)
 264:Generated_Source\PSoC5/I2C_M.c ****     {
 265:Generated_Source\PSoC5/I2C_M.c ****         /* Disable bit counter */
 266:Generated_Source\PSoC5/I2C_M.c ****         uint8 intState = CyEnterCriticalSection();
 267:Generated_Source\PSoC5/I2C_M.c ****         I2C_M_COUNTER_AUX_CTL_REG &= (uint8) ~I2C_M_CNT7_ENABLE;
 268:Generated_Source\PSoC5/I2C_M.c ****         CyExitCriticalSection(intState);
 269:Generated_Source\PSoC5/I2C_M.c ****     }
 270:Generated_Source\PSoC5/I2C_M.c **** #endif /* (I2C_M_MODE_SLAVE_ENABLED) */
 271:Generated_Source\PSoC5/I2C_M.c **** 
 272:Generated_Source\PSoC5/I2C_M.c ****     /* Clear interrupt source register */
 273:Generated_Source\PSoC5/I2C_M.c ****     (void) I2C_M_CSR_REG;
 199              		.loc 1 273 0
 200 0010 084B     		ldr	r3, .L14+8
 201 0012 1B78     		ldrb	r3, [r3]	@ zero_extendqisi2
 274:Generated_Source\PSoC5/I2C_M.c **** #endif /* (I2C_M_FF_IMPLEMENTED) */
 275:Generated_Source\PSoC5/I2C_M.c **** 
 276:Generated_Source\PSoC5/I2C_M.c ****     /* Disable interrupt on stop (enabled by write transaction) */
 277:Generated_Source\PSoC5/I2C_M.c ****     I2C_M_DISABLE_INT_ON_STOP;
 202              		.loc 1 277 0
 203 0014 1031     		adds	r1, r1, #16
 204 0016 0B78     		ldrb	r3, [r1]	@ zero_extendqisi2
 205 0018 03F0DF03 		and	r3, r3, #223
 206 001c 0B70     		strb	r3, [r1]
 278:Generated_Source\PSoC5/I2C_M.c ****     I2C_M_ClearPendingInt();
 207              		.loc 1 278 0
 208 001e 064B     		ldr	r3, .L14+12
 209 0020 1A60     		str	r2, [r3]
 279:Generated_Source\PSoC5/I2C_M.c **** 
 280:Generated_Source\PSoC5/I2C_M.c ****     /* Reset FSM to default state */
 281:Generated_Source\PSoC5/I2C_M.c ****     I2C_M_state = I2C_M_SM_IDLE;
 210              		.loc 1 281 0
 211 0022 1022     		movs	r2, #16
 212 0024 054B     		ldr	r3, .L14+16
 213 0026 1A70     		strb	r2, [r3]
 214 0028 7047     		bx	lr
 215              	.L15:
 216 002a 00BF     		.align	2
 217              	.L14:
 218 002c 80E100E0 		.word	-536813184
 219 0030 78640040 		.word	1073767544
 220 0034 68640040 		.word	1073767528
 221 0038 80E200E0 		.word	-536812928
 222 003c 00000000 		.word	I2C_M_state
 223              		.cfi_endproc
 224              	.LFE3:
 225              		.size	I2C_M_Stop, .-I2C_M_Stop
 226              		.comm	I2C_M_state,1,1
 227              		.global	I2C_M_initVar
 228              		.bss
 229              		.set	.LANCHOR0,. + 0
 230              		.type	I2C_M_initVar, %object
 231              		.size	I2C_M_initVar, 1
 232              	I2C_M_initVar:
<<<<<<< Updated upstream
ARM GAS  C:\Users\mathias\AppData\Local\Temp\ccKOlFKk.s 			page 10
=======
ARM GAS  C:\Users\mathias\AppData\Local\Temp\cczDqC2A.s 			page 10
>>>>>>> Stashed changes


 233 0000 00       		.space	1
 234              		.text
 235              	.Letext0:
 236              		.file 2 "Generated_Source\\PSoC5\\cytypes.h"
 237              		.file 3 "Generated_Source\\PSoC5\\I2C_M_PVT.h"
 238              		.file 4 "Generated_Source\\PSoC5\\CyLib.h"
 239              		.section	.debug_info,"",%progbits
 240              	.Ldebug_info0:
 241 0000 DE010000 		.4byte	0x1de
 242 0004 0400     		.2byte	0x4
 243 0006 00000000 		.4byte	.Ldebug_abbrev0
 244 000a 04       		.byte	0x4
 245 000b 01       		.uleb128 0x1
 246 000c 9F010000 		.4byte	.LASF31
 247 0010 0C       		.byte	0xc
 248 0011 53020000 		.4byte	.LASF32
 249 0015 06000000 		.4byte	.LASF33
 250 0019 00000000 		.4byte	.Ldebug_ranges0+0
 251 001d 00000000 		.4byte	0
 252 0021 00000000 		.4byte	.Ldebug_line0
 253 0025 02       		.uleb128 0x2
 254 0026 01       		.byte	0x1
 255 0027 06       		.byte	0x6
 256 0028 87020000 		.4byte	.LASF0
 257 002c 02       		.uleb128 0x2
 258 002d 01       		.byte	0x1
 259 002e 08       		.byte	0x8
 260 002f C4000000 		.4byte	.LASF1
 261 0033 02       		.uleb128 0x2
 262 0034 02       		.byte	0x2
 263 0035 05       		.byte	0x5
 264 0036 49020000 		.4byte	.LASF2
 265 003a 02       		.uleb128 0x2
 266 003b 02       		.byte	0x2
 267 003c 07       		.byte	0x7
 268 003d 94000000 		.4byte	.LASF3
 269 0041 02       		.uleb128 0x2
 270 0042 04       		.byte	0x4
 271 0043 05       		.byte	0x5
 272 0044 72020000 		.4byte	.LASF4
 273 0048 02       		.uleb128 0x2
 274 0049 04       		.byte	0x4
 275 004a 07       		.byte	0x7
 276 004b E3000000 		.4byte	.LASF5
 277 004f 02       		.uleb128 0x2
 278 0050 08       		.byte	0x8
 279 0051 05       		.byte	0x5
 280 0052 36020000 		.4byte	.LASF6
 281 0056 02       		.uleb128 0x2
 282 0057 08       		.byte	0x8
 283 0058 07       		.byte	0x7
 284 0059 AD000000 		.4byte	.LASF7
 285 005d 03       		.uleb128 0x3
 286 005e 04       		.byte	0x4
 287 005f 05       		.byte	0x5
 288 0060 696E7400 		.ascii	"int\000"
 289 0064 02       		.uleb128 0x2
<<<<<<< Updated upstream
ARM GAS  C:\Users\mathias\AppData\Local\Temp\ccKOlFKk.s 			page 11
=======
ARM GAS  C:\Users\mathias\AppData\Local\Temp\cczDqC2A.s 			page 11
>>>>>>> Stashed changes


 290 0065 04       		.byte	0x4
 291 0066 07       		.byte	0x7
 292 0067 54010000 		.4byte	.LASF8
 293 006b 04       		.uleb128 0x4
 294 006c F5000000 		.4byte	.LASF9
 295 0070 02       		.byte	0x2
 296 0071 E801     		.2byte	0x1e8
 297 0073 2C000000 		.4byte	0x2c
 298 0077 04       		.uleb128 0x4
 299 0078 44010000 		.4byte	.LASF10
 300 007c 02       		.byte	0x2
 301 007d EA01     		.2byte	0x1ea
 302 007f 48000000 		.4byte	0x48
 303 0083 02       		.uleb128 0x2
 304 0084 04       		.byte	0x4
 305 0085 04       		.byte	0x4
 306 0086 A7000000 		.4byte	.LASF11
 307 008a 02       		.uleb128 0x2
 308 008b 08       		.byte	0x8
 309 008c 04       		.byte	0x4
 310 008d 08010000 		.4byte	.LASF12
 311 0091 02       		.uleb128 0x2
 312 0092 01       		.byte	0x1
 313 0093 08       		.byte	0x8
 314 0094 44020000 		.4byte	.LASF13
 315 0098 04       		.uleb128 0x4
 316 0099 DE000000 		.4byte	.LASF14
 317 009d 02       		.byte	0x2
 318 009e 9202     		.2byte	0x292
 319 00a0 A4000000 		.4byte	0xa4
 320 00a4 05       		.uleb128 0x5
 321 00a5 6B000000 		.4byte	0x6b
 322 00a9 04       		.uleb128 0x4
 323 00aa 00000000 		.4byte	.LASF15
 324 00ae 02       		.byte	0x2
 325 00af 9402     		.2byte	0x294
 326 00b1 B5000000 		.4byte	0xb5
 327 00b5 05       		.uleb128 0x5
 328 00b6 77000000 		.4byte	0x77
 329 00ba 02       		.uleb128 0x2
 330 00bb 08       		.byte	0x8
 331 00bc 04       		.byte	0x4
 332 00bd 7B020000 		.4byte	.LASF16
 333 00c1 02       		.uleb128 0x2
 334 00c2 04       		.byte	0x4
 335 00c3 07       		.byte	0x7
 336 00c4 2D020000 		.4byte	.LASF17
 337 00c8 06       		.uleb128 0x6
 338 00c9 93020000 		.4byte	.LASF18
 339 00cd 01       		.byte	0x1
 340 00ce 31       		.byte	0x31
 341 00cf 00000000 		.4byte	.LFB0
 342 00d3 78000000 		.4byte	.LFE0-.LFB0
 343 00d7 01       		.uleb128 0x1
 344 00d8 9C       		.byte	0x9c
 345 00d9 28010000 		.4byte	0x128
 346 00dd 07       		.uleb128 0x7
<<<<<<< Updated upstream
ARM GAS  C:\Users\mathias\AppData\Local\Temp\ccKOlFKk.s 			page 12
=======
ARM GAS  C:\Users\mathias\AppData\Local\Temp\cczDqC2A.s 			page 12
>>>>>>> Stashed changes


 347 00de 4B010000 		.4byte	.LASF34
 348 00e2 01       		.byte	0x1
 349 00e3 3C       		.byte	0x3c
 350 00e4 6B000000 		.4byte	0x6b
 351 00e8 00000000 		.4byte	.LLST0
 352 00ec 08       		.uleb128 0x8
 353 00ed 12000000 		.4byte	.LVL0
 354 00f1 B5010000 		.4byte	0x1b5
 355 00f5 08       		.uleb128 0x8
 356 00f6 20000000 		.4byte	.LVL1
 357 00fa C0010000 		.4byte	0x1c0
 358 00fe 09       		.uleb128 0x9
 359 00ff 38000000 		.4byte	.LVL2
 360 0103 CB010000 		.4byte	0x1cb
 361 0107 17010000 		.4byte	0x117
 362 010b 0A       		.uleb128 0xa
 363 010c 01       		.uleb128 0x1
 364 010d 50       		.byte	0x50
 365 010e 02       		.uleb128 0x2
 366 010f 74       		.byte	0x74
 367 0110 00       		.sleb128 0
 368 0111 0A       		.uleb128 0xa
 369 0112 01       		.uleb128 0x1
 370 0113 51       		.byte	0x51
 371 0114 01       		.uleb128 0x1
 372 0115 37       		.byte	0x37
 373 0116 00       		.byte	0
 374 0117 0B       		.uleb128 0xb
 375 0118 40000000 		.4byte	.LVL3
 376 011c D6010000 		.4byte	0x1d6
 377 0120 0A       		.uleb128 0xa
 378 0121 01       		.uleb128 0x1
 379 0122 50       		.byte	0x50
 380 0123 02       		.uleb128 0x2
 381 0124 74       		.byte	0x74
 382 0125 00       		.sleb128 0
 383 0126 00       		.byte	0
 384 0127 00       		.byte	0
 385 0128 0C       		.uleb128 0xc
 386 0129 FB000000 		.4byte	.LASF20
 387 012d 01       		.byte	0x1
 388 012e 85       		.byte	0x85
 389 012f 00000000 		.4byte	.LFB1
 390 0133 10000000 		.4byte	.LFE1-.LFB1
 391 0137 01       		.uleb128 0x1
 392 0138 9C       		.byte	0x9c
 393 0139 06       		.uleb128 0x6
 394 013a D2000000 		.4byte	.LASF19
 395 013e 01       		.byte	0x1
 396 013f BD       		.byte	0xbd
 397 0140 00000000 		.4byte	.LFB2
 398 0144 28000000 		.4byte	.LFE2-.LFB2
 399 0148 01       		.uleb128 0x1
 400 0149 9C       		.byte	0x9c
 401 014a 61010000 		.4byte	0x161
 402 014e 08       		.uleb128 0x8
 403 014f 0C000000 		.4byte	.LVL4
<<<<<<< Updated upstream
ARM GAS  C:\Users\mathias\AppData\Local\Temp\ccKOlFKk.s 			page 13
=======
ARM GAS  C:\Users\mathias\AppData\Local\Temp\cczDqC2A.s 			page 13
>>>>>>> Stashed changes


 404 0153 C8000000 		.4byte	0xc8
 405 0157 08       		.uleb128 0x8
 406 0158 16000000 		.4byte	.LVL5
 407 015c 28010000 		.4byte	0x128
 408 0160 00       		.byte	0
 409 0161 0C       		.uleb128 0xc
 410 0162 39010000 		.4byte	.LASF21
 411 0166 01       		.byte	0x1
 412 0167 D9       		.byte	0xd9
 413 0168 00000000 		.4byte	.LFB3
 414 016c 40000000 		.4byte	.LFE3-.LFB3
 415 0170 01       		.uleb128 0x1
 416 0171 9C       		.byte	0x9c
 417 0172 0D       		.uleb128 0xd
 418 0173 9E020000 		.4byte	.LASF22
 419 0177 01       		.byte	0x1
 420 0178 18       		.byte	0x18
 421 0179 6B000000 		.4byte	0x6b
 422 017d 05       		.uleb128 0x5
 423 017e 03       		.byte	0x3
 424 017f 00000000 		.4byte	I2C_M_initVar
 425 0183 0D       		.uleb128 0xd
 426 0184 68000000 		.4byte	.LASF23
 427 0188 01       		.byte	0x1
 428 0189 1A       		.byte	0x1a
 429 018a A4000000 		.4byte	0xa4
 430 018e 05       		.uleb128 0x5
 431 018f 03       		.byte	0x3
 432 0190 00000000 		.4byte	I2C_M_state
 433 0194 0E       		.uleb128 0xe
 434 0195 74000000 		.4byte	.LASF24
 435 0199 03       		.byte	0x3
 436 019a 27       		.byte	0x27
 437 019b A4000000 		.4byte	0xa4
 438 019f 0E       		.uleb128 0xe
 439 01a0 0F010000 		.4byte	.LASF25
 440 01a4 03       		.byte	0x3
 441 01a5 2D       		.byte	0x2d
 442 01a6 A4000000 		.4byte	0xa4
 443 01aa 0E       		.uleb128 0xe
 444 01ab 24010000 		.4byte	.LASF26
 445 01af 03       		.byte	0x3
 446 01b0 32       		.byte	0x32
 447 01b1 A4000000 		.4byte	0xa4
 448 01b5 0F       		.uleb128 0xf
 449 01b6 88010000 		.4byte	.LASF27
 450 01ba 88010000 		.4byte	.LASF27
 451 01be 04       		.byte	0x4
 452 01bf 7D       		.byte	0x7d
 453 01c0 0F       		.uleb128 0xf
 454 01c1 61010000 		.4byte	.LASF28
 455 01c5 61010000 		.4byte	.LASF28
 456 01c9 04       		.byte	0x4
 457 01ca 7E       		.byte	0x7e
 458 01cb 0F       		.uleb128 0xf
 459 01cc 77010000 		.4byte	.LASF29
 460 01d0 77010000 		.4byte	.LASF29
<<<<<<< Updated upstream
ARM GAS  C:\Users\mathias\AppData\Local\Temp\ccKOlFKk.s 			page 14
=======
ARM GAS  C:\Users\mathias\AppData\Local\Temp\cczDqC2A.s 			page 14
>>>>>>> Stashed changes


 461 01d4 04       		.byte	0x4
 462 01d5 8B       		.byte	0x8b
 463 01d6 0F       		.uleb128 0xf
 464 01d7 85000000 		.4byte	.LASF30
 465 01db 85000000 		.4byte	.LASF30
 466 01df 04       		.byte	0x4
 467 01e0 88       		.byte	0x88
 468 01e1 00       		.byte	0
 469              		.section	.debug_abbrev,"",%progbits
 470              	.Ldebug_abbrev0:
 471 0000 01       		.uleb128 0x1
 472 0001 11       		.uleb128 0x11
 473 0002 01       		.byte	0x1
 474 0003 25       		.uleb128 0x25
 475 0004 0E       		.uleb128 0xe
 476 0005 13       		.uleb128 0x13
 477 0006 0B       		.uleb128 0xb
 478 0007 03       		.uleb128 0x3
 479 0008 0E       		.uleb128 0xe
 480 0009 1B       		.uleb128 0x1b
 481 000a 0E       		.uleb128 0xe
 482 000b 55       		.uleb128 0x55
 483 000c 17       		.uleb128 0x17
 484 000d 11       		.uleb128 0x11
 485 000e 01       		.uleb128 0x1
 486 000f 10       		.uleb128 0x10
 487 0010 17       		.uleb128 0x17
 488 0011 00       		.byte	0
 489 0012 00       		.byte	0
 490 0013 02       		.uleb128 0x2
 491 0014 24       		.uleb128 0x24
 492 0015 00       		.byte	0
 493 0016 0B       		.uleb128 0xb
 494 0017 0B       		.uleb128 0xb
 495 0018 3E       		.uleb128 0x3e
 496 0019 0B       		.uleb128 0xb
 497 001a 03       		.uleb128 0x3
 498 001b 0E       		.uleb128 0xe
 499 001c 00       		.byte	0
 500 001d 00       		.byte	0
 501 001e 03       		.uleb128 0x3
 502 001f 24       		.uleb128 0x24
 503 0020 00       		.byte	0
 504 0021 0B       		.uleb128 0xb
 505 0022 0B       		.uleb128 0xb
 506 0023 3E       		.uleb128 0x3e
 507 0024 0B       		.uleb128 0xb
 508 0025 03       		.uleb128 0x3
 509 0026 08       		.uleb128 0x8
 510 0027 00       		.byte	0
 511 0028 00       		.byte	0
 512 0029 04       		.uleb128 0x4
 513 002a 16       		.uleb128 0x16
 514 002b 00       		.byte	0
 515 002c 03       		.uleb128 0x3
 516 002d 0E       		.uleb128 0xe
 517 002e 3A       		.uleb128 0x3a
<<<<<<< Updated upstream
ARM GAS  C:\Users\mathias\AppData\Local\Temp\ccKOlFKk.s 			page 15
=======
ARM GAS  C:\Users\mathias\AppData\Local\Temp\cczDqC2A.s 			page 15
>>>>>>> Stashed changes


 518 002f 0B       		.uleb128 0xb
 519 0030 3B       		.uleb128 0x3b
 520 0031 05       		.uleb128 0x5
 521 0032 49       		.uleb128 0x49
 522 0033 13       		.uleb128 0x13
 523 0034 00       		.byte	0
 524 0035 00       		.byte	0
 525 0036 05       		.uleb128 0x5
 526 0037 35       		.uleb128 0x35
 527 0038 00       		.byte	0
 528 0039 49       		.uleb128 0x49
 529 003a 13       		.uleb128 0x13
 530 003b 00       		.byte	0
 531 003c 00       		.byte	0
 532 003d 06       		.uleb128 0x6
 533 003e 2E       		.uleb128 0x2e
 534 003f 01       		.byte	0x1
 535 0040 3F       		.uleb128 0x3f
 536 0041 19       		.uleb128 0x19
 537 0042 03       		.uleb128 0x3
 538 0043 0E       		.uleb128 0xe
 539 0044 3A       		.uleb128 0x3a
 540 0045 0B       		.uleb128 0xb
 541 0046 3B       		.uleb128 0x3b
 542 0047 0B       		.uleb128 0xb
 543 0048 27       		.uleb128 0x27
 544 0049 19       		.uleb128 0x19
 545 004a 11       		.uleb128 0x11
 546 004b 01       		.uleb128 0x1
 547 004c 12       		.uleb128 0x12
 548 004d 06       		.uleb128 0x6
 549 004e 40       		.uleb128 0x40
 550 004f 18       		.uleb128 0x18
 551 0050 9742     		.uleb128 0x2117
 552 0052 19       		.uleb128 0x19
 553 0053 01       		.uleb128 0x1
 554 0054 13       		.uleb128 0x13
 555 0055 00       		.byte	0
 556 0056 00       		.byte	0
 557 0057 07       		.uleb128 0x7
 558 0058 34       		.uleb128 0x34
 559 0059 00       		.byte	0
 560 005a 03       		.uleb128 0x3
 561 005b 0E       		.uleb128 0xe
 562 005c 3A       		.uleb128 0x3a
 563 005d 0B       		.uleb128 0xb
 564 005e 3B       		.uleb128 0x3b
 565 005f 0B       		.uleb128 0xb
 566 0060 49       		.uleb128 0x49
 567 0061 13       		.uleb128 0x13
 568 0062 02       		.uleb128 0x2
 569 0063 17       		.uleb128 0x17
 570 0064 00       		.byte	0
 571 0065 00       		.byte	0
 572 0066 08       		.uleb128 0x8
 573 0067 898201   		.uleb128 0x4109
 574 006a 00       		.byte	0
<<<<<<< Updated upstream
ARM GAS  C:\Users\mathias\AppData\Local\Temp\ccKOlFKk.s 			page 16
=======
ARM GAS  C:\Users\mathias\AppData\Local\Temp\cczDqC2A.s 			page 16
>>>>>>> Stashed changes


 575 006b 11       		.uleb128 0x11
 576 006c 01       		.uleb128 0x1
 577 006d 31       		.uleb128 0x31
 578 006e 13       		.uleb128 0x13
 579 006f 00       		.byte	0
 580 0070 00       		.byte	0
 581 0071 09       		.uleb128 0x9
 582 0072 898201   		.uleb128 0x4109
 583 0075 01       		.byte	0x1
 584 0076 11       		.uleb128 0x11
 585 0077 01       		.uleb128 0x1
 586 0078 31       		.uleb128 0x31
 587 0079 13       		.uleb128 0x13
 588 007a 01       		.uleb128 0x1
 589 007b 13       		.uleb128 0x13
 590 007c 00       		.byte	0
 591 007d 00       		.byte	0
 592 007e 0A       		.uleb128 0xa
 593 007f 8A8201   		.uleb128 0x410a
 594 0082 00       		.byte	0
 595 0083 02       		.uleb128 0x2
 596 0084 18       		.uleb128 0x18
 597 0085 9142     		.uleb128 0x2111
 598 0087 18       		.uleb128 0x18
 599 0088 00       		.byte	0
 600 0089 00       		.byte	0
 601 008a 0B       		.uleb128 0xb
 602 008b 898201   		.uleb128 0x4109
 603 008e 01       		.byte	0x1
 604 008f 11       		.uleb128 0x11
 605 0090 01       		.uleb128 0x1
 606 0091 31       		.uleb128 0x31
 607 0092 13       		.uleb128 0x13
 608 0093 00       		.byte	0
 609 0094 00       		.byte	0
 610 0095 0C       		.uleb128 0xc
 611 0096 2E       		.uleb128 0x2e
 612 0097 00       		.byte	0
 613 0098 3F       		.uleb128 0x3f
 614 0099 19       		.uleb128 0x19
 615 009a 03       		.uleb128 0x3
 616 009b 0E       		.uleb128 0xe
 617 009c 3A       		.uleb128 0x3a
 618 009d 0B       		.uleb128 0xb
 619 009e 3B       		.uleb128 0x3b
 620 009f 0B       		.uleb128 0xb
 621 00a0 27       		.uleb128 0x27
 622 00a1 19       		.uleb128 0x19
 623 00a2 11       		.uleb128 0x11
 624 00a3 01       		.uleb128 0x1
 625 00a4 12       		.uleb128 0x12
 626 00a5 06       		.uleb128 0x6
 627 00a6 40       		.uleb128 0x40
 628 00a7 18       		.uleb128 0x18
 629 00a8 9742     		.uleb128 0x2117
 630 00aa 19       		.uleb128 0x19
 631 00ab 00       		.byte	0
<<<<<<< Updated upstream
ARM GAS  C:\Users\mathias\AppData\Local\Temp\ccKOlFKk.s 			page 17
=======
ARM GAS  C:\Users\mathias\AppData\Local\Temp\cczDqC2A.s 			page 17
>>>>>>> Stashed changes


 632 00ac 00       		.byte	0
 633 00ad 0D       		.uleb128 0xd
 634 00ae 34       		.uleb128 0x34
 635 00af 00       		.byte	0
 636 00b0 03       		.uleb128 0x3
 637 00b1 0E       		.uleb128 0xe
 638 00b2 3A       		.uleb128 0x3a
 639 00b3 0B       		.uleb128 0xb
 640 00b4 3B       		.uleb128 0x3b
 641 00b5 0B       		.uleb128 0xb
 642 00b6 49       		.uleb128 0x49
 643 00b7 13       		.uleb128 0x13
 644 00b8 3F       		.uleb128 0x3f
 645 00b9 19       		.uleb128 0x19
 646 00ba 02       		.uleb128 0x2
 647 00bb 18       		.uleb128 0x18
 648 00bc 00       		.byte	0
 649 00bd 00       		.byte	0
 650 00be 0E       		.uleb128 0xe
 651 00bf 34       		.uleb128 0x34
 652 00c0 00       		.byte	0
 653 00c1 03       		.uleb128 0x3
 654 00c2 0E       		.uleb128 0xe
 655 00c3 3A       		.uleb128 0x3a
 656 00c4 0B       		.uleb128 0xb
 657 00c5 3B       		.uleb128 0x3b
 658 00c6 0B       		.uleb128 0xb
 659 00c7 49       		.uleb128 0x49
 660 00c8 13       		.uleb128 0x13
 661 00c9 3F       		.uleb128 0x3f
 662 00ca 19       		.uleb128 0x19
 663 00cb 3C       		.uleb128 0x3c
 664 00cc 19       		.uleb128 0x19
 665 00cd 00       		.byte	0
 666 00ce 00       		.byte	0
 667 00cf 0F       		.uleb128 0xf
 668 00d0 2E       		.uleb128 0x2e
 669 00d1 00       		.byte	0
 670 00d2 3F       		.uleb128 0x3f
 671 00d3 19       		.uleb128 0x19
 672 00d4 3C       		.uleb128 0x3c
 673 00d5 19       		.uleb128 0x19
 674 00d6 6E       		.uleb128 0x6e
 675 00d7 0E       		.uleb128 0xe
 676 00d8 03       		.uleb128 0x3
 677 00d9 0E       		.uleb128 0xe
 678 00da 3A       		.uleb128 0x3a
 679 00db 0B       		.uleb128 0xb
 680 00dc 3B       		.uleb128 0x3b
 681 00dd 0B       		.uleb128 0xb
 682 00de 00       		.byte	0
 683 00df 00       		.byte	0
 684 00e0 00       		.byte	0
 685              		.section	.debug_loc,"",%progbits
 686              	.Ldebug_loc0:
 687              	.LLST0:
 688 0000 12000000 		.4byte	.LVL0
<<<<<<< Updated upstream
ARM GAS  C:\Users\mathias\AppData\Local\Temp\ccKOlFKk.s 			page 18
=======
ARM GAS  C:\Users\mathias\AppData\Local\Temp\cczDqC2A.s 			page 18
>>>>>>> Stashed changes


 689 0004 1F000000 		.4byte	.LVL1-1
 690 0008 0100     		.2byte	0x1
 691 000a 50       		.byte	0x50
 692 000b 00000000 		.4byte	0
 693 000f 00000000 		.4byte	0
 694              		.section	.debug_aranges,"",%progbits
 695 0000 34000000 		.4byte	0x34
 696 0004 0200     		.2byte	0x2
 697 0006 00000000 		.4byte	.Ldebug_info0
 698 000a 04       		.byte	0x4
 699 000b 00       		.byte	0
 700 000c 0000     		.2byte	0
 701 000e 0000     		.2byte	0
 702 0010 00000000 		.4byte	.LFB0
 703 0014 78000000 		.4byte	.LFE0-.LFB0
 704 0018 00000000 		.4byte	.LFB1
 705 001c 10000000 		.4byte	.LFE1-.LFB1
 706 0020 00000000 		.4byte	.LFB2
 707 0024 28000000 		.4byte	.LFE2-.LFB2
 708 0028 00000000 		.4byte	.LFB3
 709 002c 40000000 		.4byte	.LFE3-.LFB3
 710 0030 00000000 		.4byte	0
 711 0034 00000000 		.4byte	0
 712              		.section	.debug_ranges,"",%progbits
 713              	.Ldebug_ranges0:
 714 0000 00000000 		.4byte	.LFB0
 715 0004 78000000 		.4byte	.LFE0
 716 0008 00000000 		.4byte	.LFB1
 717 000c 10000000 		.4byte	.LFE1
 718 0010 00000000 		.4byte	.LFB2
 719 0014 28000000 		.4byte	.LFE2
 720 0018 00000000 		.4byte	.LFB3
 721 001c 40000000 		.4byte	.LFE3
 722 0020 00000000 		.4byte	0
 723 0024 00000000 		.4byte	0
 724              		.section	.debug_line,"",%progbits
 725              	.Ldebug_line0:
 726 0000 C9000000 		.section	.debug_str,"MS",%progbits,1
 726      02005C00 
 726      00000201 
 726      FB0E0D00 
 726      01010101 
 727              	.LASF15:
 728 0000 72656733 		.ascii	"reg32\000"
 728      3200
 729              	.LASF33:
 730 0006 433A5C55 		.ascii	"C:\\Users\\mathias\\Documents\\Uni\\2sem\\GFV\\Afle"
 730      73657273 
 730      5C6D6174 
 730      68696173 
 730      5C446F63 
 731 0032 76657269 		.ascii	"vering2\\GFVAflevering2\\Project\\Lab2\\Opgave1_I2C"
 731      6E67325C 
 731      47465641 
 731      666C6576 
 731      6572696E 
 732 0061 2E637964 		.ascii	".cydsn\000"
<<<<<<< Updated upstream
ARM GAS  C:\Users\mathias\AppData\Local\Temp\ccKOlFKk.s 			page 19
=======
ARM GAS  C:\Users\mathias\AppData\Local\Temp\cczDqC2A.s 			page 19
>>>>>>> Stashed changes


 732      736E00
 733              	.LASF23:
 734 0068 4932435F 		.ascii	"I2C_M_state\000"
 734      4D5F7374 
 734      61746500 
 735              	.LASF24:
 736 0074 4932435F 		.ascii	"I2C_M_mstrStatus\000"
 736      4D5F6D73 
 736      74725374 
 736      61747573 
 736      00
 737              	.LASF30:
 738 0085 4379496E 		.ascii	"CyIntSetVector\000"
 738      74536574 
 738      56656374 
 738      6F7200
 739              	.LASF3:
 740 0094 73686F72 		.ascii	"short unsigned int\000"
 740      7420756E 
 740      7369676E 
 740      65642069 
 740      6E7400
 741              	.LASF11:
 742 00a7 666C6F61 		.ascii	"float\000"
 742      7400
 743              	.LASF7:
 744 00ad 6C6F6E67 		.ascii	"long long unsigned int\000"
 744      206C6F6E 
 744      6720756E 
 744      7369676E 
 744      65642069 
 745              	.LASF1:
 746 00c4 756E7369 		.ascii	"unsigned char\000"
 746      676E6564 
 746      20636861 
 746      7200
 747              	.LASF19:
 748 00d2 4932435F 		.ascii	"I2C_M_Start\000"
 748      4D5F5374 
 748      61727400 
 749              	.LASF14:
 750 00de 72656738 		.ascii	"reg8\000"
 750      00
 751              	.LASF5:
 752 00e3 6C6F6E67 		.ascii	"long unsigned int\000"
 752      20756E73 
 752      69676E65 
 752      6420696E 
 752      7400
 753              	.LASF9:
 754 00f5 75696E74 		.ascii	"uint8\000"
 754      3800
 755              	.LASF20:
 756 00fb 4932435F 		.ascii	"I2C_M_Enable\000"
 756      4D5F456E 
 756      61626C65 
 756      00
<<<<<<< Updated upstream
ARM GAS  C:\Users\mathias\AppData\Local\Temp\ccKOlFKk.s 			page 20
=======
ARM GAS  C:\Users\mathias\AppData\Local\Temp\cczDqC2A.s 			page 20
>>>>>>> Stashed changes


 757              	.LASF12:
 758 0108 646F7562 		.ascii	"double\000"
 758      6C6500
 759              	.LASF25:
 760 010f 4932435F 		.ascii	"I2C_M_mstrRdBufIndex\000"
 760      4D5F6D73 
 760      74725264 
 760      42756649 
 760      6E646578 
 761              	.LASF26:
 762 0124 4932435F 		.ascii	"I2C_M_mstrWrBufIndex\000"
 762      4D5F6D73 
 762      74725772 
 762      42756649 
 762      6E646578 
 763              	.LASF21:
 764 0139 4932435F 		.ascii	"I2C_M_Stop\000"
 764      4D5F5374 
 764      6F7000
 765              	.LASF10:
 766 0144 75696E74 		.ascii	"uint32\000"
 766      333200
 767              	.LASF34:
 768 014b 696E7453 		.ascii	"intState\000"
 768      74617465 
 768      00
 769              	.LASF8:
 770 0154 756E7369 		.ascii	"unsigned int\000"
 770      676E6564 
 770      20696E74 
 770      00
 771              	.LASF28:
 772 0161 43794578 		.ascii	"CyExitCriticalSection\000"
 772      69744372 
 772      69746963 
 772      616C5365 
 772      6374696F 
 773              	.LASF29:
 774 0177 4379496E 		.ascii	"CyIntSetPriority\000"
 774      74536574 
 774      5072696F 
 774      72697479 
 774      00
 775              	.LASF27:
 776 0188 4379456E 		.ascii	"CyEnterCriticalSection\000"
 776      74657243 
 776      72697469 
 776      63616C53 
 776      65637469 
 777              	.LASF31:
 778 019f 474E5520 		.ascii	"GNU C11 5.4.1 20160609 (release) [ARM/embedded-5-br"
 778      43313120 
 778      352E342E 
 778      31203230 
 778      31363036 
 779 01d2 616E6368 		.ascii	"anch revision 237715] -mcpu=cortex-m3 -mthumb -g -O"
 779      20726576 
<<<<<<< Updated upstream
ARM GAS  C:\Users\mathias\AppData\Local\Temp\ccKOlFKk.s 			page 21
=======
ARM GAS  C:\Users\mathias\AppData\Local\Temp\cczDqC2A.s 			page 21
>>>>>>> Stashed changes


 779      6973696F 
 779      6E203233 
 779      37373135 
 780 0205 67202D66 		.ascii	"g -ffunction-sections -ffat-lto-objects\000"
 780      66756E63 
 780      74696F6E 
 780      2D736563 
 780      74696F6E 
 781              	.LASF17:
 782 022d 73697A65 		.ascii	"sizetype\000"
 782      74797065 
 782      00
 783              	.LASF6:
 784 0236 6C6F6E67 		.ascii	"long long int\000"
 784      206C6F6E 
 784      6720696E 
 784      7400
 785              	.LASF13:
 786 0244 63686172 		.ascii	"char\000"
 786      00
 787              	.LASF2:
 788 0249 73686F72 		.ascii	"short int\000"
 788      7420696E 
 788      7400
 789              	.LASF32:
 790 0253 47656E65 		.ascii	"Generated_Source\\PSoC5\\I2C_M.c\000"
 790      72617465 
 790      645F536F 
 790      75726365 
 790      5C50536F 
 791              	.LASF4:
 792 0272 6C6F6E67 		.ascii	"long int\000"
 792      20696E74 
 792      00
 793              	.LASF16:
 794 027b 6C6F6E67 		.ascii	"long double\000"
 794      20646F75 
 794      626C6500 
 795              	.LASF0:
 796 0287 7369676E 		.ascii	"signed char\000"
 796      65642063 
 796      68617200 
 797              	.LASF18:
 798 0293 4932435F 		.ascii	"I2C_M_Init\000"
 798      4D5F496E 
 798      697400
 799              	.LASF22:
 800 029e 4932435F 		.ascii	"I2C_M_initVar\000"
 800      4D5F696E 
 800      69745661 
 800      7200
 801              		.ident	"GCC: (GNU Tools for ARM Embedded Processors) 5.4.1 20160609 (release) [ARM/embedded-5-bran
