ARM GAS  C:\Users\mathias\AppData\Local\Temp\cc1FjH9d.s 			page 1


   1              		.syntax unified
   2              		.cpu cortex-m3
   3              		.fpu softvfp
   4              		.eabi_attribute 20, 1
   5              		.eabi_attribute 21, 1
   6              		.eabi_attribute 23, 3
   7              		.eabi_attribute 24, 1
   8              		.eabi_attribute 25, 1
   9              		.eabi_attribute 26, 1
  10              		.eabi_attribute 30, 1
  11              		.eabi_attribute 34, 1
  12              		.eabi_attribute 18, 4
  13              		.thumb
  14              		.syntax unified
  15              		.file	"LM75.c"
  16              		.text
  17              	.Ltext0:
  18              		.cfi_sections	.debug_frame
  19              		.section	.text.getTemp,"ax",%progbits
  20              		.align	2
  21              		.global	getTemp
  22              		.thumb
  23              		.thumb_func
  24              		.type	getTemp, %function
  25              	getTemp:
  26              	.LFB63:
  27              		.file 1 "LM75.c"
   1:LM75.c        **** /* ========================================
   2:LM75.c        ****  *
   3:LM75.c        ****  * Copyright YOUR COMPANY, THE YEAR
   4:LM75.c        ****  * All Rights Reserved
   5:LM75.c        ****  * UNPUBLISHED, LICENSED SOFTWARE.
   6:LM75.c        ****  *
   7:LM75.c        ****  * CONFIDENTIAL AND PROPRIETARY INFORMATION
   8:LM75.c        ****  * WHICH IS THE PROPERTY OF your company.
   9:LM75.c        ****  *
  10:LM75.c        ****  * ========================================
  11:LM75.c        **** */
  12:LM75.c        ****     #include <stdint.h>
  13:LM75.c        ****     #include <stdbool.h>
  14:LM75.c        ****     #include "project.h"
  15:LM75.c        ****     #include "CustomPrint.h"
  16:LM75.c        **** 
  17:LM75.c        **** 
  18:LM75.c        **** 
  19:LM75.c        ****     bool getTemp(int16_t *temp, uint8_t slaveAddress)
  20:LM75.c        ****     {
  28              		.loc 1 20 0
  29              		.cfi_startproc
  30              		@ args = 0, pretend = 0, frame = 0
  31              		@ frame_needed = 0, uses_anonymous_args = 0
  32              	.LVL0:
  33 0000 70B5     		push	{r4, r5, r6, lr}
  34              		.cfi_def_cfa_offset 16
  35              		.cfi_offset 4, -16
  36              		.cfi_offset 5, -12
  37              		.cfi_offset 6, -8
ARM GAS  C:\Users\mathias\AppData\Local\Temp\cc1FjH9d.s 			page 2


  38              		.cfi_offset 14, -4
  39 0002 0646     		mov	r6, r0
  40 0004 0846     		mov	r0, r1
  41              	.LVL1:
  21:LM75.c        ****         uint8_t status;
  22:LM75.c        ****         status = I2C_M_MasterSendStart(slaveAddress, 1); 
  42              		.loc 1 22 0
  43 0006 0121     		movs	r1, #1
  44              	.LVL2:
  45 0008 FFF7FEFF 		bl	I2C_M_MasterSendStart
  46              	.LVL3:
  23:LM75.c        ****         if (status == I2C_M_MSTR_NO_ERROR)
  47              		.loc 1 23 0
  48 000c 80B9     		cbnz	r0, .L2
  49              	.LBB2:
  24:LM75.c        ****         {
  25:LM75.c        ****             uint8_t bH = I2C_M_MasterReadByte(I2C_M_ACK_DATA);
  50              		.loc 1 25 0
  51 000e 0120     		movs	r0, #1
  52              	.LVL4:
  53 0010 FFF7FEFF 		bl	I2C_M_MasterReadByte
  54              	.LVL5:
  55 0014 0546     		mov	r5, r0
  56              	.LVL6:
  26:LM75.c        ****             uint8_t bL = I2C_M_MasterReadByte(I2C_M_NAK_DATA);
  57              		.loc 1 26 0
  58 0016 0020     		movs	r0, #0
  59 0018 FFF7FEFF 		bl	I2C_M_MasterReadByte
  60              	.LVL7:
  61 001c 0446     		mov	r4, r0
  62              	.LVL8:
  27:LM75.c        ****             
  28:LM75.c        ****             I2C_M_MasterSendStop();
  63              		.loc 1 28 0
  64 001e FFF7FEFF 		bl	I2C_M_MasterSendStop
  65              	.LVL9:
  29:LM75.c        ****             
  30:LM75.c        ****             if (bH)
  66              		.loc 1 30 0
  67 0022 05B1     		cbz	r5, .L3
  31:LM75.c        ****                 bH = 0xff;
  68              		.loc 1 31 0
  69 0024 FF25     		movs	r5, #255
  70              	.LVL10:
  71              	.L3:
  32:LM75.c        ****             
  33:LM75.c        ****             *temp = ((bH << 8) + bL);
  72              		.loc 1 33 0
  73 0026 04EB0524 		add	r4, r4, r5, lsl #8
  74              	.LVL11:
  75 002a 3480     		strh	r4, [r6]	@ movhi
  34:LM75.c        ****             return true;
  76              		.loc 1 34 0
  77 002c 0120     		movs	r0, #1
  78 002e 70BD     		pop	{r4, r5, r6, pc}
  79              	.LVL12:
  80              	.L2:
ARM GAS  C:\Users\mathias\AppData\Local\Temp\cc1FjH9d.s 			page 3


  81 0030 0246     		mov	r2, r0
  82              	.LBE2:
  35:LM75.c        ****         }
  36:LM75.c        ****         else
  37:LM75.c        ****         {
  38:LM75.c        ****             PrintStringInt("Fejl: ", 9, status);
  83              		.loc 1 38 0
  84 0032 0921     		movs	r1, #9
  85 0034 0348     		ldr	r0, .L7
  86              	.LVL13:
  87 0036 FFF7FEFF 		bl	PrintStringInt
  88              	.LVL14:
  39:LM75.c        ****             I2C_M_MasterSendStop();
  89              		.loc 1 39 0
  90 003a FFF7FEFF 		bl	I2C_M_MasterSendStop
  91              	.LVL15:
  40:LM75.c        ****             return false;
  92              		.loc 1 40 0
  93 003e 0020     		movs	r0, #0
  41:LM75.c        ****         }
  42:LM75.c        ****     }
  94              		.loc 1 42 0
  95 0040 70BD     		pop	{r4, r5, r6, pc}
  96              	.LVL16:
  97              	.L8:
  98 0042 00BF     		.align	2
  99              	.L7:
 100 0044 00000000 		.word	.LC0
 101              		.cfi_endproc
 102              	.LFE63:
 103              		.size	getTemp, .-getTemp
 104              		.global	__aeabi_i2f
 105              		.global	__aeabi_fmul
 106              		.section	.text.convertToCeltius,"ax",%progbits
 107              		.align	2
 108              		.global	convertToCeltius
 109              		.thumb
 110              		.thumb_func
 111              		.type	convertToCeltius, %function
 112              	convertToCeltius:
 113              	.LFB64:
  43:LM75.c        ****     
  44:LM75.c        ****     float convertToCeltius(int16_t temp)
  45:LM75.c        ****     {
 114              		.loc 1 45 0
 115              		.cfi_startproc
 116              		@ args = 0, pretend = 0, frame = 0
 117              		@ frame_needed = 0, uses_anonymous_args = 0
 118              	.LVL17:
 119 0000 08B5     		push	{r3, lr}
 120              		.cfi_def_cfa_offset 8
 121              		.cfi_offset 3, -8
 122              		.cfi_offset 14, -4
  46:LM75.c        ****         return ((float)temp / 2);
 123              		.loc 1 46 0
 124 0002 FFF7FEFF 		bl	__aeabi_i2f
 125              	.LVL18:
ARM GAS  C:\Users\mathias\AppData\Local\Temp\cc1FjH9d.s 			page 4


 126 0006 4FF07C51 		mov	r1, #1056964608
 127 000a FFF7FEFF 		bl	__aeabi_fmul
 128              	.LVL19:
  47:LM75.c        ****     }
 129              		.loc 1 47 0
 130 000e 08BD     		pop	{r3, pc}
 131              		.cfi_endproc
 132              	.LFE64:
 133              		.size	convertToCeltius, .-convertToCeltius
 134              		.section	.rodata.str1.4,"aMS",%progbits,1
 135              		.align	2
 136              	.LC0:
 137 0000 46656A6C 		.ascii	"Fejl: \000"
 137      3A2000
 138              		.text
 139              	.Letext0:
 140              		.file 2 "c:\\program files (x86)\\cypress\\psoc creator\\4.4\\psoc creator\\import\\gnu\\arm\\5.4.
 141              		.file 3 "c:\\program files (x86)\\cypress\\psoc creator\\4.4\\psoc creator\\import\\gnu\\arm\\5.4.
 142              		.file 4 "Generated_Source\\PSoC5/I2C_M.h"
 143              		.file 5 "CustomPrint.h"
 144              		.file 6 "Generated_Source\\PSoC5/core_cm3.h"
 145              		.section	.debug_info,"",%progbits
 146              	.Ldebug_info0:
 147 0000 18020000 		.4byte	0x218
 148 0004 0400     		.2byte	0x4
 149 0006 00000000 		.4byte	.Ldebug_abbrev0
 150 000a 04       		.byte	0x4
 151 000b 01       		.uleb128 0x1
 152 000c B7000000 		.4byte	.LASF30
 153 0010 0C       		.byte	0xc
 154 0011 0A000000 		.4byte	.LASF31
 155 0015 11000000 		.4byte	.LASF32
 156 0019 00000000 		.4byte	.Ldebug_ranges0+0
 157 001d 00000000 		.4byte	0
 158 0021 00000000 		.4byte	.Ldebug_line0
 159 0025 02       		.uleb128 0x2
 160 0026 01       		.byte	0x1
 161 0027 06       		.byte	0x6
 162 0028 5A020000 		.4byte	.LASF0
 163 002c 03       		.uleb128 0x3
 164 002d 00000000 		.4byte	.LASF2
 165 0031 02       		.byte	0x2
 166 0032 1D       		.byte	0x1d
 167 0033 37000000 		.4byte	0x37
 168 0037 02       		.uleb128 0x2
 169 0038 01       		.byte	0x1
 170 0039 08       		.byte	0x8
 171 003a A9000000 		.4byte	.LASF1
 172 003e 03       		.uleb128 0x3
 173 003f 73000000 		.4byte	.LASF3
 174 0043 02       		.byte	0x2
 175 0044 29       		.byte	0x29
 176 0045 49000000 		.4byte	0x49
 177 0049 02       		.uleb128 0x2
 178 004a 02       		.byte	0x2
 179 004b 05       		.byte	0x5
 180 004c 3B020000 		.4byte	.LASF4
ARM GAS  C:\Users\mathias\AppData\Local\Temp\cc1FjH9d.s 			page 5


 181 0050 02       		.uleb128 0x2
 182 0051 02       		.byte	0x2
 183 0052 07       		.byte	0x7
 184 0053 69010000 		.4byte	.LASF5
 185 0057 03       		.uleb128 0x3
 186 0058 7D000000 		.4byte	.LASF6
 187 005c 02       		.byte	0x2
 188 005d 3F       		.byte	0x3f
 189 005e 62000000 		.4byte	0x62
 190 0062 02       		.uleb128 0x2
 191 0063 04       		.byte	0x4
 192 0064 05       		.byte	0x5
 193 0065 45020000 		.4byte	.LASF7
 194 0069 02       		.uleb128 0x2
 195 006a 04       		.byte	0x4
 196 006b 07       		.byte	0x7
 197 006c 52010000 		.4byte	.LASF8
 198 0070 02       		.uleb128 0x2
 199 0071 08       		.byte	0x8
 200 0072 05       		.byte	0x5
 201 0073 0F020000 		.4byte	.LASF9
 202 0077 02       		.uleb128 0x2
 203 0078 08       		.byte	0x8
 204 0079 07       		.byte	0x7
 205 007a C8010000 		.4byte	.LASF10
 206 007e 04       		.uleb128 0x4
 207 007f 04       		.byte	0x4
 208 0080 05       		.byte	0x5
 209 0081 696E7400 		.ascii	"int\000"
 210 0085 02       		.uleb128 0x2
 211 0086 04       		.byte	0x4
 212 0087 07       		.byte	0x7
 213 0088 A5010000 		.4byte	.LASF11
 214 008c 03       		.uleb128 0x3
 215 008d DF010000 		.4byte	.LASF12
 216 0091 03       		.byte	0x3
 217 0092 18       		.byte	0x18
 218 0093 2C000000 		.4byte	0x2c
 219 0097 03       		.uleb128 0x3
 220 0098 E7010000 		.4byte	.LASF13
 221 009c 03       		.byte	0x3
 222 009d 20       		.byte	0x20
 223 009e 3E000000 		.4byte	0x3e
 224 00a2 03       		.uleb128 0x3
 225 00a3 FE010000 		.4byte	.LASF14
 226 00a7 03       		.byte	0x3
 227 00a8 2C       		.byte	0x2c
 228 00a9 57000000 		.4byte	0x57
 229 00ad 02       		.uleb128 0x2
 230 00ae 04       		.byte	0x4
 231 00af 04       		.byte	0x4
 232 00b0 A3000000 		.4byte	.LASF15
 233 00b4 02       		.uleb128 0x2
 234 00b5 08       		.byte	0x8
 235 00b6 04       		.byte	0x4
 236 00b7 89010000 		.4byte	.LASF16
 237 00bb 02       		.uleb128 0x2
ARM GAS  C:\Users\mathias\AppData\Local\Temp\cc1FjH9d.s 			page 6


 238 00bc 01       		.byte	0x1
 239 00bd 08       		.byte	0x8
 240 00be 25020000 		.4byte	.LASF17
 241 00c2 02       		.uleb128 0x2
 242 00c3 08       		.byte	0x8
 243 00c4 04       		.byte	0x4
 244 00c5 4E020000 		.4byte	.LASF18
 245 00c9 02       		.uleb128 0x2
 246 00ca 04       		.byte	0x4
 247 00cb 07       		.byte	0x7
 248 00cc 06020000 		.4byte	.LASF19
 249 00d0 05       		.uleb128 0x5
 250 00d1 1D020000 		.4byte	.LASF24
 251 00d5 01       		.byte	0x1
 252 00d6 13       		.byte	0x13
 253 00d7 A8010000 		.4byte	0x1a8
 254 00db 00000000 		.4byte	.LFB63
 255 00df 48000000 		.4byte	.LFE63-.LFB63
 256 00e3 01       		.uleb128 0x1
 257 00e4 9C       		.byte	0x9c
 258 00e5 A8010000 		.4byte	0x1a8
 259 00e9 06       		.uleb128 0x6
 260 00ea 64010000 		.4byte	.LASF20
 261 00ee 01       		.byte	0x1
 262 00ef 13       		.byte	0x13
 263 00f0 AF010000 		.4byte	0x1af
 264 00f4 00000000 		.4byte	.LLST0
 265 00f8 06       		.uleb128 0x6
 266 00f9 45010000 		.4byte	.LASF21
 267 00fd 01       		.byte	0x1
 268 00fe 13       		.byte	0x13
 269 00ff 8C000000 		.4byte	0x8c
 270 0103 2C000000 		.4byte	.LLST1
 271 0107 07       		.uleb128 0x7
 272 0108 87000000 		.4byte	.LASF22
 273 010c 01       		.byte	0x1
 274 010d 15       		.byte	0x15
 275 010e 8C000000 		.4byte	0x8c
 276 0112 4D000000 		.4byte	.LLST2
 277 0116 08       		.uleb128 0x8
 278 0117 0E000000 		.4byte	.LBB2
 279 011b 24000000 		.4byte	.LBE2-.LBB2
 280 011f 6F010000 		.4byte	0x16f
 281 0123 09       		.uleb128 0x9
 282 0124 624800   		.ascii	"bH\000"
 283 0127 01       		.byte	0x1
 284 0128 19       		.byte	0x19
 285 0129 8C000000 		.4byte	0x8c
 286 012d 6B000000 		.4byte	.LLST3
 287 0131 09       		.uleb128 0x9
 288 0132 624C00   		.ascii	"bL\000"
 289 0135 01       		.byte	0x1
 290 0136 1A       		.byte	0x1a
 291 0137 8C000000 		.4byte	0x8c
 292 013b 7E000000 		.4byte	.LLST4
 293 013f 0A       		.uleb128 0xa
 294 0140 14000000 		.4byte	.LVL5
ARM GAS  C:\Users\mathias\AppData\Local\Temp\cc1FjH9d.s 			page 7


 295 0144 EF010000 		.4byte	0x1ef
 296 0148 52010000 		.4byte	0x152
 297 014c 0B       		.uleb128 0xb
 298 014d 01       		.uleb128 0x1
 299 014e 50       		.byte	0x50
 300 014f 01       		.uleb128 0x1
 301 0150 31       		.byte	0x31
 302 0151 00       		.byte	0
 303 0152 0A       		.uleb128 0xa
 304 0153 1C000000 		.4byte	.LVL7
 305 0157 EF010000 		.4byte	0x1ef
 306 015b 65010000 		.4byte	0x165
 307 015f 0B       		.uleb128 0xb
 308 0160 01       		.uleb128 0x1
 309 0161 50       		.byte	0x50
 310 0162 01       		.uleb128 0x1
 311 0163 30       		.byte	0x30
 312 0164 00       		.byte	0
 313 0165 0C       		.uleb128 0xc
 314 0166 22000000 		.4byte	.LVL9
 315 016a FA010000 		.4byte	0x1fa
 316 016e 00       		.byte	0
 317 016f 0A       		.uleb128 0xa
 318 0170 0C000000 		.4byte	.LVL3
 319 0174 05020000 		.4byte	0x205
 320 0178 82010000 		.4byte	0x182
 321 017c 0B       		.uleb128 0xb
 322 017d 01       		.uleb128 0x1
 323 017e 51       		.byte	0x51
 324 017f 01       		.uleb128 0x1
 325 0180 31       		.byte	0x31
 326 0181 00       		.byte	0
 327 0182 0A       		.uleb128 0xa
 328 0183 3A000000 		.4byte	.LVL14
 329 0187 10020000 		.4byte	0x210
 330 018b 9E010000 		.4byte	0x19e
 331 018f 0B       		.uleb128 0xb
 332 0190 01       		.uleb128 0x1
 333 0191 50       		.byte	0x50
 334 0192 05       		.uleb128 0x5
 335 0193 03       		.byte	0x3
 336 0194 00000000 		.4byte	.LC0
 337 0198 0B       		.uleb128 0xb
 338 0199 01       		.uleb128 0x1
 339 019a 51       		.byte	0x51
 340 019b 01       		.uleb128 0x1
 341 019c 39       		.byte	0x39
 342 019d 00       		.byte	0
 343 019e 0C       		.uleb128 0xc
 344 019f 3E000000 		.4byte	.LVL15
 345 01a3 FA010000 		.4byte	0x1fa
 346 01a7 00       		.byte	0
 347 01a8 02       		.uleb128 0x2
 348 01a9 01       		.byte	0x1
 349 01aa 02       		.byte	0x2
 350 01ab 66020000 		.4byte	.LASF23
 351 01af 0D       		.uleb128 0xd
ARM GAS  C:\Users\mathias\AppData\Local\Temp\cc1FjH9d.s 			page 8


 352 01b0 04       		.byte	0x4
 353 01b1 97000000 		.4byte	0x97
 354 01b5 0E       		.uleb128 0xe
 355 01b6 2A020000 		.4byte	.LASF25
 356 01ba 01       		.byte	0x1
 357 01bb 2C       		.byte	0x2c
 358 01bc AD000000 		.4byte	0xad
 359 01c0 00000000 		.4byte	.LFB64
 360 01c4 10000000 		.4byte	.LFE64-.LFB64
 361 01c8 01       		.uleb128 0x1
 362 01c9 9C       		.byte	0x9c
 363 01ca DE010000 		.4byte	0x1de
 364 01ce 06       		.uleb128 0x6
 365 01cf 64010000 		.4byte	.LASF20
 366 01d3 01       		.byte	0x1
 367 01d4 2C       		.byte	0x2c
 368 01d5 97000000 		.4byte	0x97
 369 01d9 91000000 		.4byte	.LLST5
 370 01dd 00       		.byte	0
 371 01de 0F       		.uleb128 0xf
 372 01df 7C010000 		.4byte	.LASF33
 373 01e3 06       		.byte	0x6
 374 01e4 1207     		.2byte	0x712
 375 01e6 EA010000 		.4byte	0x1ea
 376 01ea 10       		.uleb128 0x10
 377 01eb A2000000 		.4byte	0xa2
 378 01ef 11       		.uleb128 0x11
 379 01f0 8E000000 		.4byte	.LASF26
 380 01f4 8E000000 		.4byte	.LASF26
 381 01f8 04       		.byte	0x4
 382 01f9 B7       		.byte	0xb7
 383 01fa 11       		.uleb128 0x11
 384 01fb 90010000 		.4byte	.LASF27
 385 01ff 90010000 		.4byte	.LASF27
 386 0203 04       		.byte	0x4
 387 0204 B5       		.byte	0xb5
 388 0205 11       		.uleb128 0x11
 389 0206 B2010000 		.4byte	.LASF28
 390 020a B2010000 		.4byte	.LASF28
 391 020e 04       		.byte	0x4
 392 020f B1       		.byte	0xb1
 393 0210 11       		.uleb128 0x11
 394 0211 EF010000 		.4byte	.LASF29
 395 0215 EF010000 		.4byte	.LASF29
 396 0219 05       		.byte	0x5
 397 021a 11       		.byte	0x11
 398 021b 00       		.byte	0
 399              		.section	.debug_abbrev,"",%progbits
 400              	.Ldebug_abbrev0:
 401 0000 01       		.uleb128 0x1
 402 0001 11       		.uleb128 0x11
 403 0002 01       		.byte	0x1
 404 0003 25       		.uleb128 0x25
 405 0004 0E       		.uleb128 0xe
 406 0005 13       		.uleb128 0x13
 407 0006 0B       		.uleb128 0xb
 408 0007 03       		.uleb128 0x3
ARM GAS  C:\Users\mathias\AppData\Local\Temp\cc1FjH9d.s 			page 9


 409 0008 0E       		.uleb128 0xe
 410 0009 1B       		.uleb128 0x1b
 411 000a 0E       		.uleb128 0xe
 412 000b 55       		.uleb128 0x55
 413 000c 17       		.uleb128 0x17
 414 000d 11       		.uleb128 0x11
 415 000e 01       		.uleb128 0x1
 416 000f 10       		.uleb128 0x10
 417 0010 17       		.uleb128 0x17
 418 0011 00       		.byte	0
 419 0012 00       		.byte	0
 420 0013 02       		.uleb128 0x2
 421 0014 24       		.uleb128 0x24
 422 0015 00       		.byte	0
 423 0016 0B       		.uleb128 0xb
 424 0017 0B       		.uleb128 0xb
 425 0018 3E       		.uleb128 0x3e
 426 0019 0B       		.uleb128 0xb
 427 001a 03       		.uleb128 0x3
 428 001b 0E       		.uleb128 0xe
 429 001c 00       		.byte	0
 430 001d 00       		.byte	0
 431 001e 03       		.uleb128 0x3
 432 001f 16       		.uleb128 0x16
 433 0020 00       		.byte	0
 434 0021 03       		.uleb128 0x3
 435 0022 0E       		.uleb128 0xe
 436 0023 3A       		.uleb128 0x3a
 437 0024 0B       		.uleb128 0xb
 438 0025 3B       		.uleb128 0x3b
 439 0026 0B       		.uleb128 0xb
 440 0027 49       		.uleb128 0x49
 441 0028 13       		.uleb128 0x13
 442 0029 00       		.byte	0
 443 002a 00       		.byte	0
 444 002b 04       		.uleb128 0x4
 445 002c 24       		.uleb128 0x24
 446 002d 00       		.byte	0
 447 002e 0B       		.uleb128 0xb
 448 002f 0B       		.uleb128 0xb
 449 0030 3E       		.uleb128 0x3e
 450 0031 0B       		.uleb128 0xb
 451 0032 03       		.uleb128 0x3
 452 0033 08       		.uleb128 0x8
 453 0034 00       		.byte	0
 454 0035 00       		.byte	0
 455 0036 05       		.uleb128 0x5
 456 0037 2E       		.uleb128 0x2e
 457 0038 01       		.byte	0x1
 458 0039 3F       		.uleb128 0x3f
 459 003a 19       		.uleb128 0x19
 460 003b 03       		.uleb128 0x3
 461 003c 0E       		.uleb128 0xe
 462 003d 3A       		.uleb128 0x3a
 463 003e 0B       		.uleb128 0xb
 464 003f 3B       		.uleb128 0x3b
 465 0040 0B       		.uleb128 0xb
ARM GAS  C:\Users\mathias\AppData\Local\Temp\cc1FjH9d.s 			page 10


 466 0041 27       		.uleb128 0x27
 467 0042 19       		.uleb128 0x19
 468 0043 49       		.uleb128 0x49
 469 0044 13       		.uleb128 0x13
 470 0045 11       		.uleb128 0x11
 471 0046 01       		.uleb128 0x1
 472 0047 12       		.uleb128 0x12
 473 0048 06       		.uleb128 0x6
 474 0049 40       		.uleb128 0x40
 475 004a 18       		.uleb128 0x18
 476 004b 9742     		.uleb128 0x2117
 477 004d 19       		.uleb128 0x19
 478 004e 01       		.uleb128 0x1
 479 004f 13       		.uleb128 0x13
 480 0050 00       		.byte	0
 481 0051 00       		.byte	0
 482 0052 06       		.uleb128 0x6
 483 0053 05       		.uleb128 0x5
 484 0054 00       		.byte	0
 485 0055 03       		.uleb128 0x3
 486 0056 0E       		.uleb128 0xe
 487 0057 3A       		.uleb128 0x3a
 488 0058 0B       		.uleb128 0xb
 489 0059 3B       		.uleb128 0x3b
 490 005a 0B       		.uleb128 0xb
 491 005b 49       		.uleb128 0x49
 492 005c 13       		.uleb128 0x13
 493 005d 02       		.uleb128 0x2
 494 005e 17       		.uleb128 0x17
 495 005f 00       		.byte	0
 496 0060 00       		.byte	0
 497 0061 07       		.uleb128 0x7
 498 0062 34       		.uleb128 0x34
 499 0063 00       		.byte	0
 500 0064 03       		.uleb128 0x3
 501 0065 0E       		.uleb128 0xe
 502 0066 3A       		.uleb128 0x3a
 503 0067 0B       		.uleb128 0xb
 504 0068 3B       		.uleb128 0x3b
 505 0069 0B       		.uleb128 0xb
 506 006a 49       		.uleb128 0x49
 507 006b 13       		.uleb128 0x13
 508 006c 02       		.uleb128 0x2
 509 006d 17       		.uleb128 0x17
 510 006e 00       		.byte	0
 511 006f 00       		.byte	0
 512 0070 08       		.uleb128 0x8
 513 0071 0B       		.uleb128 0xb
 514 0072 01       		.byte	0x1
 515 0073 11       		.uleb128 0x11
 516 0074 01       		.uleb128 0x1
 517 0075 12       		.uleb128 0x12
 518 0076 06       		.uleb128 0x6
 519 0077 01       		.uleb128 0x1
 520 0078 13       		.uleb128 0x13
 521 0079 00       		.byte	0
 522 007a 00       		.byte	0
ARM GAS  C:\Users\mathias\AppData\Local\Temp\cc1FjH9d.s 			page 11


 523 007b 09       		.uleb128 0x9
 524 007c 34       		.uleb128 0x34
 525 007d 00       		.byte	0
 526 007e 03       		.uleb128 0x3
 527 007f 08       		.uleb128 0x8
 528 0080 3A       		.uleb128 0x3a
 529 0081 0B       		.uleb128 0xb
 530 0082 3B       		.uleb128 0x3b
 531 0083 0B       		.uleb128 0xb
 532 0084 49       		.uleb128 0x49
 533 0085 13       		.uleb128 0x13
 534 0086 02       		.uleb128 0x2
 535 0087 17       		.uleb128 0x17
 536 0088 00       		.byte	0
 537 0089 00       		.byte	0
 538 008a 0A       		.uleb128 0xa
 539 008b 898201   		.uleb128 0x4109
 540 008e 01       		.byte	0x1
 541 008f 11       		.uleb128 0x11
 542 0090 01       		.uleb128 0x1
 543 0091 31       		.uleb128 0x31
 544 0092 13       		.uleb128 0x13
 545 0093 01       		.uleb128 0x1
 546 0094 13       		.uleb128 0x13
 547 0095 00       		.byte	0
 548 0096 00       		.byte	0
 549 0097 0B       		.uleb128 0xb
 550 0098 8A8201   		.uleb128 0x410a
 551 009b 00       		.byte	0
 552 009c 02       		.uleb128 0x2
 553 009d 18       		.uleb128 0x18
 554 009e 9142     		.uleb128 0x2111
 555 00a0 18       		.uleb128 0x18
 556 00a1 00       		.byte	0
 557 00a2 00       		.byte	0
 558 00a3 0C       		.uleb128 0xc
 559 00a4 898201   		.uleb128 0x4109
 560 00a7 00       		.byte	0
 561 00a8 11       		.uleb128 0x11
 562 00a9 01       		.uleb128 0x1
 563 00aa 31       		.uleb128 0x31
 564 00ab 13       		.uleb128 0x13
 565 00ac 00       		.byte	0
 566 00ad 00       		.byte	0
 567 00ae 0D       		.uleb128 0xd
 568 00af 0F       		.uleb128 0xf
 569 00b0 00       		.byte	0
 570 00b1 0B       		.uleb128 0xb
 571 00b2 0B       		.uleb128 0xb
 572 00b3 49       		.uleb128 0x49
 573 00b4 13       		.uleb128 0x13
 574 00b5 00       		.byte	0
 575 00b6 00       		.byte	0
 576 00b7 0E       		.uleb128 0xe
 577 00b8 2E       		.uleb128 0x2e
 578 00b9 01       		.byte	0x1
 579 00ba 3F       		.uleb128 0x3f
ARM GAS  C:\Users\mathias\AppData\Local\Temp\cc1FjH9d.s 			page 12


 580 00bb 19       		.uleb128 0x19
 581 00bc 03       		.uleb128 0x3
 582 00bd 0E       		.uleb128 0xe
 583 00be 3A       		.uleb128 0x3a
 584 00bf 0B       		.uleb128 0xb
 585 00c0 3B       		.uleb128 0x3b
 586 00c1 0B       		.uleb128 0xb
 587 00c2 27       		.uleb128 0x27
 588 00c3 19       		.uleb128 0x19
 589 00c4 49       		.uleb128 0x49
 590 00c5 13       		.uleb128 0x13
 591 00c6 11       		.uleb128 0x11
 592 00c7 01       		.uleb128 0x1
 593 00c8 12       		.uleb128 0x12
 594 00c9 06       		.uleb128 0x6
 595 00ca 40       		.uleb128 0x40
 596 00cb 18       		.uleb128 0x18
 597 00cc 9642     		.uleb128 0x2116
 598 00ce 19       		.uleb128 0x19
 599 00cf 01       		.uleb128 0x1
 600 00d0 13       		.uleb128 0x13
 601 00d1 00       		.byte	0
 602 00d2 00       		.byte	0
 603 00d3 0F       		.uleb128 0xf
 604 00d4 34       		.uleb128 0x34
 605 00d5 00       		.byte	0
 606 00d6 03       		.uleb128 0x3
 607 00d7 0E       		.uleb128 0xe
 608 00d8 3A       		.uleb128 0x3a
 609 00d9 0B       		.uleb128 0xb
 610 00da 3B       		.uleb128 0x3b
 611 00db 05       		.uleb128 0x5
 612 00dc 49       		.uleb128 0x49
 613 00dd 13       		.uleb128 0x13
 614 00de 3F       		.uleb128 0x3f
 615 00df 19       		.uleb128 0x19
 616 00e0 3C       		.uleb128 0x3c
 617 00e1 19       		.uleb128 0x19
 618 00e2 00       		.byte	0
 619 00e3 00       		.byte	0
 620 00e4 10       		.uleb128 0x10
 621 00e5 35       		.uleb128 0x35
 622 00e6 00       		.byte	0
 623 00e7 49       		.uleb128 0x49
 624 00e8 13       		.uleb128 0x13
 625 00e9 00       		.byte	0
 626 00ea 00       		.byte	0
 627 00eb 11       		.uleb128 0x11
 628 00ec 2E       		.uleb128 0x2e
 629 00ed 00       		.byte	0
 630 00ee 3F       		.uleb128 0x3f
 631 00ef 19       		.uleb128 0x19
 632 00f0 3C       		.uleb128 0x3c
 633 00f1 19       		.uleb128 0x19
 634 00f2 6E       		.uleb128 0x6e
 635 00f3 0E       		.uleb128 0xe
 636 00f4 03       		.uleb128 0x3
ARM GAS  C:\Users\mathias\AppData\Local\Temp\cc1FjH9d.s 			page 13


 637 00f5 0E       		.uleb128 0xe
 638 00f6 3A       		.uleb128 0x3a
 639 00f7 0B       		.uleb128 0xb
 640 00f8 3B       		.uleb128 0x3b
 641 00f9 0B       		.uleb128 0xb
 642 00fa 00       		.byte	0
 643 00fb 00       		.byte	0
 644 00fc 00       		.byte	0
 645              		.section	.debug_loc,"",%progbits
 646              	.Ldebug_loc0:
 647              	.LLST0:
 648 0000 00000000 		.4byte	.LVL0
 649 0004 06000000 		.4byte	.LVL1
 650 0008 0100     		.2byte	0x1
 651 000a 50       		.byte	0x50
 652 000b 06000000 		.4byte	.LVL1
 653 000f 42000000 		.4byte	.LVL16
 654 0013 0100     		.2byte	0x1
 655 0015 56       		.byte	0x56
 656 0016 42000000 		.4byte	.LVL16
 657 001a 48000000 		.4byte	.LFE63
 658 001e 0400     		.2byte	0x4
 659 0020 F3       		.byte	0xf3
 660 0021 01       		.uleb128 0x1
 661 0022 50       		.byte	0x50
 662 0023 9F       		.byte	0x9f
 663 0024 00000000 		.4byte	0
 664 0028 00000000 		.4byte	0
 665              	.LLST1:
 666 002c 00000000 		.4byte	.LVL0
 667 0030 08000000 		.4byte	.LVL2
 668 0034 0100     		.2byte	0x1
 669 0036 51       		.byte	0x51
 670 0037 08000000 		.4byte	.LVL2
 671 003b 48000000 		.4byte	.LFE63
 672 003f 0400     		.2byte	0x4
 673 0041 F3       		.byte	0xf3
 674 0042 01       		.uleb128 0x1
 675 0043 51       		.byte	0x51
 676 0044 9F       		.byte	0x9f
 677 0045 00000000 		.4byte	0
 678 0049 00000000 		.4byte	0
 679              	.LLST2:
 680 004d 0C000000 		.4byte	.LVL3
 681 0051 10000000 		.4byte	.LVL4
 682 0055 0100     		.2byte	0x1
 683 0057 50       		.byte	0x50
 684 0058 30000000 		.4byte	.LVL12
 685 005c 36000000 		.4byte	.LVL13
 686 0060 0100     		.2byte	0x1
 687 0062 50       		.byte	0x50
 688 0063 00000000 		.4byte	0
 689 0067 00000000 		.4byte	0
 690              	.LLST3:
 691 006b 16000000 		.4byte	.LVL6
 692 006f 30000000 		.4byte	.LVL12
 693 0073 0100     		.2byte	0x1
ARM GAS  C:\Users\mathias\AppData\Local\Temp\cc1FjH9d.s 			page 14


 694 0075 55       		.byte	0x55
 695 0076 00000000 		.4byte	0
 696 007a 00000000 		.4byte	0
 697              	.LLST4:
 698 007e 1E000000 		.4byte	.LVL8
 699 0082 2A000000 		.4byte	.LVL11
 700 0086 0100     		.2byte	0x1
 701 0088 54       		.byte	0x54
 702 0089 00000000 		.4byte	0
 703 008d 00000000 		.4byte	0
 704              	.LLST5:
 705 0091 00000000 		.4byte	.LVL17
 706 0095 05000000 		.4byte	.LVL18-1
 707 0099 0100     		.2byte	0x1
 708 009b 50       		.byte	0x50
 709 009c 05000000 		.4byte	.LVL18-1
 710 00a0 10000000 		.4byte	.LFE64
 711 00a4 0400     		.2byte	0x4
 712 00a6 F3       		.byte	0xf3
 713 00a7 01       		.uleb128 0x1
 714 00a8 50       		.byte	0x50
 715 00a9 9F       		.byte	0x9f
 716 00aa 00000000 		.4byte	0
 717 00ae 00000000 		.4byte	0
 718              		.section	.debug_aranges,"",%progbits
 719 0000 24000000 		.4byte	0x24
 720 0004 0200     		.2byte	0x2
 721 0006 00000000 		.4byte	.Ldebug_info0
 722 000a 04       		.byte	0x4
 723 000b 00       		.byte	0
 724 000c 0000     		.2byte	0
 725 000e 0000     		.2byte	0
 726 0010 00000000 		.4byte	.LFB63
 727 0014 48000000 		.4byte	.LFE63-.LFB63
 728 0018 00000000 		.4byte	.LFB64
 729 001c 10000000 		.4byte	.LFE64-.LFB64
 730 0020 00000000 		.4byte	0
 731 0024 00000000 		.4byte	0
 732              		.section	.debug_ranges,"",%progbits
 733              	.Ldebug_ranges0:
 734 0000 00000000 		.4byte	.LFB63
 735 0004 48000000 		.4byte	.LFE63
 736 0008 00000000 		.4byte	.LFB64
 737 000c 10000000 		.4byte	.LFE64
 738 0010 00000000 		.4byte	0
 739 0014 00000000 		.4byte	0
 740              		.section	.debug_line,"",%progbits
 741              	.Ldebug_line0:
 742 0000 8E010000 		.section	.debug_str,"MS",%progbits,1
 742      02005B01 
 742      00000201 
 742      FB0E0D00 
 742      01010101 
 743              	.LASF2:
 744 0000 5F5F7569 		.ascii	"__uint8_t\000"
 744      6E74385F 
 744      7400
ARM GAS  C:\Users\mathias\AppData\Local\Temp\cc1FjH9d.s 			page 15


 745              	.LASF31:
 746 000a 4C4D3735 		.ascii	"LM75.c\000"
 746      2E6300
 747              	.LASF32:
 748 0011 433A5C55 		.ascii	"C:\\Users\\mathias\\Documents\\Uni\\2sem\\GFV\\Afle"
 748      73657273 
 748      5C6D6174 
 748      68696173 
 748      5C446F63 
 749 003d 76657269 		.ascii	"vering2\\GFVAflevering2\\Project\\Lab2\\Opgave1_I2C"
 749      6E67325C 
 749      47465641 
 749      666C6576 
 749      6572696E 
 750 006c 2E637964 		.ascii	".cydsn\000"
 750      736E00
 751              	.LASF3:
 752 0073 5F5F696E 		.ascii	"__int16_t\000"
 752      7431365F 
 752      7400
 753              	.LASF6:
 754 007d 5F5F696E 		.ascii	"__int32_t\000"
 754      7433325F 
 754      7400
 755              	.LASF22:
 756 0087 73746174 		.ascii	"status\000"
 756      757300
 757              	.LASF26:
 758 008e 4932435F 		.ascii	"I2C_M_MasterReadByte\000"
 758      4D5F4D61 
 758      73746572 
 758      52656164 
 758      42797465 
 759              	.LASF15:
 760 00a3 666C6F61 		.ascii	"float\000"
 760      7400
 761              	.LASF1:
 762 00a9 756E7369 		.ascii	"unsigned char\000"
 762      676E6564 
 762      20636861 
 762      7200
 763              	.LASF30:
 764 00b7 474E5520 		.ascii	"GNU C11 5.4.1 20160609 (release) [ARM/embedded-5-br"
 764      43313120 
 764      352E342E 
 764      31203230 
 764      31363036 
 765 00ea 616E6368 		.ascii	"anch revision 237715] -mcpu=cortex-m3 -mthumb -g -O"
 765      20726576 
 765      6973696F 
 765      6E203233 
 765      37373135 
 766 011d 67202D66 		.ascii	"g -ffunction-sections -ffat-lto-objects\000"
 766      66756E63 
 766      74696F6E 
 766      2D736563 
 766      74696F6E 
ARM GAS  C:\Users\mathias\AppData\Local\Temp\cc1FjH9d.s 			page 16


 767              	.LASF21:
 768 0145 736C6176 		.ascii	"slaveAddress\000"
 768      65416464 
 768      72657373 
 768      00
 769              	.LASF8:
 770 0152 6C6F6E67 		.ascii	"long unsigned int\000"
 770      20756E73 
 770      69676E65 
 770      6420696E 
 770      7400
 771              	.LASF20:
 772 0164 74656D70 		.ascii	"temp\000"
 772      00
 773              	.LASF5:
 774 0169 73686F72 		.ascii	"short unsigned int\000"
 774      7420756E 
 774      7369676E 
 774      65642069 
 774      6E7400
 775              	.LASF33:
 776 017c 49544D5F 		.ascii	"ITM_RxBuffer\000"
 776      52784275 
 776      66666572 
 776      00
 777              	.LASF16:
 778 0189 646F7562 		.ascii	"double\000"
 778      6C6500
 779              	.LASF27:
 780 0190 4932435F 		.ascii	"I2C_M_MasterSendStop\000"
 780      4D5F4D61 
 780      73746572 
 780      53656E64 
 780      53746F70 
 781              	.LASF11:
 782 01a5 756E7369 		.ascii	"unsigned int\000"
 782      676E6564 
 782      20696E74 
 782      00
 783              	.LASF28:
 784 01b2 4932435F 		.ascii	"I2C_M_MasterSendStart\000"
 784      4D5F4D61 
 784      73746572 
 784      53656E64 
 784      53746172 
 785              	.LASF10:
 786 01c8 6C6F6E67 		.ascii	"long long unsigned int\000"
 786      206C6F6E 
 786      6720756E 
 786      7369676E 
 786      65642069 
 787              	.LASF12:
 788 01df 75696E74 		.ascii	"uint8_t\000"
 788      385F7400 
 789              	.LASF13:
 790 01e7 696E7431 		.ascii	"int16_t\000"
 790      365F7400 
ARM GAS  C:\Users\mathias\AppData\Local\Temp\cc1FjH9d.s 			page 17


 791              	.LASF29:
 792 01ef 5072696E 		.ascii	"PrintStringInt\000"
 792      74537472 
 792      696E6749 
 792      6E7400
 793              	.LASF14:
 794 01fe 696E7433 		.ascii	"int32_t\000"
 794      325F7400 
 795              	.LASF19:
 796 0206 73697A65 		.ascii	"sizetype\000"
 796      74797065 
 796      00
 797              	.LASF9:
 798 020f 6C6F6E67 		.ascii	"long long int\000"
 798      206C6F6E 
 798      6720696E 
 798      7400
 799              	.LASF24:
 800 021d 67657454 		.ascii	"getTemp\000"
 800      656D7000 
 801              	.LASF17:
 802 0225 63686172 		.ascii	"char\000"
 802      00
 803              	.LASF25:
 804 022a 636F6E76 		.ascii	"convertToCeltius\000"
 804      65727454 
 804      6F43656C 
 804      74697573 
 804      00
 805              	.LASF4:
 806 023b 73686F72 		.ascii	"short int\000"
 806      7420696E 
 806      7400
 807              	.LASF7:
 808 0245 6C6F6E67 		.ascii	"long int\000"
 808      20696E74 
 808      00
 809              	.LASF18:
 810 024e 6C6F6E67 		.ascii	"long double\000"
 810      20646F75 
 810      626C6500 
 811              	.LASF0:
 812 025a 7369676E 		.ascii	"signed char\000"
 812      65642063 
 812      68617200 
 813              	.LASF23:
 814 0266 5F426F6F 		.ascii	"_Bool\000"
 814      6C00
 815              		.ident	"GCC: (GNU Tools for ARM Embedded Processors) 5.4.1 20160609 (release) [ARM/embedded-5-bran
