--------------- Clean Started: 09/29/2021 14:48:14 Project: Opgave2_SPI_Master, Configuration: ARM GCC 5.4-2016-q2-update Debug ---------------
Deleting file ".\CortexM3\ARM_GCC_541\Debug\main.o"
Deleting file ".\CortexM3\ARM_GCC_541\Debug\CustomPrint.o"
Deleting file ".\CortexM3\ARM_GCC_541\Debug\cyfitter_cfg.o"
Deleting file ".\CortexM3\ARM_GCC_541\Debug\cymetadata.o"
Deleting file ".\CortexM3\ARM_GCC_541\Debug\UART_CT.o"
Deleting file ".\CortexM3\ARM_GCC_541\Debug\UART_CT_PM.o"
Deleting file ".\CortexM3\ARM_GCC_541\Debug\UART_CT_INT.o"
Deleting file ".\CortexM3\ARM_GCC_541\Debug\UART_CT_BOOT.o"
Deleting file ".\CortexM3\ARM_GCC_541\Debug\isr_UART_CT.o"
Deleting file ".\CortexM3\ARM_GCC_541\Debug\SPI_M.o"
Deleting file ".\CortexM3\ARM_GCC_541\Debug\SPI_M_PM.o"
Deleting file ".\CortexM3\ARM_GCC_541\Debug\SPI_M_INT.o"
Deleting file ".\CortexM3\ARM_GCC_541\Debug\Pin_MISO.o"
Deleting file ".\CortexM3\ARM_GCC_541\Debug\Pin_MOSI.o"
Deleting file ".\CortexM3\ARM_GCC_541\Debug\Pin_SClk.o"
Deleting file ".\CortexM3\ARM_GCC_541\Debug\UART_CT_IntClock.o"
Deleting file ".\CortexM3\ARM_GCC_541\Debug\Cm3Start.o"
Deleting file ".\CortexM3\ARM_GCC_541\Debug\CyBootAsmGnu.o"
Deleting file ".\CortexM3\ARM_GCC_541\Debug\CyDmac.o"
Deleting file ".\CortexM3\ARM_GCC_541\Debug\CyFlash.o"
Deleting file ".\CortexM3\ARM_GCC_541\Debug\CyLib.o"
Deleting file ".\CortexM3\ARM_GCC_541\Debug\cyPm.o"
Deleting file ".\CortexM3\ARM_GCC_541\Debug\CySpc.o"
Deleting file ".\CortexM3\ARM_GCC_541\Debug\cyutils.o"
Deleting file ".\CortexM3\ARM_GCC_541\Debug\cy_em_eeprom.o"
Deleting file ".\CortexM3\ARM_GCC_541\Debug\SPI_M_IntClock.o"
Deleting file ".\CortexM3\ARM_GCC_541\Debug\Opgave2_SPI_Master.hex"
Deleting file ".\CortexM3\ARM_GCC_541\Debug\Opgave2_SPI_Master.elf"
Deleting file ".\CortexM3\ARM_GCC_541\Debug\Opgave2_SPI_Master.map"
Deleting file ".\Opgave2_SPI_Master.cycdx"
Deleting file ".\Opgave2_SPI_Master.svd"
Deleting file ".\Opgave2_SPI_Master.rpt"
Deleting file ".\Opgave2_SPI_Master_timing.html"
Deleting file ".\CortexM3\ARM_GCC_541\Debug\.deps\SOURCE_C__ARM_GCC_GENERIC.P"
Deleting file ".\CortexM3\ARM_GCC_541\Debug\.deps\SOURCE_ASM__ARM_GCC_GENERIC.P"
--------------- Clean Succeeded: 09/29/2021 14:48:14 ---------------
