ARM GAS  C:\Users\simhj\AppData\Local\Temp\ccxbHqG3.s 			page 1


   1              		.syntax unified
   2              		.cpu cortex-m3
   3              		.fpu softvfp
   4              		.eabi_attribute 20, 1
   5              		.eabi_attribute 21, 1
   6              		.eabi_attribute 23, 3
   7              		.eabi_attribute 24, 1
   8              		.eabi_attribute 25, 1
   9              		.eabi_attribute 26, 1
  10              		.eabi_attribute 30, 1
  11              		.eabi_attribute 34, 1
  12              		.eabi_attribute 18, 4
  13              		.thumb
  14              		.syntax unified
  15              		.file	"cymetadata.c"
  16              		.text
  17              	.Ltext0:
  18              		.cfi_sections	.debug_frame
  19              		.global	cy_metadata
  20              		.global	cy_meta_flashprotect
  21              		.global	cy_meta_wonvl
  22              		.global	cy_meta_custnvl
  23              		.global	cy_meta_configecc
  24              		.section	.cyconfigecc,"a",%progbits
  25              		.align	2
  26              		.type	cy_meta_configecc, %object
  27              		.size	cy_meta_configecc, 1408
  28              	cy_meta_configecc:
  29 0000 01       		.byte	1
  30 0001 52       		.byte	82
  31 0002 00       		.byte	0
  32 0003 40       		.byte	64
  33 0004 03       		.byte	3
  34 0005 64       		.byte	100
  35 0006 00       		.byte	0
  36 0007 40       		.byte	64
  37 0008 03       		.byte	3
  38 0009 65       		.byte	101
  39 000a 00       		.byte	0
  40 000b 40       		.byte	64
  41 000c 50       		.byte	80
  42 000d 04       		.byte	4
  43 000e 01       		.byte	1
  44 000f 40       		.byte	64
  45 0010 3D       		.byte	61
  46 0011 05       		.byte	5
  47 0012 01       		.byte	1
  48 0013 40       		.byte	64
  49 0014 43       		.byte	67
  50 0015 06       		.byte	6
  51 0016 01       		.byte	1
  52 0017 40       		.byte	64
  53 0018 44       		.byte	68
  54 0019 07       		.byte	7
  55 001a 01       		.byte	1
  56 001b 40       		.byte	64
  57 001c 01       		.byte	1
ARM GAS  C:\Users\simhj\AppData\Local\Temp\ccxbHqG3.s 			page 2


  58 001d 09       		.byte	9
  59 001e 01       		.byte	1
  60 001f 40       		.byte	64
  61 0020 03       		.byte	3
  62 0021 0B       		.byte	11
  63 0022 01       		.byte	1
  64 0023 40       		.byte	64
  65 0024 42       		.byte	66
  66 0025 14       		.byte	20
  67 0026 01       		.byte	1
  68 0027 40       		.byte	64
  69 0028 44       		.byte	68
  70 0029 15       		.byte	21
  71 002a 01       		.byte	1
  72 002b 40       		.byte	64
  73 002c 5D       		.byte	93
  74 002d 16       		.byte	22
  75 002e 01       		.byte	1
  76 002f 40       		.byte	64
  77 0030 3F       		.byte	63
  78 0031 17       		.byte	23
  79 0032 01       		.byte	1
  80 0033 40       		.byte	64
  81 0034 04       		.byte	4
  82 0035 1A       		.byte	26
  83 0036 01       		.byte	1
  84 0037 40       		.byte	64
  85 0038 05       		.byte	5
  86 0039 1B       		.byte	27
  87 003a 01       		.byte	1
  88 003b 40       		.byte	64
  89 003c 03       		.byte	3
  90 003d 40       		.byte	64
  91 003e 01       		.byte	1
  92 003f 40       		.byte	64
  93 0040 02       		.byte	2
  94 0041 41       		.byte	65
  95 0042 01       		.byte	1
  96 0043 40       		.byte	64
  97 0044 04       		.byte	4
  98 0045 42       		.byte	66
  99 0046 01       		.byte	1
 100 0047 40       		.byte	64
 101 0048 01       		.byte	1
 102 0049 43       		.byte	67
 103 004a 01       		.byte	1
 104 004b 40       		.byte	64
 105 004c 06       		.byte	6
 106 004d 45       		.byte	69
 107 004e 01       		.byte	1
 108 004f 40       		.byte	64
 109 0050 07       		.byte	7
 110 0051 46       		.byte	70
 111 0052 01       		.byte	1
 112 0053 40       		.byte	64
 113 0054 01       		.byte	1
 114 0055 47       		.byte	71
ARM GAS  C:\Users\simhj\AppData\Local\Temp\ccxbHqG3.s 			page 3


 115 0056 01       		.byte	1
 116 0057 40       		.byte	64
 117 0058 01       		.byte	1
 118 0059 48       		.byte	72
 119 005a 01       		.byte	1
 120 005b 40       		.byte	64
 121 005c 03       		.byte	3
 122 005d 49       		.byte	73
 123 005e 01       		.byte	1
 124 005f 40       		.byte	64
 125 0060 01       		.byte	1
 126 0061 4C       		.byte	76
 127 0062 01       		.byte	1
 128 0063 40       		.byte	64
 129 0064 07       		.byte	7
 130 0065 4D       		.byte	77
 131 0066 01       		.byte	1
 132 0067 40       		.byte	64
 133 0068 04       		.byte	4
 134 0069 50       		.byte	80
 135 006a 01       		.byte	1
 136 006b 40       		.byte	64
 137 006c 01       		.byte	1
 138 006d 51       		.byte	81
 139 006e 01       		.byte	1
 140 006f 40       		.byte	64
 141 0070 10       		.byte	16
 142 0071 10       		.byte	16
 143 0072 84       		.byte	-124
 144 0073 78       		.byte	120
 145 0074 85       		.byte	-123
 146 0075 0F       		.byte	15
 147 0076 86       		.byte	-122
 148 0077 47       		.byte	71
 149 0078 84       		.byte	-124
 150 0079 38       		.byte	56
 151 007a 85       		.byte	-123
 152 007b 72       		.byte	114
 153 007c 87       		.byte	-121
 154 007d 07       		.byte	7
 155 007e 01       		.byte	1
 156 007f 14       		.byte	20
 157 0080 04       		.byte	4
 158 0081 0C       		.byte	12
 159 0082 05       		.byte	5
 160 0083 2C       		.byte	44
 161 0084 06       		.byte	6
 162 0085 03       		.byte	3
 163 0086 07       		.byte	7
 164 0087 11       		.byte	17
 165 0088 08       		.byte	8
 166 0089 01       		.byte	1
 167 008a 09       		.byte	9
 168 008b 10       		.byte	16
 169 008c 0A       		.byte	10
 170 008d 0E       		.byte	14
 171 008e 0D       		.byte	13
ARM GAS  C:\Users\simhj\AppData\Local\Temp\ccxbHqG3.s 			page 4


 172 008f 40       		.byte	64
 173 0090 0E       		.byte	14
 174 0091 03       		.byte	3
 175 0092 10       		.byte	16
 176 0093 10       		.byte	16
 177 0094 15       		.byte	21
 178 0095 09       		.byte	9
 179 0096 16       		.byte	22
 180 0097 10       		.byte	16
 181 0098 17       		.byte	23
 182 0099 10       		.byte	16
 183 009a 18       		.byte	24
 184 009b 01       		.byte	1
 185 009c 19       		.byte	25
 186 009d 30       		.byte	48
 187 009e 1A       		.byte	26
 188 009f 06       		.byte	6
 189 00a0 1B       		.byte	27
 190 00a1 0C       		.byte	12
 191 00a2 1F       		.byte	31
 192 00a3 03       		.byte	3
 193 00a4 20       		.byte	32
 194 00a5 20       		.byte	32
 195 00a6 25       		.byte	37
 196 00a7 1C       		.byte	28
 197 00a8 26       		.byte	38
 198 00a9 08       		.byte	8
 199 00aa 27       		.byte	39
 200 00ab 22       		.byte	34
 201 00ac 2A       		.byte	42
 202 00ad 0C       		.byte	12
 203 00ae 30       		.byte	48
 204 00af 20       		.byte	32
 205 00b0 32       		.byte	50
 206 00b1 0F       		.byte	15
 207 00b2 33       		.byte	51
 208 00b3 60       		.byte	96
 209 00b4 34       		.byte	52
 210 00b5 10       		.byte	16
 211 00b6 37       		.byte	55
 212 00b7 1F       		.byte	31
 213 00b8 39       		.byte	57
 214 00b9 08       		.byte	8
 215 00ba 3A       		.byte	58
 216 00bb 08       		.byte	8
 217 00bc 3E       		.byte	62
 218 00bd 11       		.byte	17
 219 00be 54       		.byte	84
 220 00bf 20       		.byte	32
 221 00c0 56       		.byte	86
 222 00c1 04       		.byte	4
 223 00c2 58       		.byte	88
 224 00c3 04       		.byte	4
 225 00c4 59       		.byte	89
 226 00c5 04       		.byte	4
 227 00c6 5B       		.byte	91
 228 00c7 04       		.byte	4
ARM GAS  C:\Users\simhj\AppData\Local\Temp\ccxbHqG3.s 			page 5


 229 00c8 5C       		.byte	92
 230 00c9 11       		.byte	17
 231 00ca 5F       		.byte	95
 232 00cb 01       		.byte	1
 233 00cc 84       		.byte	-124
 234 00cd 4A       		.byte	74
 235 00ce 86       		.byte	-122
 236 00cf 34       		.byte	52
 237 00d0 88       		.byte	-120
 238 00d1 13       		.byte	19
 239 00d2 8A       		.byte	-118
 240 00d3 64       		.byte	100
 241 00d4 8C       		.byte	-116
 242 00d5 03       		.byte	3
 243 00d6 8E       		.byte	-114
 244 00d7 14       		.byte	20
 245 00d8 96       		.byte	-106
 246 00d9 40       		.byte	64
 247 00da 98       		.byte	-104
 248 00db 13       		.byte	19
 249 00dc 9A       		.byte	-102
 250 00dd 2C       		.byte	44
 251 00de A2       		.byte	-94
 252 00df 35       		.byte	53
 253 00e0 A6       		.byte	-90
 254 00e1 48       		.byte	72
 255 00e2 A9       		.byte	-87
 256 00e3 01       		.byte	1
 257 00e4 B0       		.byte	-80
 258 00e5 10       		.byte	16
 259 00e6 B2       		.byte	-78
 260 00e7 68       		.byte	104
 261 00e8 B4       		.byte	-76
 262 00e9 0F       		.byte	15
 263 00ea B5       		.byte	-75
 264 00eb 01       		.byte	1
 265 00ec BA       		.byte	-70
 266 00ed 28       		.byte	40
 267 00ee BE       		.byte	-66
 268 00ef 01       		.byte	1
 269 00f0 BF       		.byte	-65
 270 00f1 10       		.byte	16
 271 00f2 C0       		.byte	-64
 272 00f3 24       		.byte	36
 273 00f4 C1       		.byte	-63
 274 00f5 06       		.byte	6
 275 00f6 C5       		.byte	-59
 276 00f7 C0       		.byte	-64
 277 00f8 C7       		.byte	-57
 278 00f9 BE       		.byte	-66
 279 00fa C8       		.byte	-56
 280 00fb 32       		.byte	50
 281 00fc C9       		.byte	-55
 282 00fd FF       		.byte	-1
 283 00fe CA       		.byte	-54
 284 00ff FF       		.byte	-1
 285 0100 CB       		.byte	-53
ARM GAS  C:\Users\simhj\AppData\Local\Temp\ccxbHqG3.s 			page 6


 286 0101 FF       		.byte	-1
 287 0102 CE       		.byte	-50
 288 0103 F0       		.byte	-16
 289 0104 CF       		.byte	-49
 290 0105 44       		.byte	68
 291 0106 D0       		.byte	-48
 292 0107 0C       		.byte	12
 293 0108 D4       		.byte	-44
 294 0109 01       		.byte	1
 295 010a D8       		.byte	-40
 296 010b 04       		.byte	4
 297 010c D9       		.byte	-39
 298 010d 04       		.byte	4
 299 010e DA       		.byte	-38
 300 010f 04       		.byte	4
 301 0110 DB       		.byte	-37
 302 0111 04       		.byte	4
 303 0112 DC       		.byte	-36
 304 0113 01       		.byte	1
 305 0114 DD       		.byte	-35
 306 0115 11       		.byte	17
 307 0116 DF       		.byte	-33
 308 0117 01       		.byte	1
 309 0118 E6       		.byte	-26
 310 0119 C0       		.byte	-64
 311 011a EA       		.byte	-22
 312 011b 40       		.byte	64
 313 011c EB       		.byte	-21
 314 011d 02       		.byte	2
 315 011e 01       		.byte	1
 316 011f 28       		.byte	40
 317 0120 03       		.byte	3
 318 0121 02       		.byte	2
 319 0122 04       		.byte	4
 320 0123 80       		.byte	-128
 321 0124 05       		.byte	5
 322 0125 28       		.byte	40
 323 0126 08       		.byte	8
 324 0127 08       		.byte	8
 325 0128 09       		.byte	9
 326 0129 20       		.byte	32
 327 012a 0A       		.byte	10
 328 012b 40       		.byte	64
 329 012c 0E       		.byte	14
 330 012d 04       		.byte	4
 331 012e 0F       		.byte	15
 332 012f 10       		.byte	16
 333 0130 12       		.byte	18
 334 0131 58       		.byte	88
 335 0132 13       		.byte	19
 336 0133 02       		.byte	2
 337 0134 15       		.byte	21
 338 0135 08       		.byte	8
 339 0136 16       		.byte	22
 340 0137 80       		.byte	-128
 341 0138 19       		.byte	25
 342 0139 18       		.byte	24
ARM GAS  C:\Users\simhj\AppData\Local\Temp\ccxbHqG3.s 			page 7


 343 013a 1B       		.byte	27
 344 013b 01       		.byte	1
 345 013c 1D       		.byte	29
 346 013d 20       		.byte	32
 347 013e 1E       		.byte	30
 348 013f 84       		.byte	-124
 349 0140 1F       		.byte	31
 350 0141 04       		.byte	4
 351 0142 21       		.byte	33
 352 0143 04       		.byte	4
 353 0144 22       		.byte	34
 354 0145 48       		.byte	72
 355 0146 27       		.byte	39
 356 0147 08       		.byte	8
 357 0148 29       		.byte	41
 358 0149 08       		.byte	8
 359 014a 2F       		.byte	47
 360 014b 08       		.byte	8
 361 014c 31       		.byte	49
 362 014d 20       		.byte	32
 363 014e 32       		.byte	50
 364 014f 48       		.byte	72
 365 0150 3A       		.byte	58
 366 0151 91       		.byte	-111
 367 0152 3B       		.byte	59
 368 0153 18       		.byte	24
 369 0154 45       		.byte	69
 370 0155 20       		.byte	32
 371 0156 46       		.byte	70
 372 0157 80       		.byte	-128
 373 0158 4C       		.byte	76
 374 0159 40       		.byte	64
 375 015a 4D       		.byte	77
 376 015b 20       		.byte	32
 377 015c 56       		.byte	86
 378 015d 01       		.byte	1
 379 015e 57       		.byte	87
 380 015f 08       		.byte	8
 381 0160 5B       		.byte	91
 382 0161 02       		.byte	2
 383 0162 5C       		.byte	92
 384 0163 02       		.byte	2
 385 0164 5E       		.byte	94
 386 0165 80       		.byte	-128
 387 0166 5F       		.byte	95
 388 0167 28       		.byte	40
 389 0168 60       		.byte	96
 390 0169 40       		.byte	64
 391 016a 61       		.byte	97
 392 016b 10       		.byte	16
 393 016c 62       		.byte	98
 394 016d 04       		.byte	4
 395 016e 63       		.byte	99
 396 016f 02       		.byte	2
 397 0170 65       		.byte	101
 398 0171 20       		.byte	32
 399 0172 67       		.byte	103
ARM GAS  C:\Users\simhj\AppData\Local\Temp\ccxbHqG3.s 			page 8


 400 0173 08       		.byte	8
 401 0174 80       		.byte	-128
 402 0175 40       		.byte	64
 403 0176 86       		.byte	-122
 404 0177 20       		.byte	32
 405 0178 8B       		.byte	-117
 406 0179 80       		.byte	-128
 407 017a 8C       		.byte	-116
 408 017b 40       		.byte	64
 409 017c 8F       		.byte	-113
 410 017d 20       		.byte	32
 411 017e 91       		.byte	-111
 412 017f 02       		.byte	2
 413 0180 B1       		.byte	-79
 414 0181 01       		.byte	1
 415 0182 C0       		.byte	-64
 416 0183 E7       		.byte	-25
 417 0184 C2       		.byte	-62
 418 0185 6E       		.byte	110
 419 0186 C4       		.byte	-60
 420 0187 3E       		.byte	62
 421 0188 CA       		.byte	-54
 422 0189 22       		.byte	34
 423 018a CC       		.byte	-52
 424 018b 0E       		.byte	14
 425 018c CE       		.byte	-50
 426 018d 0F       		.byte	15
 427 018e D0       		.byte	-48
 428 018f A0       		.byte	-96
 429 0190 D2       		.byte	-46
 430 0191 20       		.byte	32
 431 0192 D6       		.byte	-42
 432 0193 F1       		.byte	-15
 433 0194 D8       		.byte	-40
 434 0195 0F       		.byte	15
 435 0196 E4       		.byte	-28
 436 0197 02       		.byte	2
 437 0198 05       		.byte	5
 438 0199 03       		.byte	3
 439 019a 14       		.byte	20
 440 019b 05       		.byte	5
 441 019c 15       		.byte	21
 442 019d 02       		.byte	2
 443 019e 26       		.byte	38
 444 019f 07       		.byte	7
 445 01a0 29       		.byte	41
 446 01a1 03       		.byte	3
 447 01a2 2E       		.byte	46
 448 01a3 01       		.byte	1
 449 01a4 2F       		.byte	47
 450 01a5 01       		.byte	1
 451 01a6 31       		.byte	49
 452 01a7 03       		.byte	3
 453 01a8 32       		.byte	50
 454 01a9 02       		.byte	2
 455 01aa 34       		.byte	52
 456 01ab 04       		.byte	4
ARM GAS  C:\Users\simhj\AppData\Local\Temp\ccxbHqG3.s 			page 9


 457 01ac 36       		.byte	54
 458 01ad 01       		.byte	1
 459 01ae 39       		.byte	57
 460 01af 02       		.byte	2
 461 01b0 3E       		.byte	62
 462 01b1 50       		.byte	80
 463 01b2 3F       		.byte	63
 464 01b3 01       		.byte	1
 465 01b4 54       		.byte	84
 466 01b5 41       		.byte	65
 467 01b6 58       		.byte	88
 468 01b7 04       		.byte	4
 469 01b8 59       		.byte	89
 470 01b9 04       		.byte	4
 471 01ba 5B       		.byte	91
 472 01bb 04       		.byte	4
 473 01bc 5F       		.byte	95
 474 01bd 01       		.byte	1
 475 01be 88       		.byte	-120
 476 01bf 09       		.byte	9
 477 01c0 89       		.byte	-119
 478 01c1 02       		.byte	2
 479 01c2 8B       		.byte	-117
 480 01c3 01       		.byte	1
 481 01c4 8E       		.byte	-114
 482 01c5 09       		.byte	9
 483 01c6 90       		.byte	-112
 484 01c7 04       		.byte	4
 485 01c8 91       		.byte	-111
 486 01c9 01       		.byte	1
 487 01ca 93       		.byte	-109
 488 01cb 06       		.byte	6
 489 01cc 95       		.byte	-107
 490 01cd 03       		.byte	3
 491 01ce 96       		.byte	-106
 492 01cf 02       		.byte	2
 493 01d0 A0       		.byte	-96
 494 01d1 09       		.byte	9
 495 01d2 A4       		.byte	-92
 496 01d3 09       		.byte	9
 497 01d4 A5       		.byte	-91
 498 01d5 03       		.byte	3
 499 01d6 AE       		.byte	-82
 500 01d7 01       		.byte	1
 501 01d8 B0       		.byte	-80
 502 01d9 02       		.byte	2
 503 01da B2       		.byte	-78
 504 01db 08       		.byte	8
 505 01dc B3       		.byte	-77
 506 01dd 04       		.byte	4
 507 01de B4       		.byte	-76
 508 01df 01       		.byte	1
 509 01e0 B5       		.byte	-75
 510 01e1 03       		.byte	3
 511 01e2 B6       		.byte	-74
 512 01e3 04       		.byte	4
 513 01e4 BE       		.byte	-66
ARM GAS  C:\Users\simhj\AppData\Local\Temp\ccxbHqG3.s 			page 10


 514 01e5 54       		.byte	84
 515 01e6 C0       		.byte	-64
 516 01e7 03       		.byte	3
 517 01e8 C1       		.byte	-63
 518 01e9 06       		.byte	6
 519 01ea C2       		.byte	-62
 520 01eb 30       		.byte	48
 521 01ec C4       		.byte	-60
 522 01ed 01       		.byte	1
 523 01ee C5       		.byte	-59
 524 01ef CE       		.byte	-50
 525 01f0 C6       		.byte	-58
 526 01f1 BF       		.byte	-65
 527 01f2 C7       		.byte	-57
 528 01f3 D0       		.byte	-48
 529 01f4 C8       		.byte	-56
 530 01f5 2F       		.byte	47
 531 01f6 C9       		.byte	-55
 532 01f7 FF       		.byte	-1
 533 01f8 CA       		.byte	-54
 534 01f9 FF       		.byte	-1
 535 01fa CB       		.byte	-53
 536 01fb FF       		.byte	-1
 537 01fc CC       		.byte	-52
 538 01fd 22       		.byte	34
 539 01fe CE       		.byte	-50
 540 01ff F0       		.byte	-16
 541 0200 CF       		.byte	-49
 542 0201 0C       		.byte	12
 543 0202 D0       		.byte	-48
 544 0203 8C       		.byte	-116
 545 0204 D1       		.byte	-47
 546 0205 10       		.byte	16
 547 0206 D6       		.byte	-42
 548 0207 08       		.byte	8
 549 0208 D8       		.byte	-40
 550 0209 04       		.byte	4
 551 020a D9       		.byte	-39
 552 020b 04       		.byte	4
 553 020c DA       		.byte	-38
 554 020d 24       		.byte	36
 555 020e DB       		.byte	-37
 556 020f 04       		.byte	4
 557 0210 DC       		.byte	-36
 558 0211 10       		.byte	16
 559 0212 DD       		.byte	-35
 560 0213 08       		.byte	8
 561 0214 DF       		.byte	-33
 562 0215 31       		.byte	49
 563 0216 E8       		.byte	-24
 564 0217 40       		.byte	64
 565 0218 E9       		.byte	-23
 566 0219 01       		.byte	1
 567 021a EA       		.byte	-22
 568 021b C0       		.byte	-64
 569 021c EB       		.byte	-21
 570 021d 01       		.byte	1
ARM GAS  C:\Users\simhj\AppData\Local\Temp\ccxbHqG3.s 			page 11


 571 021e 01       		.byte	1
 572 021f 40       		.byte	64
 573 0220 03       		.byte	3
 574 0221 04       		.byte	4
 575 0222 08       		.byte	8
 576 0223 08       		.byte	8
 577 0224 0A       		.byte	10
 578 0225 80       		.byte	-128
 579 0226 0D       		.byte	13
 580 0227 08       		.byte	8
 581 0228 10       		.byte	16
 582 0229 82       		.byte	-126
 583 022a 11       		.byte	17
 584 022b 04       		.byte	4
 585 022c 14       		.byte	20
 586 022d 20       		.byte	32
 587 022e 16       		.byte	22
 588 022f 01       		.byte	1
 589 0230 18       		.byte	24
 590 0231 10       		.byte	16
 591 0232 19       		.byte	25
 592 0233 14       		.byte	20
 593 0234 1A       		.byte	26
 594 0235 41       		.byte	65
 595 0236 1D       		.byte	29
 596 0237 08       		.byte	8
 597 0238 1F       		.byte	31
 598 0239 50       		.byte	80
 599 023a 21       		.byte	33
 600 023b 10       		.byte	16
 601 023c 23       		.byte	35
 602 023d 10       		.byte	16
 603 023e 27       		.byte	39
 604 023f 40       		.byte	64
 605 0240 2B       		.byte	43
 606 0241 20       		.byte	32
 607 0242 2E       		.byte	46
 608 0243 80       		.byte	-128
 609 0244 2F       		.byte	47
 610 0245 06       		.byte	6
 611 0246 30       		.byte	48
 612 0247 09       		.byte	9
 613 0248 35       		.byte	53
 614 0249 08       		.byte	8
 615 024a 39       		.byte	57
 616 024b 20       		.byte	32
 617 024c 3E       		.byte	62
 618 024d 04       		.byte	4
 619 024e 40       		.byte	64
 620 024f 11       		.byte	17
 621 0250 49       		.byte	73
 622 0251 01       		.byte	1
 623 0252 4A       		.byte	74
 624 0253 18       		.byte	24
 625 0254 4B       		.byte	75
 626 0255 C0       		.byte	-64
 627 0256 4D       		.byte	77
ARM GAS  C:\Users\simhj\AppData\Local\Temp\ccxbHqG3.s 			page 12


 628 0257 80       		.byte	-128
 629 0258 4E       		.byte	78
 630 0259 02       		.byte	2
 631 025a 50       		.byte	80
 632 025b 02       		.byte	2
 633 025c 52       		.byte	82
 634 025d 62       		.byte	98
 635 025e 59       		.byte	89
 636 025f 95       		.byte	-107
 637 0260 5E       		.byte	94
 638 0261 28       		.byte	40
 639 0262 5F       		.byte	95
 640 0263 40       		.byte	64
 641 0264 60       		.byte	96
 642 0265 68       		.byte	104
 643 0266 62       		.byte	98
 644 0267 01       		.byte	1
 645 0268 63       		.byte	99
 646 0269 01       		.byte	1
 647 026a 67       		.byte	103
 648 026b 20       		.byte	32
 649 026c 79       		.byte	121
 650 026d 02       		.byte	2
 651 026e 86       		.byte	-122
 652 026f 01       		.byte	1
 653 0270 91       		.byte	-111
 654 0271 02       		.byte	2
 655 0272 92       		.byte	-110
 656 0273 84       		.byte	-124
 657 0274 93       		.byte	-109
 658 0275 08       		.byte	8
 659 0276 96       		.byte	-106
 660 0277 40       		.byte	64
 661 0278 97       		.byte	-105
 662 0279 01       		.byte	1
 663 027a 99       		.byte	-103
 664 027b 08       		.byte	8
 665 027c 9C       		.byte	-100
 666 027d 08       		.byte	8
 667 027e 9E       		.byte	-98
 668 027f D0       		.byte	-48
 669 0280 A3       		.byte	-93
 670 0281 80       		.byte	-128
 671 0282 A6       		.byte	-90
 672 0283 20       		.byte	32
 673 0284 A7       		.byte	-89
 674 0285 02       		.byte	2
 675 0286 AA       		.byte	-86
 676 0287 04       		.byte	4
 677 0288 AB       		.byte	-85
 678 0289 01       		.byte	1
 679 028a B0       		.byte	-80
 680 028b 02       		.byte	2
 681 028c B3       		.byte	-77
 682 028d 08       		.byte	8
 683 028e C0       		.byte	-64
 684 028f 03       		.byte	3
ARM GAS  C:\Users\simhj\AppData\Local\Temp\ccxbHqG3.s 			page 13


 685 0290 C2       		.byte	-62
 686 0291 2C       		.byte	44
 687 0292 C4       		.byte	-60
 688 0293 AD       		.byte	-83
 689 0294 CA       		.byte	-54
 690 0295 32       		.byte	50
 691 0296 CC       		.byte	-52
 692 0297 43       		.byte	67
 693 0298 CE       		.byte	-50
 694 0299 44       		.byte	68
 695 029a D0       		.byte	-48
 696 029b 0A       		.byte	10
 697 029c D2       		.byte	-46
 698 029d 04       		.byte	4
 699 029e D6       		.byte	-42
 700 029f 7F       		.byte	127
 701 02a0 D8       		.byte	-40
 702 02a1 4F       		.byte	79
 703 02a2 DE       		.byte	-34
 704 02a3 01       		.byte	1
 705 02a4 E0       		.byte	-32
 706 02a5 08       		.byte	8
 707 02a6 E0       		.byte	-32
 708 02a7 08       		.byte	8
 709 02a8 E2       		.byte	-30
 710 02a9 80       		.byte	-128
 711 02aa E4       		.byte	-28
 712 02ab 02       		.byte	2
 713 02ac EA       		.byte	-22
 714 02ad 20       		.byte	32
 715 02ae 04       		.byte	4
 716 02af 01       		.byte	1
 717 02b0 09       		.byte	9
 718 02b1 04       		.byte	4
 719 02b2 0B       		.byte	11
 720 02b3 01       		.byte	1
 721 02b4 11       		.byte	17
 722 02b5 02       		.byte	2
 723 02b6 13       		.byte	19
 724 02b7 01       		.byte	1
 725 02b8 15       		.byte	21
 726 02b9 07       		.byte	7
 727 02ba 19       		.byte	25
 728 02bb 01       		.byte	1
 729 02bc 1B       		.byte	27
 730 02bd 06       		.byte	6
 731 02be 25       		.byte	37
 732 02bf 07       		.byte	7
 733 02c0 28       		.byte	40
 734 02c1 01       		.byte	1
 735 02c2 2C       		.byte	44
 736 02c3 01       		.byte	1
 737 02c4 34       		.byte	52
 738 02c5 01       		.byte	1
 739 02c6 35       		.byte	53
 740 02c7 07       		.byte	7
 741 02c8 54       		.byte	84
ARM GAS  C:\Users\simhj\AppData\Local\Temp\ccxbHqG3.s 			page 14


 742 02c9 18       		.byte	24
 743 02ca 56       		.byte	86
 744 02cb 04       		.byte	4
 745 02cc 58       		.byte	88
 746 02cd 04       		.byte	4
 747 02ce 59       		.byte	89
 748 02cf 04       		.byte	4
 749 02d0 5B       		.byte	91
 750 02d1 04       		.byte	4
 751 02d2 5C       		.byte	92
 752 02d3 11       		.byte	17
 753 02d4 5D       		.byte	93
 754 02d5 10       		.byte	16
 755 02d6 5F       		.byte	95
 756 02d7 01       		.byte	1
 757 02d8 80       		.byte	-128
 758 02d9 1F       		.byte	31
 759 02da 81       		.byte	-127
 760 02db E7       		.byte	-25
 761 02dc 83       		.byte	-125
 762 02dd 18       		.byte	24
 763 02de 85       		.byte	-123
 764 02df 08       		.byte	8
 765 02e0 88       		.byte	-120
 766 02e1 10       		.byte	16
 767 02e2 8B       		.byte	-117
 768 02e3 04       		.byte	4
 769 02e4 8C       		.byte	-116
 770 02e5 04       		.byte	4
 771 02e6 8D       		.byte	-115
 772 02e7 FF       		.byte	-1
 773 02e8 90       		.byte	-112
 774 02e9 06       		.byte	6
 775 02ea 91       		.byte	-111
 776 02eb 44       		.byte	68
 777 02ec 92       		.byte	-110
 778 02ed 19       		.byte	25
 779 02ee 94       		.byte	-108
 780 02ef 06       		.byte	6
 781 02f0 95       		.byte	-107
 782 02f1 80       		.byte	-128
 783 02f2 96       		.byte	-106
 784 02f3 19       		.byte	25
 785 02f4 98       		.byte	-104
 786 02f5 18       		.byte	24
 787 02f6 99       		.byte	-103
 788 02f7 C0       		.byte	-64
 789 02f8 9C       		.byte	-100
 790 02f9 19       		.byte	25
 791 02fa 9D       		.byte	-99
 792 02fb 3C       		.byte	60
 793 02fc 9E       		.byte	-98
 794 02fd 06       		.byte	6
 795 02fe 9F       		.byte	-97
 796 02ff C2       		.byte	-62
 797 0300 A1       		.byte	-95
 798 0301 10       		.byte	16
ARM GAS  C:\Users\simhj\AppData\Local\Temp\ccxbHqG3.s 			page 15


 799 0302 A2       		.byte	-94
 800 0303 19       		.byte	25
 801 0304 A4       		.byte	-92
 802 0305 02       		.byte	2
 803 0306 A7       		.byte	-89
 804 0307 C3       		.byte	-61
 805 0308 A8       		.byte	-88
 806 0309 06       		.byte	6
 807 030a A9       		.byte	-87
 808 030b FC       		.byte	-4
 809 030c AB       		.byte	-85
 810 030d 01       		.byte	1
 811 030e AC       		.byte	-84
 812 030f 08       		.byte	8
 813 0310 AD       		.byte	-83
 814 0311 18       		.byte	24
 815 0312 B0       		.byte	-80
 816 0313 18       		.byte	24
 817 0314 B1       		.byte	-79
 818 0315 D8       		.byte	-40
 819 0316 B2       		.byte	-78
 820 0317 07       		.byte	7
 821 0318 B5       		.byte	-75
 822 0319 20       		.byte	32
 823 031a B7       		.byte	-73
 824 031b 1F       		.byte	31
 825 031c BA       		.byte	-70
 826 031d 08       		.byte	8
 827 031e BB       		.byte	-69
 828 031f 82       		.byte	-126
 829 0320 BF       		.byte	-65
 830 0321 10       		.byte	16
 831 0322 D6       		.byte	-42
 832 0323 02       		.byte	2
 833 0324 D7       		.byte	-41
 834 0325 11       		.byte	17
 835 0326 D8       		.byte	-40
 836 0327 04       		.byte	4
 837 0328 D9       		.byte	-39
 838 0329 04       		.byte	4
 839 032a DB       		.byte	-37
 840 032b 04       		.byte	4
 841 032c DC       		.byte	-36
 842 032d 11       		.byte	17
 843 032e DD       		.byte	-35
 844 032f 10       		.byte	16
 845 0330 DF       		.byte	-33
 846 0331 01       		.byte	1
 847 0332 03       		.byte	3
 848 0333 20       		.byte	32
 849 0334 06       		.byte	6
 850 0335 81       		.byte	-127
 851 0336 07       		.byte	7
 852 0337 04       		.byte	4
 853 0338 0D       		.byte	13
 854 0339 28       		.byte	40
 855 033a 0E       		.byte	14
ARM GAS  C:\Users\simhj\AppData\Local\Temp\ccxbHqG3.s 			page 16


 856 033b 81       		.byte	-127
 857 033c 10       		.byte	16
 858 033d 0A       		.byte	10
 859 033e 14       		.byte	20
 860 033f 01       		.byte	1
 861 0340 17       		.byte	23
 862 0341 29       		.byte	41
 863 0342 1A       		.byte	26
 864 0343 04       		.byte	4
 865 0344 1D       		.byte	29
 866 0345 09       		.byte	9
 867 0346 1F       		.byte	31
 868 0347 08       		.byte	8
 869 0348 21       		.byte	33
 870 0349 20       		.byte	32
 871 034a 22       		.byte	34
 872 034b 20       		.byte	32
 873 034c 25       		.byte	37
 874 034d 01       		.byte	1
 875 034e 26       		.byte	38
 876 034f 50       		.byte	80
 877 0350 2B       		.byte	43
 878 0351 20       		.byte	32
 879 0352 2D       		.byte	45
 880 0353 40       		.byte	64
 881 0354 2E       		.byte	46
 882 0355 06       		.byte	6
 883 0356 2F       		.byte	47
 884 0357 08       		.byte	8
 885 0358 30       		.byte	48
 886 0359 09       		.byte	9
 887 035a 31       		.byte	49
 888 035b 20       		.byte	32
 889 035c 34       		.byte	52
 890 035d 09       		.byte	9
 891 035e 36       		.byte	54
 892 035f 60       		.byte	96
 893 0360 37       		.byte	55
 894 0361 04       		.byte	4
 895 0362 39       		.byte	57
 896 0363 20       		.byte	32
 897 0364 3D       		.byte	61
 898 0365 02       		.byte	2
 899 0366 3E       		.byte	62
 900 0367 C9       		.byte	-55
 901 0368 3F       		.byte	63
 902 0369 10       		.byte	16
 903 036a 40       		.byte	64
 904 036b 08       		.byte	8
 905 036c 41       		.byte	65
 906 036d 10       		.byte	16
 907 036e 59       		.byte	89
 908 036f 01       		.byte	1
 909 0370 5E       		.byte	94
 910 0371 20       		.byte	32
 911 0372 60       		.byte	96
 912 0373 04       		.byte	4
ARM GAS  C:\Users\simhj\AppData\Local\Temp\ccxbHqG3.s 			page 17


 913 0374 61       		.byte	97
 914 0375 40       		.byte	64
 915 0376 63       		.byte	99
 916 0377 80       		.byte	-128
 917 0378 6C       		.byte	108
 918 0379 0A       		.byte	10
 919 037a 6F       		.byte	111
 920 037b 20       		.byte	32
 921 037c 75       		.byte	117
 922 037d 08       		.byte	8
 923 037e 76       		.byte	118
 924 037f 0B       		.byte	11
 925 0380 77       		.byte	119
 926 0381 28       		.byte	40
 927 0382 81       		.byte	-127
 928 0383 48       		.byte	72
 929 0384 83       		.byte	-125
 930 0385 40       		.byte	64
 931 0386 86       		.byte	-122
 932 0387 04       		.byte	4
 933 0388 87       		.byte	-121
 934 0389 01       		.byte	1
 935 038a 88       		.byte	-120
 936 038b 01       		.byte	1
 937 038c 90       		.byte	-112
 938 038d 04       		.byte	4
 939 038e 91       		.byte	-111
 940 038f 20       		.byte	32
 941 0390 92       		.byte	-110
 942 0391 40       		.byte	64
 943 0392 93       		.byte	-109
 944 0393 10       		.byte	16
 945 0394 96       		.byte	-106
 946 0395 05       		.byte	5
 947 0396 99       		.byte	-103
 948 0397 40       		.byte	64
 949 0398 9C       		.byte	-100
 950 0399 01       		.byte	1
 951 039a 9D       		.byte	-99
 952 039b 08       		.byte	8
 953 039c 9E       		.byte	-98
 954 039d 01       		.byte	1
 955 039e 9F       		.byte	-97
 956 039f 08       		.byte	8
 957 03a0 A4       		.byte	-92
 958 03a1 08       		.byte	8
 959 03a2 A5       		.byte	-91
 960 03a3 20       		.byte	32
 961 03a4 A6       		.byte	-90
 962 03a5 40       		.byte	64
 963 03a6 A7       		.byte	-89
 964 03a7 28       		.byte	40
 965 03a8 B2       		.byte	-78
 966 03a9 08       		.byte	8
 967 03aa C0       		.byte	-64
 968 03ab D4       		.byte	-44
 969 03ac C2       		.byte	-62
ARM GAS  C:\Users\simhj\AppData\Local\Temp\ccxbHqG3.s 			page 18


 970 03ad F0       		.byte	-16
 971 03ae C4       		.byte	-60
 972 03af F3       		.byte	-13
 973 03b0 CA       		.byte	-54
 974 03b1 F2       		.byte	-14
 975 03b2 CC       		.byte	-52
 976 03b3 F7       		.byte	-9
 977 03b4 CE       		.byte	-50
 978 03b5 F4       		.byte	-12
 979 03b6 D6       		.byte	-42
 980 03b7 21       		.byte	33
 981 03b8 D8       		.byte	-40
 982 03b9 0D       		.byte	13
 983 03ba 01       		.byte	1
 984 03bb 01       		.byte	1
 985 03bc 04       		.byte	4
 986 03bd 06       		.byte	6
 987 03be 08       		.byte	8
 988 03bf 02       		.byte	2
 989 03c0 10       		.byte	16
 990 03c1 07       		.byte	7
 991 03c2 1C       		.byte	28
 992 03c3 07       		.byte	7
 993 03c4 1F       		.byte	31
 994 03c5 01       		.byte	1
 995 03c6 20       		.byte	32
 996 03c7 01       		.byte	1
 997 03c8 22       		.byte	34
 998 03c9 06       		.byte	6
 999 03ca 24       		.byte	36
 1000 03cb 06       		.byte	6
 1001 03cc 26       		.byte	38
 1002 03cd 01       		.byte	1
 1003 03ce 2A       		.byte	42
 1004 03cf 01       		.byte	1
 1005 03d0 2B       		.byte	43
 1006 03d1 01       		.byte	1
 1007 03d2 2C       		.byte	44
 1008 03d3 04       		.byte	4
 1009 03d4 2D       		.byte	45
 1010 03d5 01       		.byte	1
 1011 03d6 33       		.byte	51
 1012 03d7 01       		.byte	1
 1013 03d8 36       		.byte	54
 1014 03d9 07       		.byte	7
 1015 03da 39       		.byte	57
 1016 03db 08       		.byte	8
 1017 03dc 40       		.byte	64
 1018 03dd 01       		.byte	1
 1019 03de 46       		.byte	70
 1020 03df 40       		.byte	64
 1021 03e0 49       		.byte	73
 1022 03e1 FF       		.byte	-1
 1023 03e2 4A       		.byte	74
 1024 03e3 07       		.byte	7
 1025 03e4 4B       		.byte	75
 1026 03e5 FF       		.byte	-1
ARM GAS  C:\Users\simhj\AppData\Local\Temp\ccxbHqG3.s 			page 19


 1027 03e6 4C       		.byte	76
 1028 03e7 40       		.byte	64
 1029 03e8 4D       		.byte	77
 1030 03e9 20       		.byte	32
 1031 03ea 4E       		.byte	78
 1032 03eb F0       		.byte	-16
 1033 03ec 4F       		.byte	79
 1034 03ed 05       		.byte	5
 1035 03ee 50       		.byte	80
 1036 03ef 08       		.byte	8
 1037 03f0 58       		.byte	88
 1038 03f1 04       		.byte	4
 1039 03f2 59       		.byte	89
 1040 03f3 04       		.byte	4
 1041 03f4 5A       		.byte	90
 1042 03f5 04       		.byte	4
 1043 03f6 5C       		.byte	92
 1044 03f7 11       		.byte	17
 1045 03f8 5D       		.byte	93
 1046 03f9 01       		.byte	1
 1047 03fa 5F       		.byte	95
 1048 03fb 01       		.byte	1
 1049 03fc 60       		.byte	96
 1050 03fd 40       		.byte	64
 1051 03fe 61       		.byte	97
 1052 03ff A8       		.byte	-88
 1053 0400 62       		.byte	98
 1054 0401 40       		.byte	64
 1055 0402 63       		.byte	99
 1056 0403 20       		.byte	32
 1057 0404 85       		.byte	-123
 1058 0405 01       		.byte	1
 1059 0406 87       		.byte	-121
 1060 0407 04       		.byte	4
 1061 0408 8B       		.byte	-117
 1062 0409 40       		.byte	64
 1063 040a 8D       		.byte	-115
 1064 040b 10       		.byte	16
 1065 040c 8E       		.byte	-114
 1066 040d 01       		.byte	1
 1067 040e 8F       		.byte	-113
 1068 040f 01       		.byte	1
 1069 0410 92       		.byte	-110
 1070 0411 01       		.byte	1
 1071 0412 93       		.byte	-109
 1072 0413 1E       		.byte	30
 1073 0414 95       		.byte	-107
 1074 0415 01       		.byte	1
 1075 0416 96       		.byte	-106
 1076 0417 02       		.byte	2
 1077 0418 97       		.byte	-105
 1078 0419 08       		.byte	8
 1079 041a 9B       		.byte	-101
 1080 041b 20       		.byte	32
 1081 041c 9D       		.byte	-99
 1082 041d 01       		.byte	1
 1083 041e 9F       		.byte	-97
ARM GAS  C:\Users\simhj\AppData\Local\Temp\ccxbHqG3.s 			page 20


 1084 041f 02       		.byte	2
 1085 0420 A3       		.byte	-93
 1086 0421 81       		.byte	-127
 1087 0422 AA       		.byte	-86
 1088 0423 02       		.byte	2
 1089 0424 AF       		.byte	-81
 1090 0425 40       		.byte	64
 1091 0426 B1       		.byte	-79
 1092 0427 80       		.byte	-128
 1093 0428 B3       		.byte	-77
 1094 0429 60       		.byte	96
 1095 042a B4       		.byte	-76
 1096 042b 02       		.byte	2
 1097 042c B6       		.byte	-74
 1098 042d 01       		.byte	1
 1099 042e B7       		.byte	-73
 1100 042f 1F       		.byte	31
 1101 0430 BA       		.byte	-70
 1102 0431 02       		.byte	2
 1103 0432 BE       		.byte	-66
 1104 0433 50       		.byte	80
 1105 0434 BF       		.byte	-65
 1106 0435 44       		.byte	68
 1107 0436 C0       		.byte	-64
 1108 0437 12       		.byte	18
 1109 0438 C1       		.byte	-63
 1110 0439 04       		.byte	4
 1111 043a C2       		.byte	-62
 1112 043b 05       		.byte	5
 1113 043c C4       		.byte	-60
 1114 043d 03       		.byte	3
 1115 043e C5       		.byte	-59
 1116 043f C0       		.byte	-64
 1117 0440 C6       		.byte	-58
 1118 0441 E0       		.byte	-32
 1119 0442 C8       		.byte	-56
 1120 0443 0A       		.byte	10
 1121 0444 C9       		.byte	-55
 1122 0445 FF       		.byte	-1
 1123 0446 CA       		.byte	-54
 1124 0447 FF       		.byte	-1
 1125 0448 CB       		.byte	-53
 1126 0449 FF       		.byte	-1
 1127 044a CC       		.byte	-52
 1128 044b 62       		.byte	98
 1129 044c CD       		.byte	-51
 1130 044d A0       		.byte	-96
 1131 044e CE       		.byte	-50
 1132 044f F0       		.byte	-16
 1133 0450 CF       		.byte	-49
 1134 0451 41       		.byte	65
 1135 0452 D0       		.byte	-48
 1136 0453 0C       		.byte	12
 1137 0454 D6       		.byte	-42
 1138 0455 02       		.byte	2
 1139 0456 D8       		.byte	-40
 1140 0457 04       		.byte	4
ARM GAS  C:\Users\simhj\AppData\Local\Temp\ccxbHqG3.s 			page 21


 1141 0458 D9       		.byte	-39
 1142 0459 04       		.byte	4
 1143 045a DA       		.byte	-38
 1144 045b 04       		.byte	4
 1145 045c DB       		.byte	-37
 1146 045d 24       		.byte	36
 1147 045e DC       		.byte	-36
 1148 045f 81       		.byte	-127
 1149 0460 DD       		.byte	-35
 1150 0461 81       		.byte	-127
 1151 0462 DF       		.byte	-33
 1152 0463 31       		.byte	49
 1153 0464 E6       		.byte	-26
 1154 0465 40       		.byte	64
 1155 0466 E7       		.byte	-25
 1156 0467 02       		.byte	2
 1157 0468 E9       		.byte	-23
 1158 0469 10       		.byte	16
 1159 046a EA       		.byte	-22
 1160 046b 30       		.byte	48
 1161 046c EB       		.byte	-21
 1162 046d 10       		.byte	16
 1163 046e ED       		.byte	-19
 1164 046f 10       		.byte	16
 1165 0470 EE       		.byte	-18
 1166 0471 10       		.byte	16
 1167 0472 EF       		.byte	-17
 1168 0473 12       		.byte	18
 1169 0474 00       		.byte	0
 1170 0475 80       		.byte	-128
 1171 0476 05       		.byte	5
 1172 0477 08       		.byte	8
 1173 0478 07       		.byte	7
 1174 0479 08       		.byte	8
 1175 047a 0B       		.byte	11
 1176 047b A0       		.byte	-96
 1177 047c 0C       		.byte	12
 1178 047d 40       		.byte	64
 1179 047e 0E       		.byte	14
 1180 047f 40       		.byte	64
 1181 0480 13       		.byte	19
 1182 0481 20       		.byte	32
 1183 0482 15       		.byte	21
 1184 0483 01       		.byte	1
 1185 0484 16       		.byte	22
 1186 0485 29       		.byte	41
 1187 0486 18       		.byte	24
 1188 0487 04       		.byte	4
 1189 0488 19       		.byte	25
 1190 0489 40       		.byte	64
 1191 048a 1A       		.byte	26
 1192 048b 40       		.byte	64
 1193 048c 1F       		.byte	31
 1194 048d 40       		.byte	64
 1195 048e 20       		.byte	32
 1196 048f 11       		.byte	17
 1197 0490 21       		.byte	33
ARM GAS  C:\Users\simhj\AppData\Local\Temp\ccxbHqG3.s 			page 22


 1198 0491 02       		.byte	2
 1199 0492 27       		.byte	39
 1200 0493 20       		.byte	32
 1201 0494 28       		.byte	40
 1202 0495 01       		.byte	1
 1203 0496 2B       		.byte	43
 1204 0497 80       		.byte	-128
 1205 0498 2E       		.byte	46
 1206 0499 60       		.byte	96
 1207 049a 2F       		.byte	47
 1208 049b 08       		.byte	8
 1209 049c 30       		.byte	48
 1210 049d 80       		.byte	-128
 1211 049e 31       		.byte	49
 1212 049f 22       		.byte	34
 1213 04a0 33       		.byte	51
 1214 04a1 04       		.byte	4
 1215 04a2 34       		.byte	52
 1216 04a3 40       		.byte	64
 1217 04a4 36       		.byte	54
 1218 04a5 40       		.byte	64
 1219 04a6 39       		.byte	57
 1220 04a7 64       		.byte	100
 1221 04a8 3D       		.byte	61
 1222 04a9 01       		.byte	1
 1223 04aa 3E       		.byte	62
 1224 04ab 01       		.byte	1
 1225 04ac 40       		.byte	64
 1226 04ad 10       		.byte	16
 1227 04ae 42       		.byte	66
 1228 04af 4D       		.byte	77
 1229 04b0 47       		.byte	71
 1230 04b1 40       		.byte	64
 1231 04b2 48       		.byte	72
 1232 04b3 40       		.byte	64
 1233 04b4 4B       		.byte	75
 1234 04b5 80       		.byte	-128
 1235 04b6 53       		.byte	83
 1236 04b7 10       		.byte	16
 1237 04b8 56       		.byte	86
 1238 04b9 10       		.byte	16
 1239 04ba 57       		.byte	87
 1240 04bb 02       		.byte	2
 1241 04bc 68       		.byte	104
 1242 04bd 80       		.byte	-128
 1243 04be 69       		.byte	105
 1244 04bf 44       		.byte	68
 1245 04c0 6B       		.byte	107
 1246 04c1 04       		.byte	4
 1247 04c2 79       		.byte	121
 1248 04c3 02       		.byte	2
 1249 04c4 91       		.byte	-111
 1250 04c5 22       		.byte	34
 1251 04c6 93       		.byte	-109
 1252 04c7 10       		.byte	16
 1253 04c8 94       		.byte	-108
 1254 04c9 01       		.byte	1
ARM GAS  C:\Users\simhj\AppData\Local\Temp\ccxbHqG3.s 			page 23


 1255 04ca 95       		.byte	-107
 1256 04cb 44       		.byte	68
 1257 04cc 9B       		.byte	-101
 1258 04cd 40       		.byte	64
 1259 04ce 9C       		.byte	-100
 1260 04cf 01       		.byte	1
 1261 04d0 9E       		.byte	-98
 1262 04d1 10       		.byte	16
 1263 04d2 9F       		.byte	-97
 1264 04d3 04       		.byte	4
 1265 04d4 A3       		.byte	-93
 1266 04d5 80       		.byte	-128
 1267 04d6 A4       		.byte	-92
 1268 04d7 88       		.byte	-120
 1269 04d8 A6       		.byte	-90
 1270 04d9 08       		.byte	8
 1271 04da A7       		.byte	-89
 1272 04db 22       		.byte	34
 1273 04dc A8       		.byte	-88
 1274 04dd 40       		.byte	64
 1275 04de AA       		.byte	-86
 1276 04df 04       		.byte	4
 1277 04e0 C0       		.byte	-64
 1278 04e1 61       		.byte	97
 1279 04e2 C2       		.byte	-62
 1280 04e3 9C       		.byte	-100
 1281 04e4 C4       		.byte	-60
 1282 04e5 F2       		.byte	-14
 1283 04e6 CA       		.byte	-54
 1284 04e7 39       		.byte	57
 1285 04e8 CC       		.byte	-52
 1286 04e9 1F       		.byte	31
 1287 04ea CE       		.byte	-50
 1288 04eb 8E       		.byte	-114
 1289 04ec D0       		.byte	-48
 1290 04ed 1F       		.byte	31
 1291 04ee D2       		.byte	-46
 1292 04ef 08       		.byte	8
 1293 04f0 DE       		.byte	-34
 1294 04f1 01       		.byte	1
 1295 04f2 39       		.byte	57
 1296 04f3 08       		.byte	8
 1297 04f4 3F       		.byte	63
 1298 04f5 04       		.byte	4
 1299 04f6 59       		.byte	89
 1300 04f7 04       		.byte	4
 1301 04f8 5F       		.byte	95
 1302 04f9 01       		.byte	1
 1303 04fa 20       		.byte	32
 1304 04fb 20       		.byte	32
 1305 04fc A4       		.byte	-92
 1306 04fd 10       		.byte	16
 1307 04fe B0       		.byte	-80
 1308 04ff 10       		.byte	16
 1309 0500 E6       		.byte	-26
 1310 0501 20       		.byte	32
 1311 0502 EE       		.byte	-18
ARM GAS  C:\Users\simhj\AppData\Local\Temp\ccxbHqG3.s 			page 24


 1312 0503 80       		.byte	-128
 1313 0504 33       		.byte	51
 1314 0505 80       		.byte	-128
 1315 0506 37       		.byte	55
 1316 0507 10       		.byte	16
 1317 0508 CC       		.byte	-52
 1318 0509 30       		.byte	48
 1319 050a 9F       		.byte	-97
 1320 050b 10       		.byte	16
 1321 050c A7       		.byte	-89
 1322 050d 80       		.byte	-128
 1323 050e 83       		.byte	-125
 1324 050f 80       		.byte	-128
 1325 0510 9F       		.byte	-97
 1326 0511 10       		.byte	16
 1327 0512 A7       		.byte	-89
 1328 0513 80       		.byte	-128
 1329 0514 E6       		.byte	-26
 1330 0515 20       		.byte	32
 1331 0516 9F       		.byte	-97
 1332 0517 10       		.byte	16
 1333 0518 05       		.byte	5
 1334 0519 40       		.byte	64
 1335 051a 0D       		.byte	13
 1336 051b 01       		.byte	1
 1337 051c 5C       		.byte	92
 1338 051d 02       		.byte	2
 1339 051e C0       		.byte	-64
 1340 051f 01       		.byte	1
 1341 0520 C2       		.byte	-62
 1342 0521 04       		.byte	4
 1343 0522 D6       		.byte	-42
 1344 0523 01       		.byte	1
 1345 0524 84       		.byte	-124
 1346 0525 02       		.byte	2
 1347 0526 89       		.byte	-119
 1348 0527 40       		.byte	64
 1349 0528 99       		.byte	-103
 1350 0529 40       		.byte	64
 1351 052a 9C       		.byte	-100
 1352 052b 02       		.byte	2
 1353 052c B1       		.byte	-79
 1354 052d 01       		.byte	1
 1355 052e E2       		.byte	-30
 1356 052f 01       		.byte	1
 1357 0530 EA       		.byte	-22
 1358 0531 04       		.byte	4
 1359 0532 84       		.byte	-124
 1360 0533 02       		.byte	2
 1361 0534 9F       		.byte	-97
 1362 0535 10       		.byte	16
 1363 0536 83       		.byte	-125
 1364 0537 10       		.byte	16
 1365 0538 9F       		.byte	-97
 1366 0539 10       		.byte	16
 1367 053a E2       		.byte	-30
 1368 053b 20       		.byte	32
ARM GAS  C:\Users\simhj\AppData\Local\Temp\ccxbHqG3.s 			page 25


 1369 053c A0       		.byte	-96
 1370 053d 02       		.byte	2
 1371 053e 10       		.byte	16
 1372 053f 20       		.byte	32
 1373 0540 74       		.byte	116
 1374 0541 02       		.byte	2
 1375 0542 88       		.byte	-120
 1376 0543 20       		.byte	32
 1377 0544 A0       		.byte	-96
 1378 0545 02       		.byte	2
 1379 0546 C4       		.byte	-60
 1380 0547 08       		.byte	8
 1381 0548 DE       		.byte	-34
 1382 0549 04       		.byte	4
 1383 054a E6       		.byte	-26
 1384 054b 04       		.byte	4
 1385 054c 00       		.byte	0
 1386 054d 03       		.byte	3
 1387 054e 0A       		.byte	10
 1388 054f 03       		.byte	3
 1389 0550 10       		.byte	16
 1390 0551 02       		.byte	2
 1391 0552 1A       		.byte	26
 1392 0553 02       		.byte	2
 1393 0554 00       		.byte	0
 1394 0555 0F       		.byte	15
 1395 0556 00       		.byte	0
 1396 0557 00       		.byte	0
 1397 0558 80       		.byte	-128
 1398 0559 80       		.byte	-128
 1399 055a 00       		.byte	0
 1400 055b 00       		.byte	0
 1401 055c 40       		.byte	64
 1402 055d 00       		.byte	0
 1403 055e 00       		.byte	0
 1404 055f 00       		.byte	0
 1405 0560 80       		.byte	-128
 1406 0561 00       		.byte	0
 1407 0562 40       		.byte	64
 1408 0563 80       		.byte	-128
 1409 0564 80       		.byte	-128
 1410 0565 00       		.byte	0
 1411 0566 80       		.byte	-128
 1412 0567 00       		.byte	0
 1413 0568 00       		.byte	0
 1414 0569 00       		.byte	0
 1415 056a 00       		.byte	0
 1416 056b 00       		.byte	0
 1417 056c 00       		.byte	0
 1418 056d 0B       		.byte	11
 1419 056e 0B       		.byte	11
 1420 056f 00       		.byte	0
 1421 0570 00       		.byte	0
 1422 0571 00       		.byte	0
 1423 0572 00       		.byte	0
 1424 0573 00       		.byte	0
 1425 0574 04       		.byte	4
ARM GAS  C:\Users\simhj\AppData\Local\Temp\ccxbHqG3.s 			page 26


 1426 0575 00       		.byte	0
 1427 0576 28       		.byte	40
 1428 0577 16       		.byte	22
 1429 0578 12       		.byte	18
 1430 0579 00       		.byte	0
 1431 057a 10       		.byte	16
 1432 057b 00       		.byte	0
 1433 057c 00       		.byte	0
 1434 057d 00       		.byte	0
 1435 057e 00       		.byte	0
 1436 057f 00       		.byte	0
 1437              		.section	.cywolatch,"a",%progbits
 1438              		.align	2
 1439              		.type	cy_meta_wonvl, %object
 1440              		.size	cy_meta_wonvl, 4
 1441              	cy_meta_wonvl:
 1442 0000 BC       		.byte	-68
 1443 0001 90       		.byte	-112
 1444 0002 AC       		.byte	-84
 1445 0003 AF       		.byte	-81
 1446              		.section	.cycustnvl,"a",%progbits
 1447              		.align	2
 1448              		.type	cy_meta_custnvl, %object
 1449              		.size	cy_meta_custnvl, 4
 1450              	cy_meta_custnvl:
 1451 0000 00       		.byte	0
 1452 0001 00       		.byte	0
 1453 0002 40       		.byte	64
 1454 0003 05       		.byte	5
 1455              		.section	.cymeta,"a",%progbits
 1456              		.align	2
 1457              		.type	cy_metadata, %object
 1458              		.size	cy_metadata, 12
 1459              	cy_metadata:
 1460 0000 00       		.byte	0
 1461 0001 01       		.byte	1
 1462 0002 2E       		.byte	46
 1463 0003 16       		.byte	22
 1464 0004 10       		.byte	16
 1465 0005 69       		.byte	105
 1466 0006 00       		.byte	0
 1467 0007 01       		.byte	1
 1468 0008 00       		.byte	0
 1469 0009 00       		.byte	0
 1470 000a 00       		.byte	0
 1471 000b 00       		.byte	0
 1472              		.section	.cyflashprotect,"a",%progbits
 1473              		.align	2
 1474              		.type	cy_meta_flashprotect, %object
 1475              		.size	cy_meta_flashprotect, 256
 1476              	cy_meta_flashprotect:
 1477 0000 00000000 		.space	256
 1477      00000000 
 1477      00000000 
 1477      00000000 
 1477      00000000 
 1478              		.text
ARM GAS  C:\Users\simhj\AppData\Local\Temp\ccxbHqG3.s 			page 27


 1479              	.Letext0:
 1480              		.file 1 "s:\\program files (x86)\\cypress\\psoc creator\\4.4\\psoc creator\\import\\gnu\\arm\\5.4.
 1481              		.file 2 "s:\\program files (x86)\\cypress\\psoc creator\\4.4\\psoc creator\\import\\gnu\\arm\\5.4.
 1482              		.file 3 "Generated_Source\\PSoC5\\cymetadata.c"
 1483              		.section	.debug_info,"",%progbits
 1484              	.Ldebug_info0:
 1485 0000 32010000 		.4byte	0x132
 1486 0004 0400     		.2byte	0x4
 1487 0006 00000000 		.4byte	.Ldebug_abbrev0
 1488 000a 04       		.byte	0x4
 1489 000b 01       		.uleb128 0x1
 1490 000c 24000000 		.4byte	.LASF17
 1491 0010 0C       		.byte	0xc
 1492 0011 E7010000 		.4byte	.LASF18
 1493 0015 D7000000 		.4byte	.LASF19
 1494 0019 00000000 		.4byte	.Ldebug_line0
 1495 001d 02       		.uleb128 0x2
 1496 001e 01       		.byte	0x1
 1497 001f 06       		.byte	0x6
 1498 0020 DB010000 		.4byte	.LASF0
 1499 0024 03       		.uleb128 0x3
 1500 0025 00000000 		.4byte	.LASF9
 1501 0029 01       		.byte	0x1
 1502 002a 1D       		.byte	0x1d
 1503 002b 2F000000 		.4byte	0x2f
 1504 002f 02       		.uleb128 0x2
 1505 0030 01       		.byte	0x1
 1506 0031 08       		.byte	0x8
 1507 0032 16000000 		.4byte	.LASF1
 1508 0036 02       		.uleb128 0x2
 1509 0037 02       		.byte	0x2
 1510 0038 05       		.byte	0x5
 1511 0039 C8010000 		.4byte	.LASF2
 1512 003d 02       		.uleb128 0x2
 1513 003e 02       		.byte	0x2
 1514 003f 07       		.byte	0x7
 1515 0040 C4000000 		.4byte	.LASF3
 1516 0044 02       		.uleb128 0x2
 1517 0045 04       		.byte	0x4
 1518 0046 05       		.byte	0x5
 1519 0047 D2010000 		.4byte	.LASF4
 1520 004b 02       		.uleb128 0x2
 1521 004c 04       		.byte	0x4
 1522 004d 07       		.byte	0x7
 1523 004e B2000000 		.4byte	.LASF5
 1524 0052 02       		.uleb128 0x2
 1525 0053 08       		.byte	0x8
 1526 0054 05       		.byte	0x5
 1527 0055 BA010000 		.4byte	.LASF6
 1528 0059 02       		.uleb128 0x2
 1529 005a 08       		.byte	0x8
 1530 005b 07       		.byte	0x7
 1531 005c 6F010000 		.4byte	.LASF7
 1532 0060 04       		.uleb128 0x4
 1533 0061 04       		.byte	0x4
 1534 0062 05       		.byte	0x5
 1535 0063 696E7400 		.ascii	"int\000"
ARM GAS  C:\Users\simhj\AppData\Local\Temp\ccxbHqG3.s 			page 28


 1536 0067 02       		.uleb128 0x2
 1537 0068 04       		.byte	0x4
 1538 0069 07       		.byte	0x7
 1539 006a 62010000 		.4byte	.LASF8
 1540 006e 03       		.uleb128 0x3
 1541 006f 86010000 		.4byte	.LASF10
 1542 0073 02       		.byte	0x2
 1543 0074 18       		.byte	0x18
 1544 0075 24000000 		.4byte	0x24
 1545 0079 05       		.uleb128 0x5
 1546 007a 91000000 		.4byte	0x91
 1547 007e 8A000000 		.4byte	0x8a
 1548 0082 06       		.uleb128 0x6
 1549 0083 8A000000 		.4byte	0x8a
 1550 0087 7F05     		.2byte	0x57f
 1551 0089 00       		.byte	0
 1552 008a 02       		.uleb128 0x2
 1553 008b 04       		.byte	0x4
 1554 008c 07       		.byte	0x7
 1555 008d B1010000 		.4byte	.LASF11
 1556 0091 07       		.uleb128 0x7
 1557 0092 6E000000 		.4byte	0x6e
 1558 0096 08       		.uleb128 0x8
 1559 0097 50010000 		.4byte	.LASF12
 1560 009b 03       		.byte	0x3
 1561 009c 1F       		.byte	0x1f
 1562 009d A7000000 		.4byte	0xa7
 1563 00a1 05       		.uleb128 0x5
 1564 00a2 03       		.byte	0x3
 1565 00a3 00000000 		.4byte	cy_meta_configecc
 1566 00a7 07       		.uleb128 0x7
 1567 00a8 79000000 		.4byte	0x79
 1568 00ac 05       		.uleb128 0x5
 1569 00ad 91000000 		.4byte	0x91
 1570 00b1 BC000000 		.4byte	0xbc
 1571 00b5 09       		.uleb128 0x9
 1572 00b6 8A000000 		.4byte	0x8a
 1573 00ba 03       		.byte	0x3
 1574 00bb 00       		.byte	0
 1575 00bc 08       		.uleb128 0x8
 1576 00bd 40010000 		.4byte	.LASF13
 1577 00c1 03       		.byte	0x3
 1578 00c2 DC       		.byte	0xdc
 1579 00c3 CD000000 		.4byte	0xcd
 1580 00c7 05       		.uleb128 0x5
 1581 00c8 03       		.byte	0x3
 1582 00c9 00000000 		.4byte	cy_meta_custnvl
 1583 00cd 07       		.uleb128 0x7
 1584 00ce AC000000 		.4byte	0xac
 1585 00d2 08       		.uleb128 0x8
 1586 00d3 A3010000 		.4byte	.LASF14
 1587 00d7 03       		.byte	0x3
 1588 00d8 EA       		.byte	0xea
 1589 00d9 E3000000 		.4byte	0xe3
 1590 00dd 05       		.uleb128 0x5
 1591 00de 03       		.byte	0x3
 1592 00df 00000000 		.4byte	cy_meta_wonvl
ARM GAS  C:\Users\simhj\AppData\Local\Temp\ccxbHqG3.s 			page 29


 1593 00e3 07       		.uleb128 0x7
 1594 00e4 AC000000 		.4byte	0xac
 1595 00e8 05       		.uleb128 0x5
 1596 00e9 91000000 		.4byte	0x91
 1597 00ed F8000000 		.4byte	0xf8
 1598 00f1 09       		.uleb128 0x9
 1599 00f2 8A000000 		.4byte	0x8a
 1600 00f6 FF       		.byte	0xff
 1601 00f7 00       		.byte	0
 1602 00f8 08       		.uleb128 0x8
 1603 00f9 8E010000 		.4byte	.LASF15
 1604 00fd 03       		.byte	0x3
 1605 00fe F8       		.byte	0xf8
 1606 00ff 09010000 		.4byte	0x109
 1607 0103 05       		.uleb128 0x5
 1608 0104 03       		.byte	0x3
 1609 0105 00000000 		.4byte	cy_meta_flashprotect
 1610 0109 07       		.uleb128 0x7
 1611 010a E8000000 		.4byte	0xe8
 1612 010e 05       		.uleb128 0x5
 1613 010f 91000000 		.4byte	0x91
 1614 0113 1E010000 		.4byte	0x11e
 1615 0117 09       		.uleb128 0x9
 1616 0118 8A000000 		.4byte	0x8a
 1617 011c 0B       		.byte	0xb
 1618 011d 00       		.byte	0
 1619 011e 0A       		.uleb128 0xa
 1620 011f 0A000000 		.4byte	.LASF16
 1621 0123 03       		.byte	0x3
 1622 0124 2501     		.2byte	0x125
 1623 0126 30010000 		.4byte	0x130
 1624 012a 05       		.uleb128 0x5
 1625 012b 03       		.byte	0x3
 1626 012c 00000000 		.4byte	cy_metadata
 1627 0130 07       		.uleb128 0x7
 1628 0131 0E010000 		.4byte	0x10e
 1629 0135 00       		.byte	0
 1630              		.section	.debug_abbrev,"",%progbits
 1631              	.Ldebug_abbrev0:
 1632 0000 01       		.uleb128 0x1
 1633 0001 11       		.uleb128 0x11
 1634 0002 01       		.byte	0x1
 1635 0003 25       		.uleb128 0x25
 1636 0004 0E       		.uleb128 0xe
 1637 0005 13       		.uleb128 0x13
 1638 0006 0B       		.uleb128 0xb
 1639 0007 03       		.uleb128 0x3
 1640 0008 0E       		.uleb128 0xe
 1641 0009 1B       		.uleb128 0x1b
 1642 000a 0E       		.uleb128 0xe
 1643 000b 10       		.uleb128 0x10
 1644 000c 17       		.uleb128 0x17
 1645 000d 00       		.byte	0
 1646 000e 00       		.byte	0
 1647 000f 02       		.uleb128 0x2
 1648 0010 24       		.uleb128 0x24
 1649 0011 00       		.byte	0
ARM GAS  C:\Users\simhj\AppData\Local\Temp\ccxbHqG3.s 			page 30


 1650 0012 0B       		.uleb128 0xb
 1651 0013 0B       		.uleb128 0xb
 1652 0014 3E       		.uleb128 0x3e
 1653 0015 0B       		.uleb128 0xb
 1654 0016 03       		.uleb128 0x3
 1655 0017 0E       		.uleb128 0xe
 1656 0018 00       		.byte	0
 1657 0019 00       		.byte	0
 1658 001a 03       		.uleb128 0x3
 1659 001b 16       		.uleb128 0x16
 1660 001c 00       		.byte	0
 1661 001d 03       		.uleb128 0x3
 1662 001e 0E       		.uleb128 0xe
 1663 001f 3A       		.uleb128 0x3a
 1664 0020 0B       		.uleb128 0xb
 1665 0021 3B       		.uleb128 0x3b
 1666 0022 0B       		.uleb128 0xb
 1667 0023 49       		.uleb128 0x49
 1668 0024 13       		.uleb128 0x13
 1669 0025 00       		.byte	0
 1670 0026 00       		.byte	0
 1671 0027 04       		.uleb128 0x4
 1672 0028 24       		.uleb128 0x24
 1673 0029 00       		.byte	0
 1674 002a 0B       		.uleb128 0xb
 1675 002b 0B       		.uleb128 0xb
 1676 002c 3E       		.uleb128 0x3e
 1677 002d 0B       		.uleb128 0xb
 1678 002e 03       		.uleb128 0x3
 1679 002f 08       		.uleb128 0x8
 1680 0030 00       		.byte	0
 1681 0031 00       		.byte	0
 1682 0032 05       		.uleb128 0x5
 1683 0033 01       		.uleb128 0x1
 1684 0034 01       		.byte	0x1
 1685 0035 49       		.uleb128 0x49
 1686 0036 13       		.uleb128 0x13
 1687 0037 01       		.uleb128 0x1
 1688 0038 13       		.uleb128 0x13
 1689 0039 00       		.byte	0
 1690 003a 00       		.byte	0
 1691 003b 06       		.uleb128 0x6
 1692 003c 21       		.uleb128 0x21
 1693 003d 00       		.byte	0
 1694 003e 49       		.uleb128 0x49
 1695 003f 13       		.uleb128 0x13
 1696 0040 2F       		.uleb128 0x2f
 1697 0041 05       		.uleb128 0x5
 1698 0042 00       		.byte	0
 1699 0043 00       		.byte	0
 1700 0044 07       		.uleb128 0x7
 1701 0045 26       		.uleb128 0x26
 1702 0046 00       		.byte	0
 1703 0047 49       		.uleb128 0x49
 1704 0048 13       		.uleb128 0x13
 1705 0049 00       		.byte	0
 1706 004a 00       		.byte	0
ARM GAS  C:\Users\simhj\AppData\Local\Temp\ccxbHqG3.s 			page 31


 1707 004b 08       		.uleb128 0x8
 1708 004c 34       		.uleb128 0x34
 1709 004d 00       		.byte	0
 1710 004e 03       		.uleb128 0x3
 1711 004f 0E       		.uleb128 0xe
 1712 0050 3A       		.uleb128 0x3a
 1713 0051 0B       		.uleb128 0xb
 1714 0052 3B       		.uleb128 0x3b
 1715 0053 0B       		.uleb128 0xb
 1716 0054 49       		.uleb128 0x49
 1717 0055 13       		.uleb128 0x13
 1718 0056 3F       		.uleb128 0x3f
 1719 0057 19       		.uleb128 0x19
 1720 0058 02       		.uleb128 0x2
 1721 0059 18       		.uleb128 0x18
 1722 005a 00       		.byte	0
 1723 005b 00       		.byte	0
 1724 005c 09       		.uleb128 0x9
 1725 005d 21       		.uleb128 0x21
 1726 005e 00       		.byte	0
 1727 005f 49       		.uleb128 0x49
 1728 0060 13       		.uleb128 0x13
 1729 0061 2F       		.uleb128 0x2f
 1730 0062 0B       		.uleb128 0xb
 1731 0063 00       		.byte	0
 1732 0064 00       		.byte	0
 1733 0065 0A       		.uleb128 0xa
 1734 0066 34       		.uleb128 0x34
 1735 0067 00       		.byte	0
 1736 0068 03       		.uleb128 0x3
 1737 0069 0E       		.uleb128 0xe
 1738 006a 3A       		.uleb128 0x3a
 1739 006b 0B       		.uleb128 0xb
 1740 006c 3B       		.uleb128 0x3b
 1741 006d 05       		.uleb128 0x5
 1742 006e 49       		.uleb128 0x49
 1743 006f 13       		.uleb128 0x13
 1744 0070 3F       		.uleb128 0x3f
 1745 0071 19       		.uleb128 0x19
 1746 0072 02       		.uleb128 0x2
 1747 0073 18       		.uleb128 0x18
 1748 0074 00       		.byte	0
 1749 0075 00       		.byte	0
 1750 0076 00       		.byte	0
 1751              		.section	.debug_aranges,"",%progbits
 1752 0000 14000000 		.4byte	0x14
 1753 0004 0200     		.2byte	0x2
 1754 0006 00000000 		.4byte	.Ldebug_info0
 1755 000a 04       		.byte	0x4
 1756 000b 00       		.byte	0
 1757 000c 0000     		.2byte	0
 1758 000e 0000     		.2byte	0
 1759 0010 00000000 		.4byte	0
 1760 0014 00000000 		.4byte	0
 1761              		.section	.debug_line,"",%progbits
 1762              	.Ldebug_line0:
 1763 0000 3D010000 		.section	.debug_str,"MS",%progbits,1
ARM GAS  C:\Users\simhj\AppData\Local\Temp\ccxbHqG3.s 			page 32


 1763      02003701 
 1763      00000201 
 1763      FB0E0D00 
 1763      01010101 
 1764              	.LASF9:
 1765 0000 5F5F7569 		.ascii	"__uint8_t\000"
 1765      6E74385F 
 1765      7400
 1766              	.LASF16:
 1767 000a 63795F6D 		.ascii	"cy_metadata\000"
 1767      65746164 
 1767      61746100 
 1768              	.LASF1:
 1769 0016 756E7369 		.ascii	"unsigned char\000"
 1769      676E6564 
 1769      20636861 
 1769      7200
 1770              	.LASF17:
 1771 0024 474E5520 		.ascii	"GNU C11 5.4.1 20160609 (release) [ARM/embedded-5-br"
 1771      43313120 
 1771      352E342E 
 1771      31203230 
 1771      31363036 
 1772 0057 616E6368 		.ascii	"anch revision 237715] -mcpu=cortex-m3 -mthumb -g -O"
 1772      20726576 
 1772      6973696F 
 1772      6E203233 
 1772      37373135 
 1773 008a 67202D66 		.ascii	"g -ffunction-sections -ffat-lto-objects\000"
 1773      66756E63 
 1773      74696F6E 
 1773      2D736563 
 1773      74696F6E 
 1774              	.LASF5:
 1775 00b2 6C6F6E67 		.ascii	"long unsigned int\000"
 1775      20756E73 
 1775      69676E65 
 1775      6420696E 
 1775      7400
 1776              	.LASF3:
 1777 00c4 73686F72 		.ascii	"short unsigned int\000"
 1777      7420756E 
 1777      7369676E 
 1777      65642069 
 1777      6E7400
 1778              	.LASF19:
 1779 00d7 473A5C4D 		.ascii	"G:\\My Drive\\AU\\SW\\2semester\\GFV\\210929 ComBus"
 1779      79204472 
 1779      6976655C 
 1779      41555C53 
 1779      575C3273 
 1780 0104 73657320 		.ascii	"ses pt2\\GFVAflevering2\\Project\\Lab2\\Opgave2_SPI"
 1780      7074325C 
 1780      47465641 
 1780      666C6576 
 1780      6572696E 
 1781 0133 5F536C61 		.ascii	"_Slave.cydsn\000"
ARM GAS  C:\Users\simhj\AppData\Local\Temp\ccxbHqG3.s 			page 33


 1781      76652E63 
 1781      7964736E 
 1781      00
 1782              	.LASF13:
 1783 0140 63795F6D 		.ascii	"cy_meta_custnvl\000"
 1783      6574615F 
 1783      63757374 
 1783      6E766C00 
 1784              	.LASF12:
 1785 0150 63795F6D 		.ascii	"cy_meta_configecc\000"
 1785      6574615F 
 1785      636F6E66 
 1785      69676563 
 1785      6300
 1786              	.LASF8:
 1787 0162 756E7369 		.ascii	"unsigned int\000"
 1787      676E6564 
 1787      20696E74 
 1787      00
 1788              	.LASF7:
 1789 016f 6C6F6E67 		.ascii	"long long unsigned int\000"
 1789      206C6F6E 
 1789      6720756E 
 1789      7369676E 
 1789      65642069 
 1790              	.LASF10:
 1791 0186 75696E74 		.ascii	"uint8_t\000"
 1791      385F7400 
 1792              	.LASF15:
 1793 018e 63795F6D 		.ascii	"cy_meta_flashprotect\000"
 1793      6574615F 
 1793      666C6173 
 1793      6870726F 
 1793      74656374 
 1794              	.LASF14:
 1795 01a3 63795F6D 		.ascii	"cy_meta_wonvl\000"
 1795      6574615F 
 1795      776F6E76 
 1795      6C00
 1796              	.LASF11:
 1797 01b1 73697A65 		.ascii	"sizetype\000"
 1797      74797065 
 1797      00
 1798              	.LASF6:
 1799 01ba 6C6F6E67 		.ascii	"long long int\000"
 1799      206C6F6E 
 1799      6720696E 
 1799      7400
 1800              	.LASF2:
 1801 01c8 73686F72 		.ascii	"short int\000"
 1801      7420696E 
 1801      7400
 1802              	.LASF4:
 1803 01d2 6C6F6E67 		.ascii	"long int\000"
 1803      20696E74 
 1803      00
 1804              	.LASF0:
ARM GAS  C:\Users\simhj\AppData\Local\Temp\ccxbHqG3.s 			page 34


 1805 01db 7369676E 		.ascii	"signed char\000"
 1805      65642063 
 1805      68617200 
 1806              	.LASF18:
 1807 01e7 47656E65 		.ascii	"Generated_Source\\PSoC5\\cymetadata.c\000"
 1807      72617465 
 1807      645F536F 
 1807      75726365 
 1807      5C50536F 
 1808              		.ident	"GCC: (GNU Tools for ARM Embedded Processors) 5.4.1 20160609 (release) [ARM/embedded-5-bran
