ARM GAS  C:\Users\simhj\AppData\Local\Temp\ccqJGhec.s 			page 1


   1              		.syntax unified
   2              		.cpu cortex-m3
   3              		.fpu softvfp
   4              		.eabi_attribute 20, 1
   5              		.eabi_attribute 21, 1
   6              		.eabi_attribute 23, 3
   7              		.eabi_attribute 24, 1
   8              		.eabi_attribute 25, 1
   9              		.eabi_attribute 26, 1
  10              		.eabi_attribute 30, 1
  11              		.eabi_attribute 34, 1
  12              		.eabi_attribute 18, 4
  13              		.thumb
  14              		.syntax unified
  15              		.file	"main.c"
  16              		.text
  17              	.Ltext0:
  18              		.cfi_sections	.debug_frame
  19              		.section	.text.SPI_Rx_Handler,"ax",%progbits
  20              		.align	2
  21              		.global	SPI_Rx_Handler
  22              		.thumb
  23              		.thumb_func
  24              		.type	SPI_Rx_Handler, %function
  25              	SPI_Rx_Handler:
  26              	.LFB64:
  27              		.file 1 "main.c"
   1:main.c        **** /* ========================================
   2:main.c        ****  *
   3:main.c        ****  * Copyright YOUR COMPANY, THE YEAR
   4:main.c        ****  * All Rights Reserved
   5:main.c        ****  * UNPUBLISHED, LICENSED SOFTWARE.
   6:main.c        ****  *
   7:main.c        ****  * CONFIDENTIAL AND PROPRIETARY INFORMATION
   8:main.c        ****  * WHICH IS THE PROPERTY OF your company.
   9:main.c        ****  *
  10:main.c        ****  * ========================================
  11:main.c        **** */
  12:main.c        **** #include "project.h"
  13:main.c        **** #include "CustomPrint.h"
  14:main.c        **** 
  15:main.c        **** CY_ISR_PROTO (SPI_Rx_Handler);
  16:main.c        **** 
  17:main.c        **** uint8_t DataReceived;
  18:main.c        **** 
  19:main.c        **** int main(void)
  20:main.c        **** {
  21:main.c        ****     CyGlobalIntEnable; /* Enable global interrupts. */
  22:main.c        ****     UART_CT_Start();
  23:main.c        ****     SPI_S_Start();
  24:main.c        ****     isr_SPI_rx_StartEx(SPI_Rx_Handler);
  25:main.c        ****     
  26:main.c        ****     /* Place your initialization/startup code here (e.g. MyInst_Start()) */
  27:main.c        ****     UART_CT_PutString("Program running\r\n");
  28:main.c        ****     
  29:main.c        ****     for(;;)
  30:main.c        ****     {
ARM GAS  C:\Users\simhj\AppData\Local\Temp\ccqJGhec.s 			page 2


  31:main.c        ****         if (DataReceived == 'l')
  32:main.c        ****         {
  33:main.c        ****              Pin_LED1_Write(1);
  34:main.c        ****         }
  35:main.c        ****         if (DataReceived == 'o')
  36:main.c        ****         {
  37:main.c        ****              Pin_LED1_Write(0);
  38:main.c        ****         }
  39:main.c        ****     }
  40:main.c        **** }
  41:main.c        **** 
  42:main.c        **** CY_ISR (SPI_Rx_Handler)
  43:main.c        **** {
  28              		.loc 1 43 0
  29              		.cfi_startproc
  30              		@ args = 0, pretend = 0, frame = 0
  31              		@ frame_needed = 0, uses_anonymous_args = 0
  32 0000 08B5     		push	{r3, lr}
  33              		.cfi_def_cfa_offset 8
  34              		.cfi_offset 3, -8
  35              		.cfi_offset 14, -4
  44:main.c        ****     DataReceived = SPI_S_ReadRxData();
  36              		.loc 1 44 0
  37 0002 FFF7FEFF 		bl	SPI_S_ReadRxData
  38              	.LVL0:
  39 0006 024B     		ldr	r3, .L3
  40 0008 1870     		strb	r0, [r3]
  45:main.c        ****     UART_CT_PutChar(DataReceived);
  41              		.loc 1 45 0
  42 000a FFF7FEFF 		bl	UART_CT_PutChar
  43              	.LVL1:
  44 000e 08BD     		pop	{r3, pc}
  45              	.L4:
  46              		.align	2
  47              	.L3:
  48 0010 00000000 		.word	DataReceived
  49              		.cfi_endproc
  50              	.LFE64:
  51              		.size	SPI_Rx_Handler, .-SPI_Rx_Handler
  52              		.section	.text.main,"ax",%progbits
  53              		.align	2
  54              		.global	main
  55              		.thumb
  56              		.thumb_func
  57              		.type	main, %function
  58              	main:
  59              	.LFB63:
  20:main.c        ****     CyGlobalIntEnable; /* Enable global interrupts. */
  60              		.loc 1 20 0
  61              		.cfi_startproc
  62              		@ Volatile: function does not return.
  63              		@ args = 0, pretend = 0, frame = 0
  64              		@ frame_needed = 0, uses_anonymous_args = 0
  65 0000 08B5     		push	{r3, lr}
  66              		.cfi_def_cfa_offset 8
  67              		.cfi_offset 3, -8
  68              		.cfi_offset 14, -4
ARM GAS  C:\Users\simhj\AppData\Local\Temp\ccqJGhec.s 			page 3


  21:main.c        ****     UART_CT_Start();
  69              		.loc 1 21 0
  70              		.syntax unified
  71              	@ 21 "main.c" 1
  72 0002 62B6     		CPSIE   i
  73              	@ 0 "" 2
  22:main.c        ****     SPI_S_Start();
  74              		.loc 1 22 0
  75              		.thumb
  76              		.syntax unified
  77 0004 FFF7FEFF 		bl	UART_CT_Start
  78              	.LVL2:
  23:main.c        ****     isr_SPI_rx_StartEx(SPI_Rx_Handler);
  79              		.loc 1 23 0
  80 0008 FFF7FEFF 		bl	SPI_S_Start
  81              	.LVL3:
  24:main.c        ****     
  82              		.loc 1 24 0
  83 000c 0A48     		ldr	r0, .L10
  84 000e FFF7FEFF 		bl	isr_SPI_rx_StartEx
  85              	.LVL4:
  27:main.c        ****     
  86              		.loc 1 27 0
  87 0012 0A48     		ldr	r0, .L10+4
  88 0014 FFF7FEFF 		bl	UART_CT_PutString
  89              	.LVL5:
  90              	.L7:
  31:main.c        ****         {
  91              		.loc 1 31 0
  92 0018 094B     		ldr	r3, .L10+8
  93 001a 1B78     		ldrb	r3, [r3]	@ zero_extendqisi2
  94 001c 6C2B     		cmp	r3, #108
  95 001e 02D1     		bne	.L6
  33:main.c        ****         }
  96              		.loc 1 33 0
  97 0020 0120     		movs	r0, #1
  98 0022 FFF7FEFF 		bl	Pin_LED1_Write
  99              	.LVL6:
 100              	.L6:
  35:main.c        ****         {
 101              		.loc 1 35 0
 102 0026 064B     		ldr	r3, .L10+8
 103 0028 1B78     		ldrb	r3, [r3]	@ zero_extendqisi2
 104 002a 6F2B     		cmp	r3, #111
 105 002c F4D1     		bne	.L7
  37:main.c        ****         }
 106              		.loc 1 37 0
 107 002e 0020     		movs	r0, #0
 108 0030 FFF7FEFF 		bl	Pin_LED1_Write
 109              	.LVL7:
 110 0034 F0E7     		b	.L7
 111              	.L11:
 112 0036 00BF     		.align	2
 113              	.L10:
 114 0038 00000000 		.word	SPI_Rx_Handler
 115 003c 00000000 		.word	.LC0
 116 0040 00000000 		.word	DataReceived
ARM GAS  C:\Users\simhj\AppData\Local\Temp\ccqJGhec.s 			page 4


 117              		.cfi_endproc
 118              	.LFE63:
 119              		.size	main, .-main
 120              		.comm	DataReceived,1,1
 121              		.section	.rodata.str1.4,"aMS",%progbits,1
 122              		.align	2
 123              	.LC0:
 124 0000 50726F67 		.ascii	"Program running\015\012\000"
 124      72616D20 
 124      72756E6E 
 124      696E670D 
 124      0A00
 125              		.text
 126              	.Letext0:
 127              		.file 2 "s:\\program files (x86)\\cypress\\psoc creator\\4.4\\psoc creator\\import\\gnu\\arm\\5.4.
 128              		.file 3 "s:\\program files (x86)\\cypress\\psoc creator\\4.4\\psoc creator\\import\\gnu\\arm\\5.4.
 129              		.file 4 "Generated_Source\\PSoC5/core_cm3.h"
 130              		.file 5 "Generated_Source\\PSoC5/SPI_S.h"
 131              		.file 6 "Generated_Source\\PSoC5/UART_CT.h"
 132              		.file 7 "Generated_Source\\PSoC5/isr_SPI_rx.h"
 133              		.file 8 "Generated_Source\\PSoC5/Pin_LED1.h"
 134              		.section	.debug_info,"",%progbits
 135              	.Ldebug_info0:
 136 0000 CA010000 		.4byte	0x1ca
 137 0004 0400     		.2byte	0x4
 138 0006 00000000 		.4byte	.Ldebug_abbrev0
 139 000a 04       		.byte	0x4
 140 000b 01       		.uleb128 0x1
 141 000c D7000000 		.4byte	.LASF27
 142 0010 0C       		.byte	0xc
 143 0011 27020000 		.4byte	.LASF28
 144 0015 14000000 		.4byte	.LASF29
 145 0019 00000000 		.4byte	.Ldebug_ranges0+0
 146 001d 00000000 		.4byte	0
 147 0021 00000000 		.4byte	.Ldebug_line0
 148 0025 02       		.uleb128 0x2
 149 0026 01       		.byte	0x1
 150 0027 06       		.byte	0x6
 151 0028 5E020000 		.4byte	.LASF0
 152 002c 03       		.uleb128 0x3
 153 002d 00000000 		.4byte	.LASF4
 154 0031 02       		.byte	0x2
 155 0032 1D       		.byte	0x1d
 156 0033 37000000 		.4byte	0x37
 157 0037 02       		.uleb128 0x2
 158 0038 01       		.byte	0x1
 159 0039 08       		.byte	0x8
 160 003a C9000000 		.4byte	.LASF1
 161 003e 02       		.uleb128 0x2
 162 003f 02       		.byte	0x2
 163 0040 05       		.byte	0x5
 164 0041 33020000 		.4byte	.LASF2
 165 0045 02       		.uleb128 0x2
 166 0046 02       		.byte	0x2
 167 0047 07       		.byte	0x7
 168 0048 77010000 		.4byte	.LASF3
 169 004c 03       		.uleb128 0x3
ARM GAS  C:\Users\simhj\AppData\Local\Temp\ccqJGhec.s 			page 5


 170 004d 0A000000 		.4byte	.LASF5
 171 0051 02       		.byte	0x2
 172 0052 3F       		.byte	0x3f
 173 0053 57000000 		.4byte	0x57
 174 0057 02       		.uleb128 0x2
 175 0058 04       		.byte	0x4
 176 0059 05       		.byte	0x5
 177 005a 3D020000 		.4byte	.LASF6
 178 005e 02       		.uleb128 0x2
 179 005f 04       		.byte	0x4
 180 0060 07       		.byte	0x7
 181 0061 65010000 		.4byte	.LASF7
 182 0065 02       		.uleb128 0x2
 183 0066 08       		.byte	0x8
 184 0067 05       		.byte	0x5
 185 0068 08020000 		.4byte	.LASF8
 186 006c 02       		.uleb128 0x2
 187 006d 08       		.byte	0x8
 188 006e 07       		.byte	0x7
 189 006f C9010000 		.4byte	.LASF9
 190 0073 04       		.uleb128 0x4
 191 0074 04       		.byte	0x4
 192 0075 05       		.byte	0x5
 193 0076 696E7400 		.ascii	"int\000"
 194 007a 02       		.uleb128 0x2
 195 007b 04       		.byte	0x4
 196 007c 07       		.byte	0x7
 197 007d BC010000 		.4byte	.LASF10
 198 0081 03       		.uleb128 0x3
 199 0082 E0010000 		.4byte	.LASF11
 200 0086 03       		.byte	0x3
 201 0087 18       		.byte	0x18
 202 0088 2C000000 		.4byte	0x2c
 203 008c 03       		.uleb128 0x3
 204 008d F7010000 		.4byte	.LASF12
 205 0091 03       		.byte	0x3
 206 0092 2C       		.byte	0x2c
 207 0093 4C000000 		.4byte	0x4c
 208 0097 02       		.uleb128 0x2
 209 0098 04       		.byte	0x4
 210 0099 04       		.byte	0x4
 211 009a C3000000 		.4byte	.LASF13
 212 009e 02       		.uleb128 0x2
 213 009f 08       		.byte	0x8
 214 00a0 04       		.byte	0x4
 215 00a1 9C000000 		.4byte	.LASF14
 216 00a5 02       		.uleb128 0x2
 217 00a6 01       		.byte	0x1
 218 00a7 08       		.byte	0x8
 219 00a8 2E020000 		.4byte	.LASF15
 220 00ac 02       		.uleb128 0x2
 221 00ad 08       		.byte	0x8
 222 00ae 04       		.byte	0x4
 223 00af 46020000 		.4byte	.LASF16
 224 00b3 02       		.uleb128 0x2
 225 00b4 04       		.byte	0x4
 226 00b5 07       		.byte	0x7
ARM GAS  C:\Users\simhj\AppData\Local\Temp\ccqJGhec.s 			page 6


 227 00b6 FF010000 		.4byte	.LASF17
 228 00ba 05       		.uleb128 0x5
 229 00bb E8010000 		.4byte	.LASF30
 230 00bf 01       		.byte	0x1
 231 00c0 2A       		.byte	0x2a
 232 00c1 00000000 		.4byte	.LFB64
 233 00c5 14000000 		.4byte	.LFE64-.LFB64
 234 00c9 01       		.uleb128 0x1
 235 00ca 9C       		.byte	0x9c
 236 00cb E2000000 		.4byte	0xe2
 237 00cf 06       		.uleb128 0x6
 238 00d0 06000000 		.4byte	.LVL0
 239 00d4 80010000 		.4byte	0x180
 240 00d8 06       		.uleb128 0x6
 241 00d9 0E000000 		.4byte	.LVL1
 242 00dd 8B010000 		.4byte	0x18b
 243 00e1 00       		.byte	0
 244 00e2 07       		.uleb128 0x7
 245 00e3 B7010000 		.4byte	.LASF31
 246 00e7 01       		.byte	0x1
 247 00e8 13       		.byte	0x13
 248 00e9 73000000 		.4byte	0x73
 249 00ed 00000000 		.4byte	.LFB63
 250 00f1 44000000 		.4byte	.LFE63-.LFB63
 251 00f5 01       		.uleb128 0x1
 252 00f6 9C       		.byte	0x9c
 253 00f7 5E010000 		.4byte	0x15e
 254 00fb 06       		.uleb128 0x6
 255 00fc 08000000 		.4byte	.LVL2
 256 0100 96010000 		.4byte	0x196
 257 0104 06       		.uleb128 0x6
 258 0105 0C000000 		.4byte	.LVL3
 259 0109 A1010000 		.4byte	0x1a1
 260 010d 08       		.uleb128 0x8
 261 010e 12000000 		.4byte	.LVL4
 262 0112 AC010000 		.4byte	0x1ac
 263 0116 24010000 		.4byte	0x124
 264 011a 09       		.uleb128 0x9
 265 011b 01       		.uleb128 0x1
 266 011c 50       		.byte	0x50
 267 011d 05       		.uleb128 0x5
 268 011e 03       		.byte	0x3
 269 011f 00000000 		.4byte	SPI_Rx_Handler
 270 0123 00       		.byte	0
 271 0124 08       		.uleb128 0x8
 272 0125 18000000 		.4byte	.LVL5
 273 0129 B7010000 		.4byte	0x1b7
 274 012d 3B010000 		.4byte	0x13b
 275 0131 09       		.uleb128 0x9
 276 0132 01       		.uleb128 0x1
 277 0133 50       		.byte	0x50
 278 0134 05       		.uleb128 0x5
 279 0135 03       		.byte	0x3
 280 0136 00000000 		.4byte	.LC0
 281 013a 00       		.byte	0
 282 013b 08       		.uleb128 0x8
 283 013c 26000000 		.4byte	.LVL6
ARM GAS  C:\Users\simhj\AppData\Local\Temp\ccqJGhec.s 			page 7


 284 0140 C2010000 		.4byte	0x1c2
 285 0144 4E010000 		.4byte	0x14e
 286 0148 09       		.uleb128 0x9
 287 0149 01       		.uleb128 0x1
 288 014a 50       		.byte	0x50
 289 014b 01       		.uleb128 0x1
 290 014c 31       		.byte	0x31
 291 014d 00       		.byte	0
 292 014e 0A       		.uleb128 0xa
 293 014f 34000000 		.4byte	.LVL7
 294 0153 C2010000 		.4byte	0x1c2
 295 0157 09       		.uleb128 0x9
 296 0158 01       		.uleb128 0x1
 297 0159 50       		.byte	0x50
 298 015a 01       		.uleb128 0x1
 299 015b 30       		.byte	0x30
 300 015c 00       		.byte	0
 301 015d 00       		.byte	0
 302 015e 0B       		.uleb128 0xb
 303 015f 8A010000 		.4byte	.LASF18
 304 0163 04       		.byte	0x4
 305 0164 1207     		.2byte	0x712
 306 0166 6A010000 		.4byte	0x16a
 307 016a 0C       		.uleb128 0xc
 308 016b 8C000000 		.4byte	0x8c
 309 016f 0D       		.uleb128 0xd
 310 0170 97010000 		.4byte	.LASF19
 311 0174 01       		.byte	0x1
 312 0175 11       		.byte	0x11
 313 0176 81000000 		.4byte	0x81
 314 017a 05       		.uleb128 0x5
 315 017b 03       		.byte	0x3
 316 017c 00000000 		.4byte	DataReceived
 317 0180 0E       		.uleb128 0xe
 318 0181 16020000 		.4byte	.LASF20
 319 0185 16020000 		.4byte	.LASF20
 320 0189 05       		.byte	0x5
 321 018a 57       		.byte	0x57
 322 018b 0E       		.uleb128 0xe
 323 018c 8C000000 		.4byte	.LASF21
 324 0190 8C000000 		.4byte	.LASF21
 325 0194 06       		.byte	0x6
 326 0195 8A       		.byte	0x8a
 327 0196 0E       		.uleb128 0xe
 328 0197 A3000000 		.4byte	.LASF22
 329 019b A3000000 		.4byte	.LASF22
 330 019f 06       		.byte	0x6
 331 01a0 54       		.byte	0x54
 332 01a1 0E       		.uleb128 0xe
 333 01a2 52020000 		.4byte	.LASF23
 334 01a6 52020000 		.4byte	.LASF23
 335 01aa 05       		.byte	0x5
 336 01ab 46       		.byte	0x46
 337 01ac 0E       		.uleb128 0xe
 338 01ad A4010000 		.4byte	.LASF24
 339 01b1 A4010000 		.4byte	.LASF24
 340 01b5 07       		.byte	0x7
ARM GAS  C:\Users\simhj\AppData\Local\Temp\ccqJGhec.s 			page 8


 341 01b6 18       		.byte	0x18
 342 01b7 0E       		.uleb128 0xe
 343 01b8 B1000000 		.4byte	.LASF25
 344 01bc B1000000 		.4byte	.LASF25
 345 01c0 06       		.byte	0x6
 346 01c1 8B       		.byte	0x8b
 347 01c2 0E       		.uleb128 0xe
 348 01c3 7D000000 		.4byte	.LASF26
 349 01c7 7D000000 		.4byte	.LASF26
 350 01cb 08       		.byte	0x8
 351 01cc 26       		.byte	0x26
 352 01cd 00       		.byte	0
 353              		.section	.debug_abbrev,"",%progbits
 354              	.Ldebug_abbrev0:
 355 0000 01       		.uleb128 0x1
 356 0001 11       		.uleb128 0x11
 357 0002 01       		.byte	0x1
 358 0003 25       		.uleb128 0x25
 359 0004 0E       		.uleb128 0xe
 360 0005 13       		.uleb128 0x13
 361 0006 0B       		.uleb128 0xb
 362 0007 03       		.uleb128 0x3
 363 0008 0E       		.uleb128 0xe
 364 0009 1B       		.uleb128 0x1b
 365 000a 0E       		.uleb128 0xe
 366 000b 55       		.uleb128 0x55
 367 000c 17       		.uleb128 0x17
 368 000d 11       		.uleb128 0x11
 369 000e 01       		.uleb128 0x1
 370 000f 10       		.uleb128 0x10
 371 0010 17       		.uleb128 0x17
 372 0011 00       		.byte	0
 373 0012 00       		.byte	0
 374 0013 02       		.uleb128 0x2
 375 0014 24       		.uleb128 0x24
 376 0015 00       		.byte	0
 377 0016 0B       		.uleb128 0xb
 378 0017 0B       		.uleb128 0xb
 379 0018 3E       		.uleb128 0x3e
 380 0019 0B       		.uleb128 0xb
 381 001a 03       		.uleb128 0x3
 382 001b 0E       		.uleb128 0xe
 383 001c 00       		.byte	0
 384 001d 00       		.byte	0
 385 001e 03       		.uleb128 0x3
 386 001f 16       		.uleb128 0x16
 387 0020 00       		.byte	0
 388 0021 03       		.uleb128 0x3
 389 0022 0E       		.uleb128 0xe
 390 0023 3A       		.uleb128 0x3a
 391 0024 0B       		.uleb128 0xb
 392 0025 3B       		.uleb128 0x3b
 393 0026 0B       		.uleb128 0xb
 394 0027 49       		.uleb128 0x49
 395 0028 13       		.uleb128 0x13
 396 0029 00       		.byte	0
 397 002a 00       		.byte	0
ARM GAS  C:\Users\simhj\AppData\Local\Temp\ccqJGhec.s 			page 9


 398 002b 04       		.uleb128 0x4
 399 002c 24       		.uleb128 0x24
 400 002d 00       		.byte	0
 401 002e 0B       		.uleb128 0xb
 402 002f 0B       		.uleb128 0xb
 403 0030 3E       		.uleb128 0x3e
 404 0031 0B       		.uleb128 0xb
 405 0032 03       		.uleb128 0x3
 406 0033 08       		.uleb128 0x8
 407 0034 00       		.byte	0
 408 0035 00       		.byte	0
 409 0036 05       		.uleb128 0x5
 410 0037 2E       		.uleb128 0x2e
 411 0038 01       		.byte	0x1
 412 0039 3F       		.uleb128 0x3f
 413 003a 19       		.uleb128 0x19
 414 003b 03       		.uleb128 0x3
 415 003c 0E       		.uleb128 0xe
 416 003d 3A       		.uleb128 0x3a
 417 003e 0B       		.uleb128 0xb
 418 003f 3B       		.uleb128 0x3b
 419 0040 0B       		.uleb128 0xb
 420 0041 27       		.uleb128 0x27
 421 0042 19       		.uleb128 0x19
 422 0043 11       		.uleb128 0x11
 423 0044 01       		.uleb128 0x1
 424 0045 12       		.uleb128 0x12
 425 0046 06       		.uleb128 0x6
 426 0047 40       		.uleb128 0x40
 427 0048 18       		.uleb128 0x18
 428 0049 9742     		.uleb128 0x2117
 429 004b 19       		.uleb128 0x19
 430 004c 01       		.uleb128 0x1
 431 004d 13       		.uleb128 0x13
 432 004e 00       		.byte	0
 433 004f 00       		.byte	0
 434 0050 06       		.uleb128 0x6
 435 0051 898201   		.uleb128 0x4109
 436 0054 00       		.byte	0
 437 0055 11       		.uleb128 0x11
 438 0056 01       		.uleb128 0x1
 439 0057 31       		.uleb128 0x31
 440 0058 13       		.uleb128 0x13
 441 0059 00       		.byte	0
 442 005a 00       		.byte	0
 443 005b 07       		.uleb128 0x7
 444 005c 2E       		.uleb128 0x2e
 445 005d 01       		.byte	0x1
 446 005e 3F       		.uleb128 0x3f
 447 005f 19       		.uleb128 0x19
 448 0060 03       		.uleb128 0x3
 449 0061 0E       		.uleb128 0xe
 450 0062 3A       		.uleb128 0x3a
 451 0063 0B       		.uleb128 0xb
 452 0064 3B       		.uleb128 0x3b
 453 0065 0B       		.uleb128 0xb
 454 0066 27       		.uleb128 0x27
ARM GAS  C:\Users\simhj\AppData\Local\Temp\ccqJGhec.s 			page 10


 455 0067 19       		.uleb128 0x19
 456 0068 49       		.uleb128 0x49
 457 0069 13       		.uleb128 0x13
 458 006a 8701     		.uleb128 0x87
 459 006c 19       		.uleb128 0x19
 460 006d 11       		.uleb128 0x11
 461 006e 01       		.uleb128 0x1
 462 006f 12       		.uleb128 0x12
 463 0070 06       		.uleb128 0x6
 464 0071 40       		.uleb128 0x40
 465 0072 18       		.uleb128 0x18
 466 0073 9742     		.uleb128 0x2117
 467 0075 19       		.uleb128 0x19
 468 0076 01       		.uleb128 0x1
 469 0077 13       		.uleb128 0x13
 470 0078 00       		.byte	0
 471 0079 00       		.byte	0
 472 007a 08       		.uleb128 0x8
 473 007b 898201   		.uleb128 0x4109
 474 007e 01       		.byte	0x1
 475 007f 11       		.uleb128 0x11
 476 0080 01       		.uleb128 0x1
 477 0081 31       		.uleb128 0x31
 478 0082 13       		.uleb128 0x13
 479 0083 01       		.uleb128 0x1
 480 0084 13       		.uleb128 0x13
 481 0085 00       		.byte	0
 482 0086 00       		.byte	0
 483 0087 09       		.uleb128 0x9
 484 0088 8A8201   		.uleb128 0x410a
 485 008b 00       		.byte	0
 486 008c 02       		.uleb128 0x2
 487 008d 18       		.uleb128 0x18
 488 008e 9142     		.uleb128 0x2111
 489 0090 18       		.uleb128 0x18
 490 0091 00       		.byte	0
 491 0092 00       		.byte	0
 492 0093 0A       		.uleb128 0xa
 493 0094 898201   		.uleb128 0x4109
 494 0097 01       		.byte	0x1
 495 0098 11       		.uleb128 0x11
 496 0099 01       		.uleb128 0x1
 497 009a 31       		.uleb128 0x31
 498 009b 13       		.uleb128 0x13
 499 009c 00       		.byte	0
 500 009d 00       		.byte	0
 501 009e 0B       		.uleb128 0xb
 502 009f 34       		.uleb128 0x34
 503 00a0 00       		.byte	0
 504 00a1 03       		.uleb128 0x3
 505 00a2 0E       		.uleb128 0xe
 506 00a3 3A       		.uleb128 0x3a
 507 00a4 0B       		.uleb128 0xb
 508 00a5 3B       		.uleb128 0x3b
 509 00a6 05       		.uleb128 0x5
 510 00a7 49       		.uleb128 0x49
 511 00a8 13       		.uleb128 0x13
ARM GAS  C:\Users\simhj\AppData\Local\Temp\ccqJGhec.s 			page 11


 512 00a9 3F       		.uleb128 0x3f
 513 00aa 19       		.uleb128 0x19
 514 00ab 3C       		.uleb128 0x3c
 515 00ac 19       		.uleb128 0x19
 516 00ad 00       		.byte	0
 517 00ae 00       		.byte	0
 518 00af 0C       		.uleb128 0xc
 519 00b0 35       		.uleb128 0x35
 520 00b1 00       		.byte	0
 521 00b2 49       		.uleb128 0x49
 522 00b3 13       		.uleb128 0x13
 523 00b4 00       		.byte	0
 524 00b5 00       		.byte	0
 525 00b6 0D       		.uleb128 0xd
 526 00b7 34       		.uleb128 0x34
 527 00b8 00       		.byte	0
 528 00b9 03       		.uleb128 0x3
 529 00ba 0E       		.uleb128 0xe
 530 00bb 3A       		.uleb128 0x3a
 531 00bc 0B       		.uleb128 0xb
 532 00bd 3B       		.uleb128 0x3b
 533 00be 0B       		.uleb128 0xb
 534 00bf 49       		.uleb128 0x49
 535 00c0 13       		.uleb128 0x13
 536 00c1 3F       		.uleb128 0x3f
 537 00c2 19       		.uleb128 0x19
 538 00c3 02       		.uleb128 0x2
 539 00c4 18       		.uleb128 0x18
 540 00c5 00       		.byte	0
 541 00c6 00       		.byte	0
 542 00c7 0E       		.uleb128 0xe
 543 00c8 2E       		.uleb128 0x2e
 544 00c9 00       		.byte	0
 545 00ca 3F       		.uleb128 0x3f
 546 00cb 19       		.uleb128 0x19
 547 00cc 3C       		.uleb128 0x3c
 548 00cd 19       		.uleb128 0x19
 549 00ce 6E       		.uleb128 0x6e
 550 00cf 0E       		.uleb128 0xe
 551 00d0 03       		.uleb128 0x3
 552 00d1 0E       		.uleb128 0xe
 553 00d2 3A       		.uleb128 0x3a
 554 00d3 0B       		.uleb128 0xb
 555 00d4 3B       		.uleb128 0x3b
 556 00d5 0B       		.uleb128 0xb
 557 00d6 00       		.byte	0
 558 00d7 00       		.byte	0
 559 00d8 00       		.byte	0
 560              		.section	.debug_aranges,"",%progbits
 561 0000 24000000 		.4byte	0x24
 562 0004 0200     		.2byte	0x2
 563 0006 00000000 		.4byte	.Ldebug_info0
 564 000a 04       		.byte	0x4
 565 000b 00       		.byte	0
 566 000c 0000     		.2byte	0
 567 000e 0000     		.2byte	0
 568 0010 00000000 		.4byte	.LFB64
ARM GAS  C:\Users\simhj\AppData\Local\Temp\ccqJGhec.s 			page 12


 569 0014 14000000 		.4byte	.LFE64-.LFB64
 570 0018 00000000 		.4byte	.LFB63
 571 001c 44000000 		.4byte	.LFE63-.LFB63
 572 0020 00000000 		.4byte	0
 573 0024 00000000 		.4byte	0
 574              		.section	.debug_ranges,"",%progbits
 575              	.Ldebug_ranges0:
 576 0000 00000000 		.4byte	.LFB64
 577 0004 14000000 		.4byte	.LFE64
 578 0008 00000000 		.4byte	.LFB63
 579 000c 44000000 		.4byte	.LFE63
 580 0010 00000000 		.4byte	0
 581 0014 00000000 		.4byte	0
 582              		.section	.debug_line,"",%progbits
 583              	.Ldebug_line0:
 584 0000 A4010000 		.section	.debug_str,"MS",%progbits,1
 584      02007501 
 584      00000201 
 584      FB0E0D00 
 584      01010101 
 585              	.LASF4:
 586 0000 5F5F7569 		.ascii	"__uint8_t\000"
 586      6E74385F 
 586      7400
 587              	.LASF5:
 588 000a 5F5F696E 		.ascii	"__int32_t\000"
 588      7433325F 
 588      7400
 589              	.LASF29:
 590 0014 473A5C4D 		.ascii	"G:\\My Drive\\AU\\SW\\2semester\\GFV\\210929 ComBus"
 590      79204472 
 590      6976655C 
 590      41555C53 
 590      575C3273 
 591 0041 73657320 		.ascii	"ses pt2\\GFVAflevering2\\Project\\Lab2\\Opgave2_SPI"
 591      7074325C 
 591      47465641 
 591      666C6576 
 591      6572696E 
 592 0070 5F536C61 		.ascii	"_Slave.cydsn\000"
 592      76652E63 
 592      7964736E 
 592      00
 593              	.LASF26:
 594 007d 50696E5F 		.ascii	"Pin_LED1_Write\000"
 594      4C454431 
 594      5F577269 
 594      746500
 595              	.LASF21:
 596 008c 55415254 		.ascii	"UART_CT_PutChar\000"
 596      5F43545F 
 596      50757443 
 596      68617200 
 597              	.LASF14:
 598 009c 646F7562 		.ascii	"double\000"
 598      6C6500
 599              	.LASF22:
ARM GAS  C:\Users\simhj\AppData\Local\Temp\ccqJGhec.s 			page 13


 600 00a3 55415254 		.ascii	"UART_CT_Start\000"
 600      5F43545F 
 600      53746172 
 600      7400
 601              	.LASF25:
 602 00b1 55415254 		.ascii	"UART_CT_PutString\000"
 602      5F43545F 
 602      50757453 
 602      7472696E 
 602      6700
 603              	.LASF13:
 604 00c3 666C6F61 		.ascii	"float\000"
 604      7400
 605              	.LASF1:
 606 00c9 756E7369 		.ascii	"unsigned char\000"
 606      676E6564 
 606      20636861 
 606      7200
 607              	.LASF27:
 608 00d7 474E5520 		.ascii	"GNU C11 5.4.1 20160609 (release) [ARM/embedded-5-br"
 608      43313120 
 608      352E342E 
 608      31203230 
 608      31363036 
 609 010a 616E6368 		.ascii	"anch revision 237715] -mcpu=cortex-m3 -mthumb -g -O"
 609      20726576 
 609      6973696F 
 609      6E203233 
 609      37373135 
 610 013d 67202D66 		.ascii	"g -ffunction-sections -ffat-lto-objects\000"
 610      66756E63 
 610      74696F6E 
 610      2D736563 
 610      74696F6E 
 611              	.LASF7:
 612 0165 6C6F6E67 		.ascii	"long unsigned int\000"
 612      20756E73 
 612      69676E65 
 612      6420696E 
 612      7400
 613              	.LASF3:
 614 0177 73686F72 		.ascii	"short unsigned int\000"
 614      7420756E 
 614      7369676E 
 614      65642069 
 614      6E7400
 615              	.LASF18:
 616 018a 49544D5F 		.ascii	"ITM_RxBuffer\000"
 616      52784275 
 616      66666572 
 616      00
 617              	.LASF19:
 618 0197 44617461 		.ascii	"DataReceived\000"
 618      52656365 
 618      69766564 
 618      00
 619              	.LASF24:
ARM GAS  C:\Users\simhj\AppData\Local\Temp\ccqJGhec.s 			page 14


 620 01a4 6973725F 		.ascii	"isr_SPI_rx_StartEx\000"
 620      5350495F 
 620      72785F53 
 620      74617274 
 620      457800
 621              	.LASF31:
 622 01b7 6D61696E 		.ascii	"main\000"
 622      00
 623              	.LASF10:
 624 01bc 756E7369 		.ascii	"unsigned int\000"
 624      676E6564 
 624      20696E74 
 624      00
 625              	.LASF9:
 626 01c9 6C6F6E67 		.ascii	"long long unsigned int\000"
 626      206C6F6E 
 626      6720756E 
 626      7369676E 
 626      65642069 
 627              	.LASF11:
 628 01e0 75696E74 		.ascii	"uint8_t\000"
 628      385F7400 
 629              	.LASF30:
 630 01e8 5350495F 		.ascii	"SPI_Rx_Handler\000"
 630      52785F48 
 630      616E646C 
 630      657200
 631              	.LASF12:
 632 01f7 696E7433 		.ascii	"int32_t\000"
 632      325F7400 
 633              	.LASF17:
 634 01ff 73697A65 		.ascii	"sizetype\000"
 634      74797065 
 634      00
 635              	.LASF8:
 636 0208 6C6F6E67 		.ascii	"long long int\000"
 636      206C6F6E 
 636      6720696E 
 636      7400
 637              	.LASF20:
 638 0216 5350495F 		.ascii	"SPI_S_ReadRxData\000"
 638      535F5265 
 638      61645278 
 638      44617461 
 638      00
 639              	.LASF28:
 640 0227 6D61696E 		.ascii	"main.c\000"
 640      2E6300
 641              	.LASF15:
 642 022e 63686172 		.ascii	"char\000"
 642      00
 643              	.LASF2:
 644 0233 73686F72 		.ascii	"short int\000"
 644      7420696E 
 644      7400
 645              	.LASF6:
 646 023d 6C6F6E67 		.ascii	"long int\000"
ARM GAS  C:\Users\simhj\AppData\Local\Temp\ccqJGhec.s 			page 15


 646      20696E74 
 646      00
 647              	.LASF16:
 648 0246 6C6F6E67 		.ascii	"long double\000"
 648      20646F75 
 648      626C6500 
 649              	.LASF23:
 650 0252 5350495F 		.ascii	"SPI_S_Start\000"
 650      535F5374 
 650      61727400 
 651              	.LASF0:
 652 025e 7369676E 		.ascii	"signed char\000"
 652      65642063 
 652      68617200 
 653              		.ident	"GCC: (GNU Tools for ARM Embedded Processors) 5.4.1 20160609 (release) [ARM/embedded-5-bran
